<?xml version="1.0" encoding="UTF-8"?>
<!DOCTYPE coverage SYSTEM "https://raw.githubusercontent.com/cobertura/cobertura/master/cobertura/src/site/htdocs/xml/coverage-04.dtd">
<coverage line-rate="0.872042068361087" branch-rate="0" lines-covered="1990" lines-valid="2282" branches-covered="0" branches-valid="0" complexity="0" version="3.6.5" timestamp="2026-07-28 02:32:14.314944">
  <sources>
    <source>/__w/autoslider.core/autoslider.core/autoslider.core</source>
  </sources>
  <packages>
    <package name="autoslider.core" line-rate="0.872042068361087" branch-rate="0" complexity="0">
      <classes>
        <class name="ai.R" filename="R/ai.R" line-rate="0" branch-rate="0" complexity="0">
          <methods>
            <method name="get_deepseek_key" signature="" line-rate="0" branch-rate="0" complexity="0">
              <lines>
                <line number="2" hits="0" branch="false"/>
              </lines>
            </method>
            <method name="get_portkey_key" signature="" line-rate="0" branch-rate="0" complexity="0">
              <lines>
                <line number="6" hits="0" branch="false"/>
              </lines>
            </method>
            <method name="get_system_prompt" signature="" line-rate="0" branch-rate="0" complexity="0">
              <lines>
                <line number="10" hits="0" branch="false"/>
              </lines>
            </method>
            <method name="get_ellmer_chat" signature="" line-rate="0" branch-rate="0" complexity="0">
              <lines>
                <line number="26" hits="0" branch="false"/>
                <line number="27" hits="0" branch="false"/>
                <line number="28" hits="0" branch="false"/>
                <line number="29" hits="0" branch="false"/>
                <line number="30" hits="0" branch="false"/>
                <line number="31" hits="0" branch="false"/>
                <line number="32" hits="0" branch="false"/>
                <line number="33" hits="0" branch="false"/>
                <line number="34" hits="0" branch="false"/>
                <line number="35" hits="0" branch="false"/>
                <line number="36" hits="0" branch="false"/>
                <line number="37" hits="0" branch="false"/>
                <line number="38" hits="0" branch="false"/>
                <line number="39" hits="0" branch="false"/>
                <line number="40" hits="0" branch="false"/>
                <line number="41" hits="0" branch="false"/>
                <line number="42" hits="0" branch="false"/>
                <line number="43" hits="0" branch="false"/>
                <line number="44" hits="0" branch="false"/>
                <line number="45" hits="0" branch="false"/>
                <line number="46" hits="0" branch="false"/>
                <line number="47" hits="0" branch="false"/>
                <line number="48" hits="0" branch="false"/>
                <line number="49" hits="0" branch="false"/>
                <line number="50" hits="0" branch="false"/>
                <line number="51" hits="0" branch="false"/>
                <line number="52" hits="0" branch="false"/>
                <line number="53" hits="0" branch="false"/>
                <line number="56" hits="0" branch="false"/>
              </lines>
            </method>
            <method name="get_prompt_list" signature="" line-rate="0" branch-rate="0" complexity="0">
              <lines>
                <line number="65" hits="0" branch="false"/>
                <line number="66" hits="0" branch="false"/>
                <line number="67" hits="0" branch="false"/>
                <line number="68" hits="0" branch="false"/>
                <line number="69" hits="0" branch="false"/>
                <line number="70" hits="0" branch="false"/>
              </lines>
            </method>
            <method name="integrate_prompt" signature="" line-rate="0" branch-rate="0" complexity="0">
              <lines>
                <line number="76" hits="0" branch="false"/>
                <line number="77" hits="0" branch="false"/>
                <line number="78" hits="0" branch="false"/>
                <line number="79" hits="0" branch="false"/>
                <line number="80" hits="0" branch="false"/>
                <line number="81" hits="0" branch="false"/>
              </lines>
            </method>
            <method name="get_ai_notes" signature="" line-rate="0" branch-rate="0" complexity="0">
              <lines>
                <line number="95" hits="0" branch="false"/>
                <line number="96" hits="0" branch="false"/>
                <line number="97" hits="0" branch="false"/>
                <line number="98" hits="0" branch="false"/>
                <line number="99" hits="0" branch="false"/>
                <line number="100" hits="0" branch="false"/>
                <line number="101" hits="0" branch="false"/>
                <line number="102" hits="0" branch="false"/>
                <line number="103" hits="0" branch="false"/>
                <line number="104" hits="0" branch="false"/>
                <line number="105" hits="0" branch="false"/>
                <line number="106" hits="0" branch="false"/>
                <line number="107" hits="0" branch="false"/>
                <line number="108" hits="0" branch="false"/>
                <line number="109" hits="0" branch="false"/>
                <line number="110" hits="0" branch="false"/>
                <line number="111" hits="0" branch="false"/>
                <line number="112" hits="0" branch="false"/>
              </lines>
            </method>
          </methods>
          <lines>
            <line number="2" hits="0" branch="false"/>
            <line number="6" hits="0" branch="false"/>
            <line number="10" hits="0" branch="false"/>
            <line number="26" hits="0" branch="false"/>
            <line number="27" hits="0" branch="false"/>
            <line number="28" hits="0" branch="false"/>
            <line number="29" hits="0" branch="false"/>
            <line number="30" hits="0" branch="false"/>
            <line number="31" hits="0" branch="false"/>
            <line number="32" hits="0" branch="false"/>
            <line number="33" hits="0" branch="false"/>
            <line number="34" hits="0" branch="false"/>
            <line number="35" hits="0" branch="false"/>
            <line number="36" hits="0" branch="false"/>
            <line number="37" hits="0" branch="false"/>
            <line number="38" hits="0" branch="false"/>
            <line number="39" hits="0" branch="false"/>
            <line number="40" hits="0" branch="false"/>
            <line number="41" hits="0" branch="false"/>
            <line number="42" hits="0" branch="false"/>
            <line number="43" hits="0" branch="false"/>
            <line number="44" hits="0" branch="false"/>
            <line number="45" hits="0" branch="false"/>
            <line number="46" hits="0" branch="false"/>
            <line number="47" hits="0" branch="false"/>
            <line number="48" hits="0" branch="false"/>
            <line number="49" hits="0" branch="false"/>
            <line number="50" hits="0" branch="false"/>
            <line number="51" hits="0" branch="false"/>
            <line number="52" hits="0" branch="false"/>
            <line number="53" hits="0" branch="false"/>
            <line number="56" hits="0" branch="false"/>
            <line number="65" hits="0" branch="false"/>
            <line number="66" hits="0" branch="false"/>
            <line number="67" hits="0" branch="false"/>
            <line number="68" hits="0" branch="false"/>
            <line number="69" hits="0" branch="false"/>
            <line number="70" hits="0" branch="false"/>
            <line number="76" hits="0" branch="false"/>
            <line number="77" hits="0" branch="false"/>
            <line number="78" hits="0" branch="false"/>
            <line number="79" hits="0" branch="false"/>
            <line number="80" hits="0" branch="false"/>
            <line number="81" hits="0" branch="false"/>
            <line number="95" hits="0" branch="false"/>
            <line number="96" hits="0" branch="false"/>
            <line number="97" hits="0" branch="false"/>
            <line number="98" hits="0" branch="false"/>
            <line number="99" hits="0" branch="false"/>
            <line number="100" hits="0" branch="false"/>
            <line number="101" hits="0" branch="false"/>
            <line number="102" hits="0" branch="false"/>
            <line number="103" hits="0" branch="false"/>
            <line number="104" hits="0" branch="false"/>
            <line number="105" hits="0" branch="false"/>
            <line number="106" hits="0" branch="false"/>
            <line number="107" hits="0" branch="false"/>
            <line number="108" hits="0" branch="false"/>
            <line number="109" hits="0" branch="false"/>
            <line number="110" hits="0" branch="false"/>
            <line number="111" hits="0" branch="false"/>
            <line number="112" hits="0" branch="false"/>
          </lines>
        </class>
        <class name="appendix.R" filename="R/appendix.R" line-rate="1" branch-rate="0" complexity="0">
          <methods>
            <method name="initialize_to_page" signature="" line-rate="1" branch-rate="0" complexity="0">
              <lines>
                <line number="22" hits="11" branch="false"/>
                <line number="23" hits="11" branch="false"/>
                <line number="24" hits="4" branch="false"/>
                <line number="26" hits="11" branch="false"/>
                <line number="27" hits="1" branch="false"/>
                <line number="30" hits="11" branch="false"/>
                <line number="31" hits="9" branch="false"/>
              </lines>
            </method>
            <method name="postprocessing_doc" signature="" line-rate="1" branch-rate="0" complexity="0">
              <lines>
                <line number="57" hits="12" branch="false"/>
                <line number="58" hits="4" branch="false"/>
                <line number="59" hits="4" branch="false"/>
                <line number="61" hits="4" branch="false"/>
                <line number="62" hits="4" branch="false"/>
                <line number="65" hits="4" branch="false"/>
                <line number="66" hits="4" branch="false"/>
                <line number="69" hits="11" branch="false"/>
              </lines>
            </method>
            <method name="initialize_doc_original" signature="" line-rate="1" branch-rate="0" complexity="0">
              <lines>
                <line number="93" hits="13" branch="false"/>
                <line number="94" hits="6" branch="false"/>
                <line number="96" hits="13" branch="false"/>
              </lines>
            </method>
            <method name="append_title_slides" signature="" line-rate="1" branch-rate="0" complexity="0">
              <lines>
                <line number="137" hits="4" branch="false"/>
                <line number="139" hits="4" branch="false"/>
                <line number="141" hits="4" branch="false"/>
                <line number="142" hits="4" branch="false"/>
                <line number="143" hits="4" branch="false"/>
                <line number="144" hits="4" branch="false"/>
                <line number="145" hits="4" branch="false"/>
                <line number="146" hits="4" branch="false"/>
                <line number="147" hits="4" branch="false"/>
                <line number="148" hits="4" branch="false"/>
                <line number="149" hits="4" branch="false"/>
                <line number="150" hits="4" branch="false"/>
                <line number="151" hits="4" branch="false"/>
                <line number="153" hits="4" branch="false"/>
                <line number="155" hits="4" branch="false"/>
              </lines>
            </method>
            <method name="append_section_header_slides" signature="" line-rate="1" branch-rate="0" complexity="0">
              <lines>
                <line number="199" hits="4" branch="false"/>
                <line number="201" hits="4" branch="false"/>
                <line number="203" hits="3" branch="false"/>
                <line number="204" hits="3" branch="false"/>
                <line number="205" hits="3" branch="false"/>
                <line number="206" hits="3" branch="false"/>
                <line number="207" hits="3" branch="false"/>
                <line number="208" hits="3" branch="false"/>
                <line number="209" hits="3" branch="false"/>
                <line number="211" hits="3" branch="false"/>
                <line number="213" hits="3" branch="false"/>
              </lines>
            </method>
            <method name="append_all_slides" signature="" line-rate="1" branch-rate="0" complexity="0">
              <lines>
                <line number="261" hits="3" branch="false"/>
                <line number="264" hits="3" branch="false"/>
                <line number="265" hits="6" branch="false"/>
                <line number="268" hits="6" branch="false"/>
                <line number="269" hits="3" branch="false"/>
                <line number="270" hits="3" branch="false"/>
                <line number="271" hits="3" branch="false"/>
                <line number="272" hits="3" branch="false"/>
                <line number="273" hits="3" branch="false"/>
                <line number="274" hits="3" branch="false"/>
                <line number="275" hits="3" branch="false"/>
                <line number="276" hits="3" branch="false"/>
                <line number="277" hits="3" branch="false"/>
                <line number="278" hits="3" branch="false"/>
                <line number="279" hits="3" branch="false"/>
                <line number="280" hits="3" branch="false"/>
                <line number="281" hits="3" branch="false"/>
                <line number="282" hits="3" branch="false"/>
                <line number="283" hits="3" branch="false"/>
                <line number="287" hits="2" branch="false"/>
                <line number="289" hits="2" branch="false"/>
              </lines>
            </method>
          </methods>
          <lines>
            <line number="22" hits="11" branch="false"/>
            <line number="23" hits="11" branch="false"/>
            <line number="24" hits="4" branch="false"/>
            <line number="26" hits="11" branch="false"/>
            <line number="27" hits="1" branch="false"/>
            <line number="30" hits="11" branch="false"/>
            <line number="31" hits="9" branch="false"/>
            <line number="57" hits="12" branch="false"/>
            <line number="58" hits="4" branch="false"/>
            <line number="59" hits="4" branch="false"/>
            <line number="61" hits="4" branch="false"/>
            <line number="62" hits="4" branch="false"/>
            <line number="65" hits="4" branch="false"/>
            <line number="66" hits="4" branch="false"/>
            <line number="69" hits="11" branch="false"/>
            <line number="93" hits="13" branch="false"/>
            <line number="94" hits="6" branch="false"/>
            <line number="96" hits="13" branch="false"/>
            <line number="137" hits="4" branch="false"/>
            <line number="139" hits="4" branch="false"/>
            <line number="141" hits="4" branch="false"/>
            <line number="142" hits="4" branch="false"/>
            <line number="143" hits="4" branch="false"/>
            <line number="144" hits="4" branch="false"/>
            <line number="145" hits="4" branch="false"/>
            <line number="146" hits="4" branch="false"/>
            <line number="147" hits="4" branch="false"/>
            <line number="148" hits="4" branch="false"/>
            <line number="149" hits="4" branch="false"/>
            <line number="150" hits="4" branch="false"/>
            <line number="151" hits="4" branch="false"/>
            <line number="153" hits="4" branch="false"/>
            <line number="155" hits="4" branch="false"/>
            <line number="199" hits="4" branch="false"/>
            <line number="201" hits="4" branch="false"/>
            <line number="203" hits="3" branch="false"/>
            <line number="204" hits="3" branch="false"/>
            <line number="205" hits="3" branch="false"/>
            <line number="206" hits="3" branch="false"/>
            <line number="207" hits="3" branch="false"/>
            <line number="208" hits="3" branch="false"/>
            <line number="209" hits="3" branch="false"/>
            <line number="211" hits="3" branch="false"/>
            <line number="213" hits="3" branch="false"/>
            <line number="261" hits="3" branch="false"/>
            <line number="264" hits="3" branch="false"/>
            <line number="265" hits="6" branch="false"/>
            <line number="268" hits="6" branch="false"/>
            <line number="269" hits="3" branch="false"/>
            <line number="270" hits="3" branch="false"/>
            <line number="271" hits="3" branch="false"/>
            <line number="272" hits="3" branch="false"/>
            <line number="273" hits="3" branch="false"/>
            <line number="274" hits="3" branch="false"/>
            <line number="275" hits="3" branch="false"/>
            <line number="276" hits="3" branch="false"/>
            <line number="277" hits="3" branch="false"/>
            <line number="278" hits="3" branch="false"/>
            <line number="279" hits="3" branch="false"/>
            <line number="280" hits="3" branch="false"/>
            <line number="281" hits="3" branch="false"/>
            <line number="282" hits="3" branch="false"/>
            <line number="283" hits="3" branch="false"/>
            <line number="287" hits="2" branch="false"/>
            <line number="289" hits="2" branch="false"/>
          </lines>
        </class>
        <class name="assert.R" filename="R/assert.R" line-rate="0.961538461538462" branch-rate="0" complexity="0">
          <methods>
            <method name="abort" signature="" line-rate="1" branch-rate="0" complexity="0">
              <lines>
                <line number="2" hits="13" branch="false"/>
              </lines>
            </method>
            <method name="assert_is_character_scalar" signature="" line-rate="1" branch-rate="0" complexity="0">
              <lines>
                <line number="6" hits="178" branch="false"/>
                <line number="7" hits="5" branch="false"/>
              </lines>
            </method>
            <method name="assert_is_valid_version_label" signature="" line-rate="0.5" branch-rate="0" complexity="0">
              <lines>
                <line number="12" hits="2" branch="false"/>
                <line number="13" hits="0" branch="false"/>
              </lines>
            </method>
            <method name="assert_exists_in_spec_or_calling_env" signature="" line-rate="1" branch-rate="0" complexity="0">
              <lines>
                <line number="19" hits="108" branch="false"/>
                <line number="21" hits="108" branch="false"/>
                <line number="23" hits="108" branch="false"/>
                <line number="26" hits="108" branch="false"/>
                <line number="27" hits="108" branch="false"/>
                <line number="28" hits="1" branch="false"/>
                <line number="29" hits="1" branch="false"/>
                <line number="30" hits="1" branch="false"/>
                <line number="31" hits="1" branch="false"/>
                <line number="32" hits="1" branch="false"/>
                <line number="33" hits="1" branch="false"/>
                <line number="34" hits="1" branch="false"/>
                <line number="35" hits="1" branch="false"/>
                <line number="36" hits="1" branch="false"/>
                <line number="37" hits="1" branch="false"/>
              </lines>
            </method>
            <method name="assert_is_valid_filter_result" signature="" line-rate="1" branch-rate="0" complexity="0">
              <lines>
                <line number="42" hits="113" branch="false"/>
                <line number="43" hits="6" branch="false"/>
                <line number="44" hits="6" branch="false"/>
                <line number="45" hits="6" branch="false"/>
                <line number="46" hits="6" branch="false"/>
                <line number="47" hits="6" branch="false"/>
              </lines>
            </method>
          </methods>
          <lines>
            <line number="2" hits="13" branch="false"/>
            <line number="6" hits="178" branch="false"/>
            <line number="7" hits="5" branch="false"/>
            <line number="12" hits="2" branch="false"/>
            <line number="13" hits="0" branch="false"/>
            <line number="19" hits="108" branch="false"/>
            <line number="21" hits="108" branch="false"/>
            <line number="23" hits="108" branch="false"/>
            <line number="26" hits="108" branch="false"/>
            <line number="27" hits="108" branch="false"/>
            <line number="28" hits="1" branch="false"/>
            <line number="29" hits="1" branch="false"/>
            <line number="30" hits="1" branch="false"/>
            <line number="31" hits="1" branch="false"/>
            <line number="32" hits="1" branch="false"/>
            <line number="33" hits="1" branch="false"/>
            <line number="34" hits="1" branch="false"/>
            <line number="35" hits="1" branch="false"/>
            <line number="36" hits="1" branch="false"/>
            <line number="37" hits="1" branch="false"/>
            <line number="42" hits="113" branch="false"/>
            <line number="43" hits="6" branch="false"/>
            <line number="44" hits="6" branch="false"/>
            <line number="45" hits="6" branch="false"/>
            <line number="46" hits="6" branch="false"/>
            <line number="47" hits="6" branch="false"/>
          </lines>
        </class>
        <class name="autoslideR_error.R" filename="R/autoslideR_error.R" line-rate="1" branch-rate="0" complexity="0">
          <methods>
            <method name="autoslider_error" signature="" line-rate="1" branch-rate="0" complexity="0">
              <lines>
                <line number="13" hits="1" branch="false"/>
                <line number="14" hits="1" branch="false"/>
                <line number="15" hits="1" branch="false"/>
                <line number="16" hits="1" branch="false"/>
                <line number="17" hits="1" branch="false"/>
                <line number="18" hits="1" branch="false"/>
                <line number="19" hits="1" branch="false"/>
              </lines>
            </method>
          </methods>
          <lines>
            <line number="13" hits="1" branch="false"/>
            <line number="14" hits="1" branch="false"/>
            <line number="15" hits="1" branch="false"/>
            <line number="16" hits="1" branch="false"/>
            <line number="17" hits="1" branch="false"/>
            <line number="18" hits="1" branch="false"/>
            <line number="19" hits="1" branch="false"/>
          </lines>
        </class>
        <class name="decorate.R" filename="R/decorate.R" line-rate="0.906832298136646" branch-rate="0" complexity="0">
          <methods>
            <method name="decorate" signature="" line-rate="1" branch-rate="0" complexity="0">
              <lines>
                <line number="6" hits="20" branch="false"/>
              </lines>
            </method>
            <method name="decorate.default" signature="" line-rate="1" branch-rate="0" complexity="0">
              <lines>
                <line number="15" hits="1" branch="false"/>
              </lines>
            </method>
            <method name="decorate.autoslider_error" signature="" line-rate="1" branch-rate="0" complexity="0">
              <lines>
                <line number="24" hits="1" branch="false"/>
              </lines>
            </method>
            <method name="decorate.VTableTree" signature="" line-rate="0.947368421052632" branch-rate="0" complexity="0">
              <lines>
                <line number="39" hits="18" branch="false"/>
                <line number="40" hits="18" branch="false"/>
                <line number="42" hits="18" branch="false"/>
                <line number="43" hits="18" branch="false"/>
                <line number="45" hits="0" branch="false"/>
                <line number="48" hits="18" branch="false"/>
                <line number="49" hits="18" branch="false"/>
                <line number="51" hits="18" branch="false"/>
                <line number="52" hits="18" branch="false"/>
                <line number="53" hits="18" branch="false"/>
                <line number="55" hits="18" branch="false"/>
                <line number="56" hits="18" branch="false"/>
                <line number="57" hits="18" branch="false"/>
                <line number="58" hits="18" branch="false"/>
                <line number="59" hits="18" branch="false"/>
                <line number="60" hits="18" branch="false"/>
                <line number="61" hits="18" branch="false"/>
                <line number="62" hits="18" branch="false"/>
                <line number="63" hits="18" branch="false"/>
              </lines>
            </method>
            <method name="decorate.ggplot" signature="" line-rate="1" branch-rate="0" complexity="0">
              <lines>
                <line number="81" hits="5" branch="false"/>
                <line number="84" hits="5" branch="false"/>
                <line number="85" hits="5" branch="false"/>
                <line number="88" hits="5" branch="false"/>
                <line number="89" hits="5" branch="false"/>
                <line number="90" hits="5" branch="false"/>
                <line number="91" hits="5" branch="false"/>
                <line number="92" hits="5" branch="false"/>
                <line number="93" hits="5" branch="false"/>
                <line number="94" hits="5" branch="false"/>
                <line number="95" hits="5" branch="false"/>
                <line number="96" hits="5" branch="false"/>
                <line number="97" hits="5" branch="false"/>
              </lines>
            </method>
            <method name="decorate.listing_df" signature="" line-rate="0.947368421052632" branch-rate="0" complexity="0">
              <lines>
                <line number="113" hits="1" branch="false"/>
                <line number="114" hits="1" branch="false"/>
                <line number="116" hits="1" branch="false"/>
                <line number="117" hits="1" branch="false"/>
                <line number="119" hits="0" branch="false"/>
                <line number="122" hits="1" branch="false"/>
                <line number="123" hits="1" branch="false"/>
                <line number="125" hits="1" branch="false"/>
                <line number="126" hits="1" branch="false"/>
                <line number="127" hits="1" branch="false"/>
                <line number="128" hits="1" branch="false"/>
                <line number="129" hits="1" branch="false"/>
                <line number="130" hits="1" branch="false"/>
                <line number="131" hits="1" branch="false"/>
                <line number="132" hits="1" branch="false"/>
                <line number="133" hits="1" branch="false"/>
                <line number="134" hits="1" branch="false"/>
                <line number="135" hits="1" branch="false"/>
                <line number="136" hits="1" branch="false"/>
              </lines>
            </method>
            <method name="decorate.grob" signature="" line-rate="1" branch-rate="0" complexity="0">
              <lines>
                <line number="157" hits="2" branch="false"/>
                <line number="158" hits="2" branch="false"/>
                <line number="159" hits="2" branch="false"/>
                <line number="160" hits="2" branch="false"/>
                <line number="161" hits="2" branch="false"/>
                <line number="162" hits="2" branch="false"/>
                <line number="163" hits="2" branch="false"/>
                <line number="164" hits="2" branch="false"/>
                <line number="165" hits="2" branch="false"/>
                <line number="166" hits="2" branch="false"/>
                <line number="167" hits="2" branch="false"/>
              </lines>
            </method>
            <method name="decorate.gtsummary" signature="" line-rate="1" branch-rate="0" complexity="0">
              <lines>
                <line number="186" hits="1" branch="false"/>
                <line number="187" hits="1" branch="false"/>
                <line number="188" hits="1" branch="false"/>
                <line number="189" hits="1" branch="false"/>
                <line number="190" hits="1" branch="false"/>
                <line number="191" hits="1" branch="false"/>
                <line number="192" hits="1" branch="false"/>
                <line number="193" hits="1" branch="false"/>
                <line number="194" hits="1" branch="false"/>
              </lines>
            </method>
            <method name="decorate.list" signature="" line-rate="1" branch-rate="0" complexity="0">
              <lines>
                <line number="213" hits="1" branch="false"/>
                <line number="214" hits="1" branch="false"/>
                <line number="215" hits="1" branch="false"/>
                <line number="216" hits="1" branch="false"/>
                <line number="217" hits="1" branch="false"/>
                <line number="218" hits="1" branch="false"/>
                <line number="219" hits="1" branch="false"/>
                <line number="220" hits="1" branch="false"/>
                <line number="221" hits="1" branch="false"/>
                <line number="222" hits="1" branch="false"/>
                <line number="223" hits="1" branch="false"/>
                <line number="224" hits="1" branch="false"/>
                <line number="225" hits="1" branch="false"/>
                <line number="226" hits="1" branch="false"/>
                <line number="227" hits="1" branch="false"/>
                <line number="228" hits="1" branch="false"/>
                <line number="229" hits="1" branch="false"/>
                <line number="230" hits="1" branch="false"/>
                <line number="231" hits="1" branch="false"/>
                <line number="232" hits="1" branch="false"/>
                <line number="233" hits="1" branch="false"/>
                <line number="234" hits="1" branch="false"/>
                <line number="235" hits="1" branch="false"/>
                <line number="236" hits="1" branch="false"/>
              </lines>
            </method>
            <method name="decorate_outputs" signature="" line-rate="0.862068965517241" branch-rate="0" complexity="0">
              <lines>
                <line number="265" hits="2" branch="false"/>
                <line number="267" hits="2" branch="false"/>
                <line number="268" hits="2" branch="false"/>
                <line number="269" hits="0" branch="false"/>
                <line number="270" hits="2" branch="false"/>
                <line number="272" hits="2" branch="false"/>
                <line number="274" hits="2" branch="false"/>
                <line number="275" hits="2" branch="false"/>
                <line number="276" hits="0" branch="false"/>
                <line number="277" hits="0" branch="false"/>
                <line number="278" hits="0" branch="false"/>
                <line number="279" hits="0" branch="false"/>
                <line number="280" hits="0" branch="false"/>
                <line number="281" hits="0" branch="false"/>
                <line number="282" hits="2" branch="false"/>
                <line number="283" hits="2" branch="false"/>
                <line number="284" hits="2" branch="false"/>
                <line number="285" hits="2" branch="false"/>
                <line number="286" hits="2" branch="false"/>
                <line number="287" hits="2" branch="false"/>
                <line number="288" hits="2" branch="false"/>
                <line number="289" hits="2" branch="false"/>
                <line number="290" hits="2" branch="false"/>
                <line number="291" hits="2" branch="false"/>
                <line number="292" hits="2" branch="false"/>
                <line number="293" hits="2" branch="false"/>
                <line number="294" hits="2" branch="false"/>
                <line number="296" hits="2" branch="false"/>
                <line number="297" hits="2" branch="false"/>
                <line number="298" hits="1" branch="false"/>
                <line number="299" hits="1" branch="false"/>
                <line number="300" hits="1" branch="false"/>
                <line number="301" hits="1" branch="false"/>
                <line number="302" hits="1" branch="false"/>
                <line number="303" hits="2" branch="false"/>
                <line number="304" hits="2" branch="false"/>
                <line number="305" hits="2" branch="false"/>
                <line number="306" hits="2" branch="false"/>
                <line number="307" hits="2" branch="false"/>
                <line number="308" hits="2" branch="false"/>
                <line number="309" hits="2" branch="false"/>
                <line number="311" hits="2" branch="false"/>
                <line number="312" hits="2" branch="false"/>
                <line number="313" hits="2" branch="false"/>
                <line number="314" hits="0" branch="false"/>
                <line number="315" hits="2" branch="false"/>
                <line number="316" hits="2" branch="false"/>
                <line number="317" hits="2" branch="false"/>
                <line number="318" hits="2" branch="false"/>
                <line number="319" hits="2" branch="false"/>
                <line number="320" hits="2" branch="false"/>
                <line number="321" hits="2" branch="false"/>
                <line number="322" hits="2" branch="false"/>
                <line number="323" hits="2" branch="false"/>
                <line number="324" hits="2" branch="false"/>
                <line number="325" hits="2" branch="false"/>
                <line number="326" hits="2" branch="false"/>
                <line number="327" hits="2" branch="false"/>
              </lines>
            </method>
            <method name="print.decoratedGrob" signature="" line-rate="0" branch-rate="0" complexity="0">
              <lines>
                <line number="337" hits="0" branch="false"/>
                <line number="338" hits="0" branch="false"/>
              </lines>
            </method>
            <method name="print.decoratedGrobSet" signature="" line-rate="0" branch-rate="0" complexity="0">
              <lines>
                <line number="348" hits="0" branch="false"/>
                <line number="349" hits="0" branch="false"/>
                <line number="350" hits="0" branch="false"/>
              </lines>
            </method>
          </methods>
          <lines>
            <line number="6" hits="20" branch="false"/>
            <line number="15" hits="1" branch="false"/>
            <line number="24" hits="1" branch="false"/>
            <line number="39" hits="18" branch="false"/>
            <line number="40" hits="18" branch="false"/>
            <line number="42" hits="18" branch="false"/>
            <line number="43" hits="18" branch="false"/>
            <line number="45" hits="0" branch="false"/>
            <line number="48" hits="18" branch="false"/>
            <line number="49" hits="18" branch="false"/>
            <line number="51" hits="18" branch="false"/>
            <line number="52" hits="18" branch="false"/>
            <line number="53" hits="18" branch="false"/>
            <line number="55" hits="18" branch="false"/>
            <line number="56" hits="18" branch="false"/>
            <line number="57" hits="18" branch="false"/>
            <line number="58" hits="18" branch="false"/>
            <line number="59" hits="18" branch="false"/>
            <line number="60" hits="18" branch="false"/>
            <line number="61" hits="18" branch="false"/>
            <line number="62" hits="18" branch="false"/>
            <line number="63" hits="18" branch="false"/>
            <line number="81" hits="5" branch="false"/>
            <line number="84" hits="5" branch="false"/>
            <line number="85" hits="5" branch="false"/>
            <line number="88" hits="5" branch="false"/>
            <line number="89" hits="5" branch="false"/>
            <line number="90" hits="5" branch="false"/>
            <line number="91" hits="5" branch="false"/>
            <line number="92" hits="5" branch="false"/>
            <line number="93" hits="5" branch="false"/>
            <line number="94" hits="5" branch="false"/>
            <line number="95" hits="5" branch="false"/>
            <line number="96" hits="5" branch="false"/>
            <line number="97" hits="5" branch="false"/>
            <line number="113" hits="1" branch="false"/>
            <line number="114" hits="1" branch="false"/>
            <line number="116" hits="1" branch="false"/>
            <line number="117" hits="1" branch="false"/>
            <line number="119" hits="0" branch="false"/>
            <line number="122" hits="1" branch="false"/>
            <line number="123" hits="1" branch="false"/>
            <line number="125" hits="1" branch="false"/>
            <line number="126" hits="1" branch="false"/>
            <line number="127" hits="1" branch="false"/>
            <line number="128" hits="1" branch="false"/>
            <line number="129" hits="1" branch="false"/>
            <line number="130" hits="1" branch="false"/>
            <line number="131" hits="1" branch="false"/>
            <line number="132" hits="1" branch="false"/>
            <line number="133" hits="1" branch="false"/>
            <line number="134" hits="1" branch="false"/>
            <line number="135" hits="1" branch="false"/>
            <line number="136" hits="1" branch="false"/>
            <line number="157" hits="2" branch="false"/>
            <line number="158" hits="2" branch="false"/>
            <line number="159" hits="2" branch="false"/>
            <line number="160" hits="2" branch="false"/>
            <line number="161" hits="2" branch="false"/>
            <line number="162" hits="2" branch="false"/>
            <line number="163" hits="2" branch="false"/>
            <line number="164" hits="2" branch="false"/>
            <line number="165" hits="2" branch="false"/>
            <line number="166" hits="2" branch="false"/>
            <line number="167" hits="2" branch="false"/>
            <line number="186" hits="1" branch="false"/>
            <line number="187" hits="1" branch="false"/>
            <line number="188" hits="1" branch="false"/>
            <line number="189" hits="1" branch="false"/>
            <line number="190" hits="1" branch="false"/>
            <line number="191" hits="1" branch="false"/>
            <line number="192" hits="1" branch="false"/>
            <line number="193" hits="1" branch="false"/>
            <line number="194" hits="1" branch="false"/>
            <line number="213" hits="1" branch="false"/>
            <line number="214" hits="1" branch="false"/>
            <line number="215" hits="1" branch="false"/>
            <line number="216" hits="1" branch="false"/>
            <line number="217" hits="1" branch="false"/>
            <line number="218" hits="1" branch="false"/>
            <line number="219" hits="1" branch="false"/>
            <line number="220" hits="1" branch="false"/>
            <line number="221" hits="1" branch="false"/>
            <line number="222" hits="1" branch="false"/>
            <line number="223" hits="1" branch="false"/>
            <line number="224" hits="1" branch="false"/>
            <line number="225" hits="1" branch="false"/>
            <line number="226" hits="1" branch="false"/>
            <line number="227" hits="1" branch="false"/>
            <line number="228" hits="1" branch="false"/>
            <line number="229" hits="1" branch="false"/>
            <line number="230" hits="1" branch="false"/>
            <line number="231" hits="1" branch="false"/>
            <line number="232" hits="1" branch="false"/>
            <line number="233" hits="1" branch="false"/>
            <line number="234" hits="1" branch="false"/>
            <line number="235" hits="1" branch="false"/>
            <line number="236" hits="1" branch="false"/>
            <line number="265" hits="2" branch="false"/>
            <line number="267" hits="2" branch="false"/>
            <line number="268" hits="2" branch="false"/>
            <line number="269" hits="0" branch="false"/>
            <line number="270" hits="2" branch="false"/>
            <line number="272" hits="2" branch="false"/>
            <line number="274" hits="2" branch="false"/>
            <line number="275" hits="2" branch="false"/>
            <line number="276" hits="0" branch="false"/>
            <line number="277" hits="0" branch="false"/>
            <line number="278" hits="0" branch="false"/>
            <line number="279" hits="0" branch="false"/>
            <line number="280" hits="0" branch="false"/>
            <line number="281" hits="0" branch="false"/>
            <line number="282" hits="2" branch="false"/>
            <line number="283" hits="2" branch="false"/>
            <line number="284" hits="2" branch="false"/>
            <line number="285" hits="2" branch="false"/>
            <line number="286" hits="2" branch="false"/>
            <line number="287" hits="2" branch="false"/>
            <line number="288" hits="2" branch="false"/>
            <line number="289" hits="2" branch="false"/>
            <line number="290" hits="2" branch="false"/>
            <line number="291" hits="2" branch="false"/>
            <line number="292" hits="2" branch="false"/>
            <line number="293" hits="2" branch="false"/>
            <line number="294" hits="2" branch="false"/>
            <line number="296" hits="2" branch="false"/>
            <line number="297" hits="2" branch="false"/>
            <line number="298" hits="1" branch="false"/>
            <line number="299" hits="1" branch="false"/>
            <line number="300" hits="1" branch="false"/>
            <line number="301" hits="1" branch="false"/>
            <line number="302" hits="1" branch="false"/>
            <line number="303" hits="2" branch="false"/>
            <line number="304" hits="2" branch="false"/>
            <line number="305" hits="2" branch="false"/>
            <line number="306" hits="2" branch="false"/>
            <line number="307" hits="2" branch="false"/>
            <line number="308" hits="2" branch="false"/>
            <line number="309" hits="2" branch="false"/>
            <line number="311" hits="2" branch="false"/>
            <line number="312" hits="2" branch="false"/>
            <line number="313" hits="2" branch="false"/>
            <line number="314" hits="0" branch="false"/>
            <line number="315" hits="2" branch="false"/>
            <line number="316" hits="2" branch="false"/>
            <line number="317" hits="2" branch="false"/>
            <line number="318" hits="2" branch="false"/>
            <line number="319" hits="2" branch="false"/>
            <line number="320" hits="2" branch="false"/>
            <line number="321" hits="2" branch="false"/>
            <line number="322" hits="2" branch="false"/>
            <line number="323" hits="2" branch="false"/>
            <line number="324" hits="2" branch="false"/>
            <line number="325" hits="2" branch="false"/>
            <line number="326" hits="2" branch="false"/>
            <line number="327" hits="2" branch="false"/>
            <line number="337" hits="0" branch="false"/>
            <line number="338" hits="0" branch="false"/>
            <line number="348" hits="0" branch="false"/>
            <line number="349" hits="0" branch="false"/>
            <line number="350" hits="0" branch="false"/>
          </lines>
        </class>
        <class name="fastdocall.R" filename="R/fastdocall.R" line-rate="0.785714285714286" branch-rate="0" complexity="0">
          <methods>
            <method name="fastDoCall" signature="" line-rate="0.785714285714286" branch-rate="0" complexity="0">
              <lines>
                <line number="15" hits="41" branch="false"/>
                <line number="16" hits="0" branch="false"/>
                <line number="19" hits="41" branch="false"/>
                <line number="20" hits="0" branch="false"/>
                <line number="21" hits="0" branch="false"/>
                <line number="24" hits="41" branch="false"/>
                <line number="25" hits="41" branch="false"/>
                <line number="27" hits="41" branch="false"/>
                <line number="28" hits="41" branch="false"/>
                <line number="31" hits="41" branch="false"/>
                <line number="32" hits="1" branch="false"/>
                <line number="33" hits="1" branch="false"/>
                <line number="34" hits="1" branch="false"/>
                <line number="35" hits="1" branch="false"/>
                <line number="36" hits="1" branch="false"/>
                <line number="37" hits="0" branch="false"/>
                <line number="38" hits="1" branch="false"/>
                <line number="40" hits="1" branch="false"/>
                <line number="41" hits="40" branch="false"/>
                <line number="42" hits="40" branch="false"/>
                <line number="43" hits="40" branch="false"/>
                <line number="44" hits="40" branch="false"/>
                <line number="45" hits="0" branch="false"/>
                <line number="46" hits="0" branch="false"/>
                <line number="49" hits="41" branch="false"/>
                <line number="50" hits="41" branch="false"/>
                <line number="51" hits="41" branch="false"/>
                <line number="52" hits="41" branch="false"/>
              </lines>
            </method>
          </methods>
          <lines>
            <line number="15" hits="41" branch="false"/>
            <line number="16" hits="0" branch="false"/>
            <line number="19" hits="41" branch="false"/>
            <line number="20" hits="0" branch="false"/>
            <line number="21" hits="0" branch="false"/>
            <line number="24" hits="41" branch="false"/>
            <line number="25" hits="41" branch="false"/>
            <line number="27" hits="41" branch="false"/>
            <line number="28" hits="41" branch="false"/>
            <line number="31" hits="41" branch="false"/>
            <line number="32" hits="1" branch="false"/>
            <line number="33" hits="1" branch="false"/>
            <line number="34" hits="1" branch="false"/>
            <line number="35" hits="1" branch="false"/>
            <line number="36" hits="1" branch="false"/>
            <line number="37" hits="0" branch="false"/>
            <line number="38" hits="1" branch="false"/>
            <line number="40" hits="1" branch="false"/>
            <line number="41" hits="40" branch="false"/>
            <line number="42" hits="40" branch="false"/>
            <line number="43" hits="40" branch="false"/>
            <line number="44" hits="40" branch="false"/>
            <line number="45" hits="0" branch="false"/>
            <line number="46" hits="0" branch="false"/>
            <line number="49" hits="41" branch="false"/>
            <line number="50" hits="41" branch="false"/>
            <line number="51" hits="41" branch="false"/>
            <line number="52" hits="41" branch="false"/>
          </lines>
        </class>
        <class name="format_date.R" filename="R/format_date.R" line-rate="1" branch-rate="0" complexity="0">
          <methods>
            <method name="format_date" signature="" line-rate="1" branch-rate="0" complexity="0">
              <lines>
                <line number="34" hits="5" branch="false"/>
                <line number="35" hits="5" branch="false"/>
                <line number="36" hits="5" branch="false"/>
                <line number="37" hits="5" branch="false"/>
                <line number="38" hits="5" branch="false"/>
                <line number="39" hits="5" branch="false"/>
                <line number="40" hits="5" branch="false"/>
                <line number="41" hits="5" branch="false"/>
                <line number="43" hits="5" branch="false"/>
              </lines>
            </method>
          </methods>
          <lines>
            <line number="34" hits="5" branch="false"/>
            <line number="35" hits="5" branch="false"/>
            <line number="36" hits="5" branch="false"/>
            <line number="37" hits="5" branch="false"/>
            <line number="38" hits="5" branch="false"/>
            <line number="39" hits="5" branch="false"/>
            <line number="40" hits="5" branch="false"/>
            <line number="41" hits="5" branch="false"/>
            <line number="43" hits="5" branch="false"/>
          </lines>
        </class>
        <class name="ft_formats.R" filename="R/ft_formats.R" line-rate="1" branch-rate="0" complexity="0">
          <methods>
            <method name="autoslider_format" signature="" line-rate="1" branch-rate="0" complexity="0">
              <lines>
                <line number="30" hits="296" branch="false"/>
                <line number="31" hits="296" branch="false"/>
                <line number="32" hits="296" branch="false"/>
                <line number="33" hits="296" branch="false"/>
                <line number="34" hits="296" branch="false"/>
                <line number="35" hits="296" branch="false"/>
                <line number="36" hits="296" branch="false"/>
                <line number="37" hits="296" branch="false"/>
                <line number="38" hits="296" branch="false"/>
                <line number="39" hits="296" branch="false"/>
                <line number="40" hits="296" branch="false"/>
                <line number="41" hits="296" branch="false"/>
              </lines>
            </method>
            <method name="blue_format" signature="" line-rate="1" branch-rate="0" complexity="0">
              <lines>
                <line number="54" hits="1" branch="false"/>
                <line number="55" hits="1" branch="false"/>
                <line number="56" hits="1" branch="false"/>
                <line number="57" hits="1" branch="false"/>
                <line number="58" hits="1" branch="false"/>
                <line number="59" hits="1" branch="false"/>
              </lines>
            </method>
            <method name="orange_format" signature="" line-rate="1" branch-rate="0" complexity="0">
              <lines>
                <line number="71" hits="292" branch="false"/>
                <line number="72" hits="292" branch="false"/>
                <line number="73" hits="292" branch="false"/>
                <line number="74" hits="292" branch="false"/>
                <line number="75" hits="292" branch="false"/>
                <line number="76" hits="292" branch="false"/>
              </lines>
            </method>
            <method name="red_format" signature="" line-rate="1" branch-rate="0" complexity="0">
              <lines>
                <line number="88" hits="1" branch="false"/>
                <line number="89" hits="1" branch="false"/>
                <line number="90" hits="1" branch="false"/>
                <line number="91" hits="1" branch="false"/>
                <line number="92" hits="1" branch="false"/>
                <line number="93" hits="1" branch="false"/>
              </lines>
            </method>
            <method name="purple_format" signature="" line-rate="1" branch-rate="0" complexity="0">
              <lines>
                <line number="106" hits="1" branch="false"/>
                <line number="107" hits="1" branch="false"/>
                <line number="108" hits="1" branch="false"/>
                <line number="109" hits="1" branch="false"/>
                <line number="110" hits="1" branch="false"/>
                <line number="111" hits="1" branch="false"/>
              </lines>
            </method>
            <method name="autoslider_dose_format" signature="" line-rate="1" branch-rate="0" complexity="0">
              <lines>
                <line number="126" hits="1" branch="false"/>
                <line number="127" hits="1" branch="false"/>
                <line number="129" hits="1" branch="false"/>
                <line number="130" hits="1" branch="false"/>
              </lines>
            </method>
            <method name="black_format_tb" signature="" line-rate="1" branch-rate="0" complexity="0">
              <lines>
                <line number="143" hits="1" branch="false"/>
                <line number="144" hits="1" branch="false"/>
                <line number="145" hits="1" branch="false"/>
                <line number="146" hits="1" branch="false"/>
                <line number="147" hits="1" branch="false"/>
                <line number="148" hits="1" branch="false"/>
                <line number="149" hits="1" branch="false"/>
                <line number="150" hits="1" branch="false"/>
                <line number="151" hits="1" branch="false"/>
              </lines>
            </method>
          </methods>
          <lines>
            <line number="30" hits="296" branch="false"/>
            <line number="31" hits="296" branch="false"/>
            <line number="32" hits="296" branch="false"/>
            <line number="33" hits="296" branch="false"/>
            <line number="34" hits="296" branch="false"/>
            <line number="35" hits="296" branch="false"/>
            <line number="36" hits="296" branch="false"/>
            <line number="37" hits="296" branch="false"/>
            <line number="38" hits="296" branch="false"/>
            <line number="39" hits="296" branch="false"/>
            <line number="40" hits="296" branch="false"/>
            <line number="41" hits="296" branch="false"/>
            <line number="54" hits="1" branch="false"/>
            <line number="55" hits="1" branch="false"/>
            <line number="56" hits="1" branch="false"/>
            <line number="57" hits="1" branch="false"/>
            <line number="58" hits="1" branch="false"/>
            <line number="59" hits="1" branch="false"/>
            <line number="71" hits="292" branch="false"/>
            <line number="72" hits="292" branch="false"/>
            <line number="73" hits="292" branch="false"/>
            <line number="74" hits="292" branch="false"/>
            <line number="75" hits="292" branch="false"/>
            <line number="76" hits="292" branch="false"/>
            <line number="88" hits="1" branch="false"/>
            <line number="89" hits="1" branch="false"/>
            <line number="90" hits="1" branch="false"/>
            <line number="91" hits="1" branch="false"/>
            <line number="92" hits="1" branch="false"/>
            <line number="93" hits="1" branch="false"/>
            <line number="106" hits="1" branch="false"/>
            <line number="107" hits="1" branch="false"/>
            <line number="108" hits="1" branch="false"/>
            <line number="109" hits="1" branch="false"/>
            <line number="110" hits="1" branch="false"/>
            <line number="111" hits="1" branch="false"/>
            <line number="126" hits="1" branch="false"/>
            <line number="127" hits="1" branch="false"/>
            <line number="129" hits="1" branch="false"/>
            <line number="130" hits="1" branch="false"/>
            <line number="143" hits="1" branch="false"/>
            <line number="144" hits="1" branch="false"/>
            <line number="145" hits="1" branch="false"/>
            <line number="146" hits="1" branch="false"/>
            <line number="147" hits="1" branch="false"/>
            <line number="148" hits="1" branch="false"/>
            <line number="149" hits="1" branch="false"/>
            <line number="150" hits="1" branch="false"/>
            <line number="151" hits="1" branch="false"/>
          </lines>
        </class>
        <class name="func_wrapper.R" filename="R/func_wrapper.R" line-rate="1" branch-rate="0" complexity="0">
          <methods>
            <method name="func_wrapper" signature="" line-rate="1" branch-rate="0" complexity="0">
              <lines>
                <line number="9" hits="23" branch="false"/>
                <line number="10" hits="23" branch="false"/>
                <line number="11" hits="23" branch="false"/>
                <line number="12" hits="23" branch="false"/>
                <line number="13" hits="23" branch="false"/>
                <line number="14" hits="23" branch="false"/>
                <line number="15" hits="23" branch="false"/>
                <line number="17" hits="23" branch="false"/>
                <line number="18" hits="2" branch="false"/>
                <line number="19" hits="1" branch="false"/>
                <line number="20" hits="1" branch="false"/>
                <line number="21" hits="1" branch="false"/>
                <line number="22" hits="1" branch="false"/>
                <line number="23" hits="1" branch="false"/>
                <line number="25" hits="1" branch="false"/>
                <line number="26" hits="1" branch="false"/>
                <line number="27" hits="1" branch="false"/>
                <line number="28" hits="1" branch="false"/>
                <line number="29" hits="1" branch="false"/>
                <line number="33" hits="21" branch="false"/>
                <line number="34" hits="21" branch="false"/>
                <line number="35" hits="21" branch="false"/>
                <line number="36" hits="1" branch="false"/>
                <line number="37" hits="1" branch="false"/>
                <line number="38" hits="1" branch="false"/>
                <line number="39" hits="1" branch="false"/>
                <line number="40" hits="1" branch="false"/>
                <line number="41" hits="1" branch="false"/>
                <line number="42" hits="1" branch="false"/>
                <line number="43" hits="1" branch="false"/>
                <line number="44" hits="1" branch="false"/>
                <line number="46" hits="20" branch="false"/>
                <line number="47" hits="20" branch="false"/>
                <line number="48" hits="20" branch="false"/>
                <line number="49" hits="20" branch="false"/>
                <line number="50" hits="20" branch="false"/>
              </lines>
            </method>
          </methods>
          <lines>
            <line number="9" hits="23" branch="false"/>
            <line number="10" hits="23" branch="false"/>
            <line number="11" hits="23" branch="false"/>
            <line number="12" hits="23" branch="false"/>
            <line number="13" hits="23" branch="false"/>
            <line number="14" hits="23" branch="false"/>
            <line number="15" hits="23" branch="false"/>
            <line number="17" hits="23" branch="false"/>
            <line number="18" hits="2" branch="false"/>
            <line number="19" hits="1" branch="false"/>
            <line number="20" hits="1" branch="false"/>
            <line number="21" hits="1" branch="false"/>
            <line number="22" hits="1" branch="false"/>
            <line number="23" hits="1" branch="false"/>
            <line number="25" hits="1" branch="false"/>
            <line number="26" hits="1" branch="false"/>
            <line number="27" hits="1" branch="false"/>
            <line number="28" hits="1" branch="false"/>
            <line number="29" hits="1" branch="false"/>
            <line number="33" hits="21" branch="false"/>
            <line number="34" hits="21" branch="false"/>
            <line number="35" hits="21" branch="false"/>
            <line number="36" hits="1" branch="false"/>
            <line number="37" hits="1" branch="false"/>
            <line number="38" hits="1" branch="false"/>
            <line number="39" hits="1" branch="false"/>
            <line number="40" hits="1" branch="false"/>
            <line number="41" hits="1" branch="false"/>
            <line number="42" hits="1" branch="false"/>
            <line number="43" hits="1" branch="false"/>
            <line number="44" hits="1" branch="false"/>
            <line number="46" hits="20" branch="false"/>
            <line number="47" hits="20" branch="false"/>
            <line number="48" hits="20" branch="false"/>
            <line number="49" hits="20" branch="false"/>
            <line number="50" hits="20" branch="false"/>
          </lines>
        </class>
        <class name="g_eg_slide.R" filename="R/g_eg_slide.R" line-rate="1" branch-rate="0" complexity="0">
          <methods>
            <method name="g_eg_slide" signature="" line-rate="1" branch-rate="0" complexity="0">
              <lines>
                <line number="36" hits="5" branch="false"/>
                <line number="37" hits="3" branch="false"/>
                <line number="38" hits="3" branch="false"/>
                <line number="39" hits="3" branch="false"/>
                <line number="40" hits="3" branch="false"/>
                <line number="41" hits="3" branch="false"/>
                <line number="43" hits="3" branch="false"/>
                <line number="44" hits="3" branch="false"/>
                <line number="45" hits="3" branch="false"/>
                <line number="46" hits="3" branch="false"/>
              </lines>
            </method>
          </methods>
          <lines>
            <line number="36" hits="5" branch="false"/>
            <line number="37" hits="3" branch="false"/>
            <line number="38" hits="3" branch="false"/>
            <line number="39" hits="3" branch="false"/>
            <line number="40" hits="3" branch="false"/>
            <line number="41" hits="3" branch="false"/>
            <line number="43" hits="3" branch="false"/>
            <line number="44" hits="3" branch="false"/>
            <line number="45" hits="3" branch="false"/>
            <line number="46" hits="3" branch="false"/>
          </lines>
        </class>
        <class name="g_lb_slide.R" filename="R/g_lb_slide.R" line-rate="1" branch-rate="0" complexity="0">
          <methods>
            <method name="g_lb_slide" signature="" line-rate="1" branch-rate="0" complexity="0">
              <lines>
                <line number="46" hits="3" branch="false"/>
                <line number="47" hits="3" branch="false"/>
                <line number="49" hits="2" branch="false"/>
                <line number="50" hits="2" branch="false"/>
                <line number="51" hits="2" branch="false"/>
                <line number="52" hits="2" branch="false"/>
                <line number="53" hits="2" branch="false"/>
                <line number="54" hits="2" branch="false"/>
                <line number="55" hits="2" branch="false"/>
                <line number="57" hits="2" branch="false"/>
                <line number="58" hits="2" branch="false"/>
                <line number="59" hits="2" branch="false"/>
                <line number="60" hits="2" branch="false"/>
              </lines>
            </method>
          </methods>
          <lines>
            <line number="46" hits="3" branch="false"/>
            <line number="47" hits="3" branch="false"/>
            <line number="49" hits="2" branch="false"/>
            <line number="50" hits="2" branch="false"/>
            <line number="51" hits="2" branch="false"/>
            <line number="52" hits="2" branch="false"/>
            <line number="53" hits="2" branch="false"/>
            <line number="54" hits="2" branch="false"/>
            <line number="55" hits="2" branch="false"/>
            <line number="57" hits="2" branch="false"/>
            <line number="58" hits="2" branch="false"/>
            <line number="59" hits="2" branch="false"/>
            <line number="60" hits="2" branch="false"/>
          </lines>
        </class>
        <class name="g_mean_general.R" filename="R/g_mean_general.R" line-rate="1" branch-rate="0" complexity="0">
          <methods>
            <method name="g_mean_general" signature="" line-rate="1" branch-rate="0" complexity="0">
              <lines>
                <line number="30" hits="9" branch="false"/>
                <line number="31" hits="9" branch="false"/>
                <line number="32" hits="9" branch="false"/>
                <line number="33" hits="9" branch="false"/>
                <line number="35" hits="9" branch="false"/>
                <line number="36" hits="9" branch="false"/>
                <line number="38" hits="9" branch="false"/>
                <line number="39" hits="9" branch="false"/>
                <line number="40" hits="9" branch="false"/>
                <line number="41" hits="9" branch="false"/>
                <line number="42" hits="9" branch="false"/>
                <line number="43" hits="9" branch="false"/>
                <line number="44" hits="9" branch="false"/>
                <line number="45" hits="9" branch="false"/>
                <line number="48" hits="9" branch="false"/>
                <line number="49" hits="9" branch="false"/>
                <line number="50" hits="9" branch="false"/>
                <line number="51" hits="9" branch="false"/>
                <line number="52" hits="9" branch="false"/>
                <line number="53" hits="9" branch="false"/>
                <line number="54" hits="9" branch="false"/>
                <line number="55" hits="9" branch="false"/>
                <line number="56" hits="9" branch="false"/>
              </lines>
            </method>
          </methods>
          <lines>
            <line number="30" hits="9" branch="false"/>
            <line number="31" hits="9" branch="false"/>
            <line number="32" hits="9" branch="false"/>
            <line number="33" hits="9" branch="false"/>
            <line number="35" hits="9" branch="false"/>
            <line number="36" hits="9" branch="false"/>
            <line number="38" hits="9" branch="false"/>
            <line number="39" hits="9" branch="false"/>
            <line number="40" hits="9" branch="false"/>
            <line number="41" hits="9" branch="false"/>
            <line number="42" hits="9" branch="false"/>
            <line number="43" hits="9" branch="false"/>
            <line number="44" hits="9" branch="false"/>
            <line number="45" hits="9" branch="false"/>
            <line number="48" hits="9" branch="false"/>
            <line number="49" hits="9" branch="false"/>
            <line number="50" hits="9" branch="false"/>
            <line number="51" hits="9" branch="false"/>
            <line number="52" hits="9" branch="false"/>
            <line number="53" hits="9" branch="false"/>
            <line number="54" hits="9" branch="false"/>
            <line number="55" hits="9" branch="false"/>
            <line number="56" hits="9" branch="false"/>
          </lines>
        </class>
        <class name="g_vs_slide.R" filename="R/g_vs_slide.R" line-rate="1" branch-rate="0" complexity="0">
          <methods>
            <method name="g_vs_slide" signature="" line-rate="1" branch-rate="0" complexity="0">
              <lines>
                <line number="35" hits="4" branch="false"/>
                <line number="37" hits="3" branch="false"/>
                <line number="38" hits="3" branch="false"/>
                <line number="39" hits="3" branch="false"/>
                <line number="40" hits="3" branch="false"/>
                <line number="42" hits="3" branch="false"/>
                <line number="43" hits="3" branch="false"/>
                <line number="44" hits="3" branch="false"/>
                <line number="45" hits="3" branch="false"/>
              </lines>
            </method>
          </methods>
          <lines>
            <line number="35" hits="4" branch="false"/>
            <line number="37" hits="3" branch="false"/>
            <line number="38" hits="3" branch="false"/>
            <line number="39" hits="3" branch="false"/>
            <line number="40" hits="3" branch="false"/>
            <line number="42" hits="3" branch="false"/>
            <line number="43" hits="3" branch="false"/>
            <line number="44" hits="3" branch="false"/>
            <line number="45" hits="3" branch="false"/>
          </lines>
        </class>
        <class name="generate_output.R" filename="R/generate_output.R" line-rate="0.842105263157895" branch-rate="0" complexity="0">
          <methods>
            <method name="generate_output" signature="" line-rate="0.790697674418605" branch-rate="0" complexity="0">
              <lines>
                <line number="41" hits="18" branch="false"/>
                <line number="42" hits="18" branch="false"/>
                <line number="43" hits="18" branch="false"/>
                <line number="44" hits="18" branch="false"/>
                <line number="45" hits="18" branch="false"/>
                <line number="46" hits="18" branch="false"/>
                <line number="47" hits="18" branch="false"/>
                <line number="48" hits="18" branch="false"/>
                <line number="49" hits="18" branch="false"/>
                <line number="50" hits="18" branch="false"/>
                <line number="51" hits="18" branch="false"/>
                <line number="53" hits="18" branch="false"/>
                <line number="54" hits="18" branch="false"/>
                <line number="55" hits="18" branch="false"/>
                <line number="56" hits="18" branch="false"/>
                <line number="57" hits="18" branch="false"/>
                <line number="58" hits="18" branch="false"/>
                <line number="59" hits="18" branch="false"/>
                <line number="60" hits="18" branch="false"/>
                <line number="61" hits="18" branch="false"/>
                <line number="62" hits="18" branch="false"/>
                <line number="63" hits="0" branch="false"/>
                <line number="64" hits="0" branch="false"/>
                <line number="65" hits="0" branch="false"/>
                <line number="66" hits="18" branch="false"/>
                <line number="67" hits="0" branch="false"/>
                <line number="68" hits="18" branch="false"/>
                <line number="69" hits="18" branch="false"/>
                <line number="70" hits="18" branch="false"/>
                <line number="71" hits="0" branch="false"/>
                <line number="73" hits="18" branch="false"/>
                <line number="74" hits="18" branch="false"/>
                <line number="75" hits="18" branch="false"/>
                <line number="76" hits="18" branch="false"/>
                <line number="77" hits="18" branch="false"/>
                <line number="78" hits="0" branch="false"/>
                <line number="79" hits="0" branch="false"/>
                <line number="80" hits="0" branch="false"/>
                <line number="81" hits="18" branch="false"/>
                <line number="82" hits="0" branch="false"/>
                <line number="83" hits="18" branch="false"/>
                <line number="84" hits="18" branch="false"/>
                <line number="85" hits="18" branch="false"/>
              </lines>
            </method>
            <method name="generate_outputs" signature="" line-rate="1" branch-rate="0" complexity="0">
              <lines>
                <line number="124" hits="2" branch="false"/>
                <line number="125" hits="2" branch="false"/>
                <line number="126" hits="2" branch="false"/>
                <line number="127" hits="2" branch="false"/>
                <line number="128" hits="2" branch="false"/>
                <line number="129" hits="2" branch="false"/>
                <line number="130" hits="2" branch="false"/>
                <line number="131" hits="2" branch="false"/>
                <line number="132" hits="2" branch="false"/>
                <line number="133" hits="2" branch="false"/>
                <line number="134" hits="2" branch="false"/>
                <line number="135" hits="2" branch="false"/>
                <line number="136" hits="2" branch="false"/>
                <line number="137" hits="2" branch="false"/>
              </lines>
            </method>
          </methods>
          <lines>
            <line number="41" hits="18" branch="false"/>
            <line number="42" hits="18" branch="false"/>
            <line number="43" hits="18" branch="false"/>
            <line number="44" hits="18" branch="false"/>
            <line number="45" hits="18" branch="false"/>
            <line number="46" hits="18" branch="false"/>
            <line number="47" hits="18" branch="false"/>
            <line number="48" hits="18" branch="false"/>
            <line number="49" hits="18" branch="false"/>
            <line number="50" hits="18" branch="false"/>
            <line number="51" hits="18" branch="false"/>
            <line number="53" hits="18" branch="false"/>
            <line number="54" hits="18" branch="false"/>
            <line number="55" hits="18" branch="false"/>
            <line number="56" hits="18" branch="false"/>
            <line number="57" hits="18" branch="false"/>
            <line number="58" hits="18" branch="false"/>
            <line number="59" hits="18" branch="false"/>
            <line number="60" hits="18" branch="false"/>
            <line number="61" hits="18" branch="false"/>
            <line number="62" hits="18" branch="false"/>
            <line number="63" hits="0" branch="false"/>
            <line number="64" hits="0" branch="false"/>
            <line number="65" hits="0" branch="false"/>
            <line number="66" hits="18" branch="false"/>
            <line number="67" hits="0" branch="false"/>
            <line number="68" hits="18" branch="false"/>
            <line number="69" hits="18" branch="false"/>
            <line number="70" hits="18" branch="false"/>
            <line number="71" hits="0" branch="false"/>
            <line number="73" hits="18" branch="false"/>
            <line number="74" hits="18" branch="false"/>
            <line number="75" hits="18" branch="false"/>
            <line number="76" hits="18" branch="false"/>
            <line number="77" hits="18" branch="false"/>
            <line number="78" hits="0" branch="false"/>
            <line number="79" hits="0" branch="false"/>
            <line number="80" hits="0" branch="false"/>
            <line number="81" hits="18" branch="false"/>
            <line number="82" hits="0" branch="false"/>
            <line number="83" hits="18" branch="false"/>
            <line number="84" hits="18" branch="false"/>
            <line number="85" hits="18" branch="false"/>
            <line number="124" hits="2" branch="false"/>
            <line number="125" hits="2" branch="false"/>
            <line number="126" hits="2" branch="false"/>
            <line number="127" hits="2" branch="false"/>
            <line number="128" hits="2" branch="false"/>
            <line number="129" hits="2" branch="false"/>
            <line number="130" hits="2" branch="false"/>
            <line number="131" hits="2" branch="false"/>
            <line number="132" hits="2" branch="false"/>
            <line number="133" hits="2" branch="false"/>
            <line number="134" hits="2" branch="false"/>
            <line number="135" hits="2" branch="false"/>
            <line number="136" hits="2" branch="false"/>
            <line number="137" hits="2" branch="false"/>
          </lines>
        </class>
        <class name="gt_t_dm_slide.R" filename="R/gt_t_dm_slide.R" line-rate="1" branch-rate="0" complexity="0">
          <methods>
            <method name="gt_t_dm_slide" signature="" line-rate="1" branch-rate="0" complexity="0">
              <lines>
                <line number="19" hits="1" branch="false"/>
                <line number="20" hits="1" branch="false"/>
                <line number="21" hits="1" branch="false"/>
                <line number="22" hits="1" branch="false"/>
              </lines>
            </method>
          </methods>
          <lines>
            <line number="19" hits="1" branch="false"/>
            <line number="20" hits="1" branch="false"/>
            <line number="21" hits="1" branch="false"/>
            <line number="22" hits="1" branch="false"/>
          </lines>
        </class>
        <class name="helper_functions.R" filename="R/helper_functions.R" line-rate="1" branch-rate="0" complexity="0">
          <methods>
            <method name="mutate_actarm" signature="" line-rate="1" branch-rate="0" complexity="0">
              <lines>
                <line number="16" hits="2" branch="false"/>
                <line number="17" hits="2" branch="false"/>
                <line number="18" hits="2" branch="false"/>
                <line number="19" hits="2" branch="false"/>
                <line number="20" hits="2" branch="false"/>
              </lines>
            </method>
            <method name="preprocess_t_dd" signature="" line-rate="1" branch-rate="0" complexity="0">
              <lines>
                <line number="33" hits="1" branch="false"/>
                <line number="34" hits="1" branch="false"/>
                <line number="35" hits="1" branch="false"/>
                <line number="36" hits="1" branch="false"/>
                <line number="38" hits="1" branch="false"/>
                <line number="39" hits="1" branch="false"/>
                <line number="40" hits="1" branch="false"/>
                <line number="41" hits="1" branch="false"/>
                <line number="42" hits="1" branch="false"/>
                <line number="43" hits="1" branch="false"/>
                <line number="44" hits="1" branch="false"/>
                <line number="45" hits="1" branch="false"/>
                <line number="46" hits="1" branch="false"/>
                <line number="47" hits="1" branch="false"/>
                <line number="48" hits="1" branch="false"/>
                <line number="49" hits="1" branch="false"/>
              </lines>
            </method>
            <method name="preprocess_t_ds" signature="" line-rate="1" branch-rate="0" complexity="0">
              <lines>
                <line number="63" hits="2" branch="false"/>
                <line number="64" hits="2" branch="false"/>
                <line number="65" hits="2" branch="false"/>
                <line number="66" hits="2" branch="false"/>
                <line number="67" hits="2" branch="false"/>
                <line number="68" hits="2" branch="false"/>
                <line number="69" hits="2" branch="false"/>
                <line number="70" hits="2" branch="false"/>
                <line number="72" hits="2" branch="false"/>
                <line number="74" hits="2" branch="false"/>
[...]
                <line number="549" hits="7" branch="false"/>
                <line number="550" hits="7" branch="false"/>
                <line number="551" hits="7" branch="false"/>
                <line number="552" hits="7" branch="false"/>
                <line number="555" hits="7" branch="false"/>
                <line number="556" hits="0" branch="false"/>
                <line number="557" hits="0" branch="false"/>
                <line number="558" hits="0" branch="false"/>
                <line number="559" hits="0" branch="false"/>
                <line number="560" hits="0" branch="false"/>
                <line number="561" hits="0" branch="false"/>
                <line number="562" hits="0" branch="false"/>
                <line number="563" hits="0" branch="false"/>
                <line number="566" hits="28" branch="false"/>
              </lines>
            </method>
            <method name="do_call" signature="" line-rate="1" branch-rate="0" complexity="0">
              <lines>
                <line number="571" hits="617" branch="false"/>
                <line number="572" hits="617" branch="false"/>
              </lines>
            </method>
            <method name="build_table_header" signature="" line-rate="1" branch-rate="0" complexity="0">
              <lines>
                <line number="587" hits="56" branch="false"/>
                <line number="588" hits="56" branch="false"/>
                <line number="589" hits="39" branch="false"/>
                <line number="590" hits="6" branch="false"/>
                <line number="591" hits="6" branch="false"/>
                <line number="592" hits="6" branch="false"/>
                <line number="593" hits="6" branch="false"/>
                <line number="595" hits="33" branch="false"/>
                <line number="596" hits="33" branch="false"/>
                <line number="597" hits="33" branch="false"/>
                <line number="600" hits="17" branch="false"/>
                <line number="601" hits="10" branch="false"/>
                <line number="603" hits="17" branch="false"/>
                <line number="604" hits="17" branch="false"/>
                <line number="605" hits="17" branch="false"/>
                <line number="606" hits="17" branch="false"/>
                <line number="609" hits="56" branch="false"/>
              </lines>
            </method>
            <method name="get_version_label_output" signature="" line-rate="1" branch-rate="0" complexity="0">
              <lines>
                <line number="614" hits="1" branch="false"/>
              </lines>
            </method>
            <method name="strip_NA" signature="" line-rate="1" branch-rate="0" complexity="0">
              <lines>
                <line number="619" hits="21" branch="false"/>
              </lines>
            </method>
          </methods>
          <lines>
            <line number="2" hits="2" branch="false"/>
            <line number="12" hits="27" branch="false"/>
            <line number="13" hits="5" branch="false"/>
            <line number="15" hits="22" branch="false"/>
            <line number="16" hits="22" branch="false"/>
            <line number="17" hits="22" branch="false"/>
            <line number="18" hits="22" branch="false"/>
            <line number="19" hits="4" branch="false"/>
            <line number="23" hits="27" branch="false"/>
            <line number="32" hits="2" branch="false"/>
            <line number="33" hits="2" branch="false"/>
            <line number="34" hits="2" branch="false"/>
            <line number="35" hits="1" branch="false"/>
            <line number="36" hits="1" branch="false"/>
            <line number="37" hits="1" branch="false"/>
            <line number="42" hits="2" branch="false"/>
            <line number="51" hits="2" branch="false"/>
            <line number="52" hits="2" branch="false"/>
            <line number="53" hits="2" branch="false"/>
            <line number="55" hits="2" branch="false"/>
            <line number="56" hits="2" branch="false"/>
            <line number="66" hits="1" branch="false"/>
            <line number="67" hits="1" branch="false"/>
            <line number="68" hits="1" branch="false"/>
            <line number="69" hits="0" branch="false"/>
            <line number="70" hits="1" branch="false"/>
            <line number="71" hits="1" branch="false"/>
            <line number="72" hits="1" branch="false"/>
            <line number="81" hits="22157" branch="false"/>
            <line number="82" hits="22157" branch="false"/>
            <line number="83" hits="22157" branch="false"/>
            <line number="84" hits="22157" branch="false"/>
            <line number="85" hits="22157" branch="false"/>
            <line number="86" hits="22157" branch="false"/>
            <line number="96" hits="149" branch="false"/>
            <line number="106" hits="1" branch="false"/>
            <line number="116" hits="1" branch="false"/>
            <line number="126" hits="1" branch="false"/>
            <line number="143" hits="6" branch="false"/>
            <line number="144" hits="6" branch="false"/>
            <line number="145" hits="6" branch="false"/>
            <line number="146" hits="6" branch="false"/>
            <line number="147" hits="6" branch="false"/>
            <line number="148" hits="6" branch="false"/>
            <line number="149" hits="6" branch="false"/>
            <line number="150" hits="6" branch="false"/>
            <line number="151" hits="6" branch="false"/>
            <line number="152" hits="6" branch="false"/>
            <line number="153" hits="6" branch="false"/>
            <line number="154" hits="6" branch="false"/>
            <line number="160" hits="6" branch="false"/>
            <line number="162" hits="6" branch="false"/>
            <line number="163" hits="6" branch="false"/>
            <line number="164" hits="6" branch="false"/>
            <line number="165" hits="6" branch="false"/>
            <line number="166" hits="6" branch="false"/>
            <line number="167" hits="6" branch="false"/>
            <line number="175" hits="0" branch="false"/>
            <line number="176" hits="0" branch="false"/>
            <line number="177" hits="0" branch="false"/>
            <line number="179" hits="0" branch="false"/>
            <line number="180" hits="0" branch="false"/>
            <line number="181" hits="0" branch="false"/>
            <line number="182" hits="0" branch="false"/>
            <line number="183" hits="0" branch="false"/>
            <line number="184" hits="0" branch="false"/>
            <line number="185" hits="0" branch="false"/>
            <line number="186" hits="0" branch="false"/>
            <line number="190" hits="0" branch="false"/>
            <line number="192" hits="0" branch="false"/>
            <line number="193" hits="0" branch="false"/>
            <line number="194" hits="0" branch="false"/>
            <line number="195" hits="0" branch="false"/>
            <line number="196" hits="0" branch="false"/>
            <line number="197" hits="0" branch="false"/>
            <line number="198" hits="0" branch="false"/>
            <line number="199" hits="0" branch="false"/>
            <line number="200" hits="0" branch="false"/>
            <line number="201" hits="0" branch="false"/>
            <line number="203" hits="0" branch="false"/>
            <line number="204" hits="0" branch="false"/>
            <line number="205" hits="0" branch="false"/>
            <line number="206" hits="0" branch="false"/>
            <line number="207" hits="0" branch="false"/>
            <line number="209" hits="0" branch="false"/>
            <line number="210" hits="0" branch="false"/>
            <line number="211" hits="0" branch="false"/>
            <line number="212" hits="0" branch="false"/>
            <line number="213" hits="0" branch="false"/>
            <line number="214" hits="0" branch="false"/>
            <line number="215" hits="0" branch="false"/>
            <line number="216" hits="0" branch="false"/>
            <line number="219" hits="0" branch="false"/>
            <line number="220" hits="0" branch="false"/>
            <line number="221" hits="0" branch="false"/>
            <line number="222" hits="0" branch="false"/>
            <line number="223" hits="0" branch="false"/>
            <line number="224" hits="0" branch="false"/>
            <line number="226" hits="0" branch="false"/>
            <line number="227" hits="0" branch="false"/>
            <line number="228" hits="0" branch="false"/>
            <line number="229" hits="0" branch="false"/>
            <line number="230" hits="0" branch="false"/>
            <line number="234" hits="29" branch="false"/>
            <line number="238" hits="1" branch="false"/>
            <line number="239" hits="1" branch="false"/>
            <line number="243" hits="1" branch="false"/>
            <line number="247" hits="1" branch="false"/>
            <line number="251" hits="4" branch="false"/>
            <line number="255" hits="29" branch="false"/>
            <line number="256" hits="0" branch="false"/>
            <line number="257" hits="0" branch="false"/>
            <line number="258" hits="0" branch="false"/>
            <line number="260" hits="0" branch="false"/>
            <line number="263" hits="0" branch="false"/>
            <line number="264" hits="0" branch="false"/>
            <line number="265" hits="0" branch="false"/>
            <line number="266" hits="0" branch="false"/>
            <line number="267" hits="0" branch="false"/>
            <line number="268" hits="0" branch="false"/>
            <line number="270" hits="29" branch="false"/>
            <line number="273" hits="29" branch="false"/>
            <line number="274" hits="11" branch="false"/>
            <line number="277" hits="29" branch="false"/>
            <line number="282" hits="3" branch="false"/>
            <line number="286" hits="3" branch="false"/>
            <line number="287" hits="3" branch="false"/>
            <line number="288" hits="2" branch="false"/>
            <line number="290" hits="1" branch="false"/>
            <line number="291" hits="1" branch="false"/>
            <line number="292" hits="1" branch="false"/>
            <line number="293" hits="1" branch="false"/>
            <line number="298" hits="109" branch="false"/>
            <line number="302" hits="1" branch="false"/>
            <line number="306" hits="7" branch="false"/>
            <line number="311" hits="0" branch="false"/>
            <line number="316" hits="1" branch="false"/>
            <line number="317" hits="1" branch="false"/>
            <line number="321" hits="4" branch="false"/>
            <line number="325" hits="12" branch="false"/>
            <line number="326" hits="12" branch="false"/>
            <line number="327" hits="12" branch="false"/>
            <line number="328" hits="12" branch="false"/>
            <line number="330" hits="0" branch="false"/>
            <line number="335" hits="5" branch="false"/>
            <line number="339" hits="12" branch="false"/>
            <line number="348" hits="12" branch="false"/>
            <line number="350" hits="12" branch="false"/>
            <line number="354" hits="13" branch="false"/>
            <line number="355" hits="1" branch="false"/>
            <line number="358" hits="12" branch="false"/>
            <line number="359" hits="12" branch="false"/>
            <line number="361" hits="12" branch="false"/>
            <line number="362" hits="12" branch="false"/>
            <line number="363" hits="12" branch="false"/>
            <line number="365" hits="2" branch="false"/>
            <line number="366" hits="2" branch="false"/>
            <line number="367" hits="12" branch="false"/>
            <line number="369" hits="2" branch="false"/>
            <line number="370" hits="2" branch="false"/>
            <line number="371" hits="2" branch="false"/>
            <line number="372" hits="2" branch="false"/>
            <line number="373" hits="12" branch="false"/>
            <line number="375" hits="12" branch="false"/>
            <line number="377" hits="12" branch="false"/>
            <line number="378" hits="12" branch="false"/>
            <line number="379" hits="12" branch="false"/>
            <line number="380" hits="12" branch="false"/>
            <line number="382" hits="12" branch="false"/>
            <line number="383" hits="12" branch="false"/>
            <line number="384" hits="12" branch="false"/>
            <line number="385" hits="12" branch="false"/>
            <line number="386" hits="12" branch="false"/>
            <line number="388" hits="12" branch="false"/>
            <line number="389" hits="12" branch="false"/>
            <line number="392" hits="12" branch="false"/>
            <line number="398" hits="8" branch="false"/>
            <line number="399" hits="8" branch="false"/>
            <line number="400" hits="1" branch="false"/>
            <line number="402" hits="7" branch="false"/>
            <line number="403" hits="7" branch="false"/>
            <line number="404" hits="7" branch="false"/>
            <line number="405" hits="7" branch="false"/>
            <line number="409" hits="2" branch="false"/>
            <line number="410" hits="0" branch="false"/>
            <line number="412" hits="2" branch="false"/>
            <line number="413" hits="2" branch="false"/>
            <line number="414" hits="2" branch="false"/>
            <line number="415" hits="1" branch="false"/>
            <line number="416" hits="2" branch="false"/>
            <line number="417" hits="2" branch="false"/>
            <line number="418" hits="2" branch="false"/>
            <line number="419" hits="2" branch="false"/>
            <line number="420" hits="2" branch="false"/>
            <line number="426" hits="4" branch="false"/>
            <line number="427" hits="4" branch="false"/>
            <line number="428" hits="4" branch="false"/>
            <line number="432" hits="171" branch="false"/>
            <line number="433" hits="171" branch="false"/>
            <line number="434" hits="3" branch="false"/>
            <line number="435" hits="3" branch="false"/>
            <line number="436" hits="3" branch="false"/>
            <line number="437" hits="3" branch="false"/>
            <line number="439" hits="168" branch="false"/>
            <line number="440" hits="168" branch="false"/>
            <line number="441" hits="1" branch="false"/>
            <line number="446" hits="15" branch="false"/>
            <line number="447" hits="15" branch="false"/>
            <line number="448" hits="0" branch="false"/>
            <line number="450" hits="15" branch="false"/>
            <line number="451" hits="15" branch="false"/>
            <line number="454" hits="15" branch="false"/>
            <line number="461" hits="2" branch="false"/>
            <line number="462" hits="1" branch="false"/>
            <line number="464" hits="1" branch="false"/>
            <line number="467" hits="1" branch="false"/>
            <line number="468" hits="1" branch="false"/>
            <line number="469" hits="1" branch="false"/>
            <line number="470" hits="1" branch="false"/>
            <line number="471" hits="1" branch="false"/>
            <line number="472" hits="1" branch="false"/>
            <line number="473" hits="1" branch="false"/>
            <line number="474" hits="1" branch="false"/>
            <line number="479" hits="3" branch="false"/>
            <line number="480" hits="1" branch="false"/>
            <line number="482" hits="2" branch="false"/>
            <line number="485" hits="2" branch="false"/>
            <line number="486" hits="2" branch="false"/>
            <line number="487" hits="2" branch="false"/>
            <line number="488" hits="2" branch="false"/>
            <line number="489" hits="2" branch="false"/>
            <line number="490" hits="2" branch="false"/>
            <line number="503" hits="28" branch="false"/>
            <line number="505" hits="27" branch="false"/>
            <line number="506" hits="10" branch="false"/>
            <line number="507" hits="1" branch="false"/>
            <line number="508" hits="1" branch="false"/>
            <line number="509" hits="1" branch="false"/>
            <line number="510" hits="1" branch="false"/>
            <line number="511" hits="1" branch="false"/>
            <line number="512" hits="1" branch="false"/>
            <line number="513" hits="1" branch="false"/>
            <line number="514" hits="1" branch="false"/>
            <line number="515" hits="1" branch="false"/>
            <line number="518" hits="10" branch="false"/>
            <line number="519" hits="8" branch="false"/>
            <line number="520" hits="8" branch="false"/>
            <line number="521" hits="8" branch="false"/>
            <line number="524" hits="27" branch="false"/>
            <line number="535" hits="28" branch="false"/>
            <line number="537" hits="28" branch="false"/>
            <line number="538" hits="7" branch="false"/>
            <line number="539" hits="7" branch="false"/>
            <line number="540" hits="7" branch="false"/>
            <line number="541" hits="7" branch="false"/>
            <line number="542" hits="7" branch="false"/>
            <line number="543" hits="7" branch="false"/>
            <line number="545" hits="7" branch="false"/>
            <line number="546" hits="7" branch="false"/>
            <line number="547" hits="7" branch="false"/>
            <line number="548" hits="7" branch="false"/>
            <line number="549" hits="7" branch="false"/>
            <line number="550" hits="7" branch="false"/>
            <line number="551" hits="7" branch="false"/>
            <line number="552" hits="7" branch="false"/>
            <line number="555" hits="7" branch="false"/>
            <line number="556" hits="0" branch="false"/>
            <line number="557" hits="0" branch="false"/>
            <line number="558" hits="0" branch="false"/>
            <line number="559" hits="0" branch="false"/>
            <line number="560" hits="0" branch="false"/>
            <line number="561" hits="0" branch="false"/>
            <line number="562" hits="0" branch="false"/>
            <line number="563" hits="0" branch="false"/>
            <line number="566" hits="28" branch="false"/>
            <line number="571" hits="617" branch="false"/>
            <line number="572" hits="617" branch="false"/>
            <line number="587" hits="56" branch="false"/>
            <line number="588" hits="56" branch="false"/>
            <line number="589" hits="39" branch="false"/>
            <line number="590" hits="6" branch="false"/>
            <line number="591" hits="6" branch="false"/>
            <line number="592" hits="6" branch="false"/>
            <line number="593" hits="6" branch="false"/>
            <line number="595" hits="33" branch="false"/>
            <line number="596" hits="33" branch="false"/>
            <line number="597" hits="33" branch="false"/>
            <line number="600" hits="17" branch="false"/>
            <line number="601" hits="10" branch="false"/>
            <line number="603" hits="17" branch="false"/>
            <line number="604" hits="17" branch="false"/>
            <line number="605" hits="17" branch="false"/>
            <line number="606" hits="17" branch="false"/>
            <line number="609" hits="56" branch="false"/>
            <line number="614" hits="1" branch="false"/>
            <line number="619" hits="21" branch="false"/>
          </lines>
        </class>
      </classes>
    </package>
  </packages>
</coverage>
