<?xml version="1.0" encoding="UTF-8"?>
<testsuites>
  <testsuite name="appendix" timestamp="2026-07-27T15:36:21Z" hostname="882ec17ef8c0" tests="22" skipped="0" failures="0" errors="0" time="2.007">
    <testcase time="0.448" classname="appendix" name="initialize_to_page_test_1_when_to_page_is_null"/>
    <testcase time="0.113" classname="appendix" name="initialize_to_page_test_2_given_to_page_value"/>
    <testcase time="0.101" classname="appendix" name="initialize_to_page_test_3_if_to_page_is_too_large"/>
    <testcase time="0.144" classname="appendix" name="postprocessing_doc_test_1_save_file_TRUE"/>
    <testcase time="0.00300000000000011" classname="appendix" name="postprocessing_doc_test_1_save_file_TRUE"/>
    <testcase time="0.0720000000000001" classname="appendix" name="postprocessing_doc_test_2_save_file_FALSE"/>
    <testcase time="0.00300000000000011" classname="appendix" name="postprocessing_doc_test_2_save_file_FALSE"/>
    <testcase time="0.097" classname="appendix" name="postprocessing_doc_test_3_doc_o_is_not_a_ppt"/>
    <testcase time="0.0709999999999997" classname="appendix" name="initialize_doc_original_test_1_returns_existing_doc_original"/>
    <testcase time="0.137" classname="appendix" name="initialize_doc_original_test_2_reads_from_file_when_doc_original_is_NULL"/>
    <testcase time="0.169" classname="appendix" name="append_title_slides_test_1_save_file"/>
    <testcase time="0.00300000000000011" classname="appendix" name="append_title_slides_test_1_save_file"/>
    <testcase time="0.00900000000000034" classname="appendix" name="append_title_slides_test_1_save_file"/>
    <testcase time="0.153" classname="appendix" name="append_section_header_slides_test_1_not_save_file"/>
    <testcase time="0.00300000000000011" classname="appendix" name="append_section_header_slides_test_1_not_save_file"/>
    <testcase time="0.00900000000000034" classname="appendix" name="append_section_header_slides_test_1_not_save_file"/>
    <testcase time="0.242" classname="appendix" name="append_all_slides_correctly_adds_multiple_slides_based_on_page_list"/>
    <testcase time="0.00299999999999923" classname="appendix" name="append_all_slides_correctly_adds_multiple_slides_based_on_page_list"/>
    <testcase time="0.00800000000000001" classname="appendix" name="append_all_slides_correctly_adds_multiple_slides_based_on_page_list"/>
    <testcase time="0.0630000000000006" classname="appendix" name="append_all_slides_correctly_adds_multiple_slides_based_on_page_list"/>
    <testcase time="0.00399999999999956" classname="appendix" name="append_all_slides_correctly_adds_multiple_slides_based_on_page_list"/>
    <testcase time="0.152" classname="appendix" name="append_all_slides_test_2_error_if_page_list_exceeds_max_pages_1"/>
  </testsuite>
  <testsuite name="assert" timestamp="2026-07-27T15:36:23Z" hostname="882ec17ef8c0" tests="17" skipped="0" failures="0" errors="0" time="0.096">
    <testcase time="0.0209999999999999" classname="assert" name="assert_is_character_scalar_works_correctly"/>
    <testcase time="0.00400000000000045" classname="assert" name="assert_is_character_scalar_works_correctly"/>
    <testcase time="0.00999999999999979" classname="assert" name="assert_is_character_scalar_works_correctly"/>
    <testcase time="0.00499999999999989" classname="assert" name="assert_is_character_scalar_works_correctly"/>
    <testcase time="0.00400000000000045" classname="assert" name="assert_is_character_scalar_works_correctly"/>
    <testcase time="0.00499999999999989" classname="assert" name="assert_is_character_scalar_works_correctly"/>
    <testcase time="0.00499999999999989" classname="assert" name="assert_exists_in_spec_or_calling_env_is_robustly_testable"/>
    <testcase time="0.000999999999999446" classname="assert" name="assert_exists_in_spec_or_calling_env_is_robustly_testable"/>
    <testcase time="0.00500000000000078" classname="assert" name="assert_exists_in_spec_or_calling_env_is_robustly_testable"/>
    <testcase time="0.00499999999999989" classname="assert" name="assert_is_valid_filter_result_passes_with_valid_inputs"/>
    <testcase time="0.000999999999999446" classname="assert" name="assert_is_valid_filter_result_passes_with_valid_inputs"/>
    <testcase time="0.00800000000000001" classname="assert" name="assert_is_valid_filter_result_fails_with_invalid_inputs"/>
    <testcase time="0.00400000000000045" classname="assert" name="assert_is_valid_filter_result_fails_with_invalid_inputs"/>
    <testcase time="0.00499999999999989" classname="assert" name="assert_is_valid_filter_result_fails_with_invalid_inputs"/>
    <testcase time="0.00399999999999956" classname="assert" name="assert_is_valid_filter_result_fails_with_invalid_inputs"/>
    <testcase time="0.00400000000000045" classname="assert" name="assert_is_valid_filter_result_fails_with_invalid_inputs"/>
    <testcase time="0.00499999999999989" classname="assert" name="assert_is_valid_filter_result_fails_with_invalid_inputs"/>
  </testsuite>
  <testsuite name="bad_filters" timestamp="2026-07-27T15:36:23Z" hostname="882ec17ef8c0" tests="1" skipped="0" failures="0" errors="0" time="0.038">
    <testcase time="0.0380000000000003" classname="bad_filters" name="Listing_print_correctly"/>
  </testsuite>
  <testsuite name="data_snapshot" timestamp="2026-07-27T15:36:23Z" hostname="882ec17ef8c0" tests="18" skipped="0" failures="0" errors="0" time="0.55">
    <testcase time="0.0579999999999998" classname="data_snapshot" name="Test_data_snapshot"/>
    <testcase time="0.0800000000000001" classname="data_snapshot" name="Test_data_snapshot"/>
    <testcase time="0.00999999999999979" classname="data_snapshot" name="Test_data_snapshot"/>
    <testcase time="0.0449999999999999" classname="data_snapshot" name="Test_data_snapshot"/>
    <testcase time="0.00900000000000034" classname="data_snapshot" name="Test_data_snapshot"/>
    <testcase time="0.0439999999999996" classname="data_snapshot" name="Test_data_snapshot"/>
    <testcase time="0.00900000000000034" classname="data_snapshot" name="Test_data_snapshot"/>
    <testcase time="0.048" classname="data_snapshot" name="Test_data_snapshot"/>
    <testcase time="0.00999999999999979" classname="data_snapshot" name="Test_data_snapshot"/>
    <testcase time="0.0460000000000003" classname="data_snapshot" name="Test_data_snapshot"/>
    <testcase time="0.00999999999999979" classname="data_snapshot" name="Test_data_snapshot"/>
    <testcase time="0.0380000000000003" classname="data_snapshot" name="Test_data_snapshot"/>
    <testcase time="0.0199999999999996" classname="data_snapshot" name="Test_data_snapshot"/>
    <testcase time="0.0179999999999998" classname="data_snapshot" name="Test_data_snapshot"/>
    <testcase time="0.00900000000000034" classname="data_snapshot" name="Test_data_snapshot"/>
    <testcase time="0.0419999999999998" classname="data_snapshot" name="Test_data_snapshot"/>
    <testcase time="0.00900000000000034" classname="data_snapshot" name="Test_data_snapshot"/>
    <testcase time="0.0449999999999999" classname="data_snapshot" name="Test_data_snapshot"/>
  </testsuite>
  <testsuite name="decorate" timestamp="2026-07-27T15:36:24Z" hostname="882ec17ef8c0" tests="10" skipped="0" failures="0" errors="0" time="1.247">
    <testcase time="0.147" classname="decorate" name="Test_decoreate.grob_not_to_throw"/>
    <testcase time="0.204" classname="decorate" name="Test_decoreate.grob_not_to_throw"/>
    <testcase time="0.00499999999999989" classname="decorate" name="Test_decoreate_not_to_throw"/>
    <testcase time="0.162" classname="decorate" name="Test_decoreate_not_to_throw"/>
    <testcase time="0.0979999999999999" classname="decorate" name="Test_print_not_to_throw"/>
    <testcase time="0.100000000000001" classname="decorate" name="Test_print_not_to_throw"/>
    <testcase time="0.225" classname="decorate" name="Test_print_not_to_throw"/>
    <testcase time="0.00800000000000001" classname="decorate" name="Test_decoreate_throw"/>
    <testcase time="0.229" classname="decorate" name="Test_ph_with_img_not_to_throw">
      <system-out>Calling `add_slide()` without specifying a `layout` is deprecated.
 Please pass a `layout` or use `layout_default()` to set a default.
 =&gt; I will now continue with the former `layout` default "Title and Content" for backwards compatibility...
Backtrace:
    x
 1. \-autoslider.core:::do_call(add_slide, x = ppt, master = ppt_master) at test-decorate.R:71:3
 2.   +-base::do.call(fun, args[intersect(names(args), formalArgs(fun))])
 3.   \-officer (local) `&lt;fn&gt;`(x = `&lt;rpptx&gt;`, master = "Office Theme")
 4.     \-base::.Deprecated(...)</system-out>
    </testcase>
    <testcase time="0.069" classname="decorate" name="Test_ph_with_img_not_to_throw"/>
  </testsuite>
  <testsuite name="filter_spec-verbose" timestamp="2026-07-27T15:36:25Z" hostname="882ec17ef8c0" tests="1" skipped="0" failures="0" errors="0" time="0.036">
    <testcase time="0.0360000000000005" classname="filter_spec_verbose" name="Listing_print_correctly"/>
  </testsuite>
  <testsuite name="formats" timestamp="2026-07-27T15:36:25Z" hostname="882ec17ef8c0" tests="6" skipped="0" failures="0" errors="0" time="0.089">
    <testcase time="0.0149999999999997" classname="formats" name="new_round_function"/>
    <testcase time="0.0499999999999998" classname="formats" name="new_round_function"/>
    <testcase time="0.00600000000000023" classname="formats" name="xx.xx_xx.xx_"/>
    <testcase time="0.00600000000000023" classname="formats" name="xx.xx_xx.x_"/>
    <testcase time="0.00599999999999934" classname="formats" name="_xx_xx_"/>
    <testcase time="0.00600000000000023" classname="formats" name="xx.xx_xx.xx_xx.xx_"/>
  </testsuite>
  <testsuite name="ft_format" timestamp="2026-07-27T15:36:26Z" hostname="882ec17ef8c0" tests="2" skipped="0" failures="0" errors="0" time="1.725">
    <testcase time="1.72" classname="ft_format" name="demographic_table_formatting"/>
    <testcase time="0.00499999999999901" classname="ft_format" name="demographic_table_formatting"/>
  </testsuite>
  <testsuite name="func_wrapper" timestamp="2026-07-27T15:36:27Z" hostname="882ec17ef8c0" tests="5" skipped="0" failures="0" errors="0" time="0.646">
    <testcase time="0.447000000000001" classname="func_wrapper" name="legacy_with_datasets_and_spec"/>
    <testcase time="0.137" classname="func_wrapper" name="legacy_with_datasets_but_no_spec"/>
    <testcase time="0.0189999999999984" classname="func_wrapper" name="modern_with_named_datasets_and_spec"/>
    <testcase time="0.0250000000000004" classname="func_wrapper" name="modern_with_named_datasets_but_no_spec"/>
    <testcase time="0.0180000000000007" classname="func_wrapper" name="modern_with_named_spec_but_no_datasets"/>
  </testsuite>
  <testsuite name="g_mean_slides" timestamp="2026-07-27T15:36:27Z" hostname="882ec17ef8c0" tests="14" skipped="5" failures="0" errors="0" time="0.81">
    <testcase time="0.161" classname="g_mean_slides" name="g_mean_slides_Test_1_Test_graph_creation_of_g_eg_slide_eg_mean_plot_"/>
    <testcase time="0.000999999999999446" classname="g_mean_slides" name="g_mean_slides_Test_1_Test_graph_creation_of_g_eg_slide_eg_mean_plot_">
      <skipped message="Reason: On CI ('test-g_mean_slides.R:20:3')"/>
    </testcase>
    <testcase time="0.0190000000000001" classname="g_mean_slides" name="g_mean_slides_Test_2_Test_error_of_g_eg_slide_"/>
    <testcase time="0.146000000000001" classname="g_mean_slides" name="g_mean_slides_Test_3_Test_graph_creation_of_g_lb_slide_lab_mean_plot_"/>
    <testcase time="0.00199999999999889" classname="g_mean_slides" name="g_mean_slides_Test_3_Test_graph_creation_of_g_lb_slide_lab_mean_plot_">
      <skipped message="Reason: On CI ('test-g_mean_slides.R:37:3')"/>
    </testcase>
    <testcase time="0.156000000000001" classname="g_mean_slides" name="g_mean_slides_Test_4_Test_graph_creation_of_g_lb_slide_lab_change_from_baseline_plot_"/>
    <testcase time="0.000999999999999446" classname="g_mean_slides" name="g_mean_slides_Test_4_Test_graph_creation_of_g_lb_slide_lab_change_from_baseline_plot_">
      <skipped message="Reason: On CI ('test-g_mean_slides.R:54:3')"/>
    </testcase>
    <testcase time="0.0180000000000007" classname="g_mean_slides" name="g_mean_slides_Test_5_Test_error_of_g_lb_slide_"/>
    <testcase time="0.116" classname="g_mean_slides" name="g_mean_slides_Test_6_Test_graph_creation_of_g_vs_slide_vital_sign_mean_plot_"/>
    <testcase time="0.00100000000000122" classname="g_mean_slides" name="g_mean_slides_Test_6_Test_graph_creation_of_g_vs_slide_vital_sign_mean_plot_">
      <skipped message="Reason: On CI ('test-g_mean_slides.R:72:3')"/>
    </testcase>
    <testcase time="0.0259999999999998" classname="g_mean_slides" name="g_mean_slides_Test_7_Test_error_of_g_vs_slide_"/>
    <testcase time="0.145" classname="g_mean_slides" name="g_mean_slides_Test_8_Test_graph_creation_of_g_mean_slide_vital_sign_mean_plot_"/>
    <testcase time="0.000999999999999446" classname="g_mean_slides" name="g_mean_slides_Test_8_Test_graph_creation_of_g_mean_slide_vital_sign_mean_plot_">
      <skipped message="Reason: On CI ('test-g_mean_slides.R:94:3')"/>
    </testcase>
    <testcase time="0.0170000000000012" classname="g_mean_slides" name="g_mean_slides_Test_9_Test_error_of_general_function_g_mean_slide_"/>
  </testsuite>
  <testsuite name="helper_functions" timestamp="2026-07-27T15:36:28Z" hostname="882ec17ef8c0" tests="2" skipped="0" failures="0" errors="0" time="0.056">
    <testcase time="0.0119999999999987" classname="helper_functions" name="Test_some_functions_in_helper_functions.R"/>
    <testcase time="0.0440000000000005" classname="helper_functions" name="Test_some_functions_in_helper_functions.R"/>
  </testsuite>
  <testsuite name="l_ae_slide" timestamp="2026-07-27T15:36:28Z" hostname="882ec17ef8c0" tests="1" skipped="0" failures="0" errors="0" time="5.108">
    <testcase time="5.108" classname="l_ae_slide" name="Test_listing_creation_of_l_ae_slide_Adverse_Events_Listing_"/>
  </testsuite>
  <testsuite name="log" timestamp="2026-07-27T15:36:33Z" hostname="882ec17ef8c0" tests="2" skipped="0" failures="0" errors="0" time="0.014">
    <testcase time="0.0120000000000005" classname="log" name="Test_some_functions_in_log.R"/>
    <testcase time="0.00199999999999889" classname="log" name="Test_some_functions_in_log.R"/>
  </testsuite>
  <testsuite name="output-table-format" timestamp="2026-07-27T15:36:33Z" hostname="882ec17ef8c0" tests="5" skipped="0" failures="0" errors="0" time="3.665">
    <testcase time="0.869000000000002" classname="output_table_format" name="save_an_autoslider_output"/>
    <testcase time="0.663999999999998" classname="output_table_format" name="save_an_autoslider_output"/>
    <testcase time="0.689" classname="output_table_format" name="save_an_autoslider_output"/>
    <testcase time="0.727" classname="output_table_format" name="save_an_autoslider_output"/>
    <testcase time="0.716000000000001" classname="output_table_format" name="save_an_autoslider_output"/>
  </testsuite>
  <testsuite name="save_output" timestamp="2026-07-27T15:36:37Z" hostname="882ec17ef8c0" tests="5" skipped="0" failures="0" errors="0" time="2.119">
    <testcase time="0.242000000000001" classname="save_output" name="save_an_output"/>
    <testcase time="0.343" classname="save_output" name="Test_save_output_Save_an_Output_"/>
    <testcase time="0.565999999999999" classname="save_output" name="Test_save_output_Save_an_Output_"/>
    <testcase time="0.311" classname="save_output" name="save_an_output"/>
    <testcase time="0.657" classname="save_output" name="save_an_output"/>
  </testsuite>
  <testsuite name="slides_preview" timestamp="2026-07-27T15:36:39Z" hostname="882ec17ef8c0" tests="3" skipped="0" failures="0" errors="0" time="0.557">
    <testcase time="0.536000000000001" classname="slides_preview" name="Test_slides_preview"/>
    <testcase time="0.0109999999999992" classname="slides_preview" name="Test_slides_preview"/>
    <testcase time="0.00999999999999801" classname="slides_preview" name="Test_slides_preview"/>
  </testsuite>
  <testsuite name="srep_outputs" timestamp="2026-07-27T15:36:40Z" hostname="882ec17ef8c0" tests="3" skipped="0" failures="0" errors="0" time="108.979">
    <testcase time="2.721" classname="srep_outputs" name="Listing_print_correctly">
      <system-out>Non-unique sibling analysis table names. Using Labels instead. Use the table_names argument to analyze to avoid this when analyzing the same variable multiple times.
	occured at (row) path: root
Backtrace:
     x
  1. +-... %&gt;% ... at test-srep_outputs.R:17:3
  2. +-autoslider.core::decorate_outputs(., version_label = NULL, for_test = TRUE)
  3. | \-base::lapply(...)
  4. \-autoslider.core::generate_outputs(., datasets = testdata)
  5.   \-base::lapply(...)
  6.     \-autoslider.core (local) FUN(X[[i]], ...)
  7.       \-autoslider.core::fastDoCall(generate_output, args)
  8.         \-base::eval(call, envir = args, enclos = envir)
  9.           \-base::eval(call, envir = args, enclos = envir)
 10.             \-autoslider.core::generate_output(...)
 11.               +-base::tryCatch(...)
 12.               | \-base (local) tryCatchList(expr, classes, parentenv, handlers)
 13.               |   \-base (local) tryCatchOne(expr, names, parentenv, handlers[[1L]])
 14.               |     \-base (local) doTryCatch(return(expr), name, parentenv, handler)
 15.               \-autoslider.core (local) func(...)
 16.                 \-autoslider.core::fastDoCall(...)
 17.                   \-base::eval(call, envir = args, enclos = envir)
 18.                     \-base::eval(call, envir = args, enclos = envir)
 19.                       \-autoslider.core (local) func(...)
 20.                         \-rtables::build_table(lyt, df = anl, alt_counts_df = adsl)
 21.                           \-base::lapply(...)
 22.                             \-rtables (local) FUN(X[[i]], ...)
 23.                               \-rtables:::recursive_applysplit(...)
 24.                                 +-rtables:::.make_split_kids(...)
 25.                                 \-rtables:::.make_split_kids(...)
 26.                                   \-rtables (local) .local(spl, have_controws, make_lrow, ...)</system-out>
    </testcase>
    <testcase time="105.258" classname="srep_outputs" name="Listing_print_correctly"/>
    <testcase time="1" classname="srep_outputs" name="Listing_print_correctly"/>
  </testsuite>
  <testsuite name="t_ae_pt_diff_slide" timestamp="2026-07-27T15:38:29Z" hostname="882ec17ef8c0" tests="9" skipped="0" failures="0" errors="0" time="1.898">
    <testcase time="0.163999999999987" classname="t_ae_pt_diff_slide" name="Test_table_creation_of_t_ae_pt_diff_slide_safety_summary_table_"/>
    <testcase time="0.152000000000015" classname="t_ae_pt_diff_slide" name="Test_table_creation_of_t_ae_pt_diff_slide_safety_summary_table_prune_by_total_2"/>
    <testcase time="0.318999999999988" classname="t_ae_pt_diff_slide" name="Test_table_creation_of_t_ae_pt_slide_safety_summary_table_prune_by_total_2"/>
    <testcase time="0.192000000000007" classname="t_ae_pt_diff_slide" name="Test_table_creation_of_t_ae_pt_slide_safety_summary_table_prune_by_total_2"/>
    <testcase time="0.324999999999989" classname="t_ae_pt_diff_slide" name="Test_table_creation_of_t_ae_pt_slide_safety_summary_table_prune_by_total_2"/>
    <testcase time="0.251000000000005" classname="t_ae_pt_diff_slide" name="Test_table_creation_of_t_ae_pt_slide_safety_summary_table_prune_by_total_2"/>
    <testcase time="0.111999999999995" classname="t_ae_pt_diff_slide" name="Test_table_creation_of_t_ae_pt_diff_slide_safety_summary_table_"/>
    <testcase time="0.322000000000003" classname="t_ae_pt_diff_slide" name="Test_table_creation_of_t_ae_pt_slide_safety_summary_table_prune_by_total_2"/>
    <testcase time="0.061000000000007" classname="t_ae_pt_diff_slide" name="Test_table_creation_of_t_ae_pt_diff_slide_with_null_report"/>
  </testsuite>
  <testsuite name="t_ae_pt_slide" timestamp="2026-07-27T15:38:31Z" hostname="882ec17ef8c0" tests="6" skipped="0" failures="0" errors="0" time="1.709">
    <testcase time="0.199999999999989" classname="t_ae_pt_slide" name="Test_table_creation_of_t_ae_pt_slide_safety_summary_table_"/>
    <testcase time="0.183999999999997" classname="t_ae_pt_slide" name="Test_table_creation_of_t_ae_pt_slide_safety_summary_table_prune_by_total_28"/>
    <testcase time="0.179000000000002" classname="t_ae_pt_slide" name="Test_table_creation_of_t_ae_pt_slide_safety_summary_table_prune_by_total_30"/>
    <testcase time="0.393000000000001" classname="t_ae_pt_slide" name="Test_table_creation_of_t_ae_pt_soc_slide_safety_summary_table_"/>
    <testcase time="0.379000000000019" classname="t_ae_pt_slide" name="Test_table_creation_of_t_ae_pt_soc_slide_safety_summary_table_prune_by_total_28"/>
    <testcase time="0.373999999999995" classname="t_ae_pt_slide" name="Test_table_creation_of_t_ae_pt_soc_slide_safety_summary_table_prune_by_total_30"/>
  </testsuite>
  <testsuite name="t_ae_pt_soc_diff_slide" timestamp="2026-07-27T15:38:32Z" hostname="882ec17ef8c0" tests="7" skipped="0" failures="0" errors="0" time="3.207">
    <testcase time="0.34899999999999" classname="t_ae_pt_soc_diff_slide" name="Test_table_creation_of_t_ae_pt_soc_diff_slide_safety_summary_table_"/>
    <testcase time="0.324999999999989" classname="t_ae_pt_soc_diff_slide" name="Test_table_creation_of_t_ae_pt_soc_diff_slide_safety_summary_table_prune_by_total_2"/>
    <testcase time="0.657000000000011" classname="t_ae_pt_soc_diff_slide" name="Test_table_creation_of_t_ae_pt_soc_diff_slide_safety_summary_table_prune_by_total_2"/>
    <testcase time="0.38300000000001" classname="t_ae_pt_soc_diff_slide" name="Test_table_creation_of_t_ae_pt_soc_diff_slide_safety_summary_table_prune_by_total_2"/>
    <testcase time="0.659999999999997" classname="t_ae_pt_soc_diff_slide" name="Test_table_creation_of_t_ae_pt_soc_diff_slide_safety_summary_table_prune_by_total_2"/>
    <testcase time="0.548000000000002" classname="t_ae_pt_soc_diff_slide" name="Test_table_creation_of_t_ae_pt_soc_diff_slide_safety_summary_table_prune_by_total_2"/>
    <testcase time="0.284999999999997" classname="t_ae_pt_soc_diff_slide" name="Test_table_creation_of_t_ae_pt_soc_diff_slide_safety_summary_table_"/>
  </testsuite>
  <testsuite name="t_ae_slide" timestamp="2026-07-27T15:38:36Z" hostname="882ec17ef8c0" tests="2" skipped="0" failures="0" errors="0" time="0.731">
    <testcase time="0.680999999999983" classname="t_ae_slide" name="Test_adverse_event_table_creation_of_t_ae_slide_Adverse_Events_for_Patient_"/>
    <testcase time="0.0500000000000114" classname="t_ae_slide" name="Test_adverse_event_table_creation_of_t_ae_slide_with_null_report"/>
  </testsuite>
  <testsuite name="t_ae_summary_slide" timestamp="2026-07-27T15:38:36Z" hostname="882ec17ef8c0" tests="4" skipped="0" failures="0" errors="0" time="1.212">
    <testcase time="0.563000000000017" classname="t_ae_summary_slide" name="Test_table_creation_of_t_ae_summ_slide_safety_summary_table_"/>
    <testcase time="0.550999999999988" classname="t_ae_summary_slide" name="Test_table_creation_of_t_ae_summ_slide_safety_summary_table_"/>
    <testcase time="0.0339999999999918" classname="t_ae_summary_slide" name="Test_t_ae_summ_slide_with_expected_Error"/>
    <testcase time="0.063999999999993" classname="t_ae_summary_slide" name="Test_t_ae_summ_slide_with_null_report"/>
  </testsuite>
  <testsuite name="t_aesi_slide" timestamp="2026-07-27T15:38:37Z" hostname="882ec17ef8c0" tests="5" skipped="0" failures="0" errors="0" time="1.425">
    <testcase time="0.489000000000004" classname="t_aesi_slide" name="Test_table_creation_of_t_aesi_slide_AESI_summary_table_with_AETOXGR_grading"/>
    <testcase time="0.459000000000003" classname="t_aesi_slide" name="Test_table_creation_of_t_aesi_slide_AESI_summary_table_with_AESEV_grading"/>
    <testcase time="0.445999999999998" classname="t_aesi_slide" name="Test_table_creation_of_t_aesi_slide_AESI_summary_table_with_custom_AEGRP_grouping"/>
    <testcase time="0.00900000000001455" classname="t_aesi_slide" name="Test_table_creation_of_t_aesi_slide_with_no_aesi_var_given"/>
    <testcase time="0.0219999999999914" classname="t_aesi_slide" name="Test_table_creation_of_t_aesi_slide_with_aesi_var_not_found_in_dataset"/>
  </testsuite>
  <testsuite name="t_dd_slide" timestamp="2026-07-27T15:38:39Z" hostname="882ec17ef8c0" tests="6" skipped="0" failures="0" errors="0" time="1.037">
    <testcase time="0.163000000000011" classname="t_dd_slide" name="Test_table_creation_of_t_dd_slide_death_table_"/>
    <testcase time="0.032999999999987" classname="t_dd_slide" name="Test_t_dd_slide_table_with_expected_Error"/>
    <testcase time="0.039999999999992" classname="t_dd_slide" name="Test_table_creation_of_with_null_report"/>
    <testcase time="0.207999999999998" classname="t_dd_slide" name="Test_table_creation_of_t_dd_slide_death_table_"/>
    <testcase time="0.350000000000023" classname="t_dd_slide" name="Test_table_creation_of_t_dd_slide_death_table_"/>
    <testcase time="0.242999999999995" classname="t_dd_slide" name="Test_table_creation_of_t_dd_slide_death_table_"/>
  </testsuite>
  <testsuite name="t_dm_slide" timestamp="2026-07-27T15:38:40Z" hostname="882ec17ef8c0" tests="6" skipped="0" failures="0" errors="0" time="3.519">
    <testcase time="0.365999999999985" classname="t_dm_slide" name="Test_demographic_table_creation_of_t_dm_slide"/>
    <testcase time="0.715000000000003" classname="t_dm_slide" name="Test_demographic_table_creation_of_t_dm_slide"/>
    <testcase time="0.717000000000013" classname="t_dm_slide" name="Test_demographic_table_creation_of_t_dm_slide"/>
    <testcase time="0.466999999999985" classname="t_dm_slide" name="Test_demographic_table_creation_of_t_dm_slide"/>
    <testcase time="0.494" classname="t_dm_slide" name="Test_demographic_table_creation_of_t_dm_slide"/>
    <testcase time="0.760000000000019" classname="t_dm_slide" name="Test_demographic_table_creation_of_t_dm_slide"/>
  </testsuite>
  <testsuite name="t_dor_slide" timestamp="2026-07-27T15:38:43Z" hostname="882ec17ef8c0" tests="2" skipped="0" failures="0" errors="0" time="0.324">
    <testcase time="0.162999999999982" classname="t_dor_slide" name="Test_DOR_table_when_time_unit_is_DAYS_"/>
    <testcase time="0.161000000000001" classname="t_dor_slide" name="Test_DOR_table_when_time_unit_is_YEARS_"/>
  </testsuite>
  <testsuite name="t_ds_slide" timestamp="2026-07-27T15:38:44Z" hostname="882ec17ef8c0" tests="5" skipped="0" failures="0" errors="0" time="2.362">
    <testcase time="0.290999999999997" classname="t_ds_slide" name="Test_table_creation_of_t_ds_slide"/>
    <testcase time="0.616000000000014" classname="t_ds_slide" name="Test_table_creation_of_t_ds_slide"/>
    <testcase time="0.367999999999995" classname="t_ds_slide" name="Test_table_creation_of_t_ds_slide"/>
    <testcase time="0.621000000000009" classname="t_ds_slide" name="Test_table_creation_of_t_ds_slide"/>
    <testcase time="0.46599999999998" classname="t_ds_slide" name="Test_table_creation_of_t_ds_slide"/>
  </testsuite>
  <testsuite name="template" timestamp="2026-07-27T15:38:46Z" hostname="882ec17ef8c0" tests="44" skipped="0" failures="0" errors="0" time="0.361">
    <testcase time="0.0120000000000005" classname="template" name="list_all_templates_test_1_returns_all_available_templates"/>
    <testcase time="0.00800000000000978" classname="template" name="use_template_test_2_saving_when_no_path_is_specified">
      <system-out>cannot remove file 'programs/R/tryout.R', reason 'No such file or directory'
Backtrace:
    x
 1. \-base::file.remove(file_location) at test-template.R:19:3</system-out>
    </testcase>
    <testcase time="0.021000000000015" classname="template" name="use_template_test_2_saving_when_no_path_is_specified"/>
    <testcase time="0.00699999999997658" classname="template" name="use_template_test_2_saving_when_no_path_is_specified"/>
    <testcase time="0.0170000000000243" classname="template" name="use_template_test_2_saving_when_no_path_is_specified"/>
    <testcase time="0.00600000000000023" classname="template" name="use_template_test_3_create_folder_when_it_does_not_exist"/>
    <testcase time="0.00699999999997658" classname="template" name="use_template_test_3_create_folder_when_it_does_not_exist"/>
    <testcase time="0.00300000000001432" classname="template" name="use_template_test_3_create_folder_when_it_does_not_exist"/>
    <testcase time="0.00999999999999091" classname="template" name="use_template_test_4_expected_errors"/>
    <testcase time="0.007000000000005" classname="template" name="use_template_test_4_expected_errors"/>
    <testcase time="0.0190000000000055" classname="template" name="use_template_test_5_when_template_is_contained_in_autoslideR"/>
    <testcase time="0.0139999999999816" classname="template" name="use_template_test_6_invalid_template"/>
    <testcase time="0.0120000000000005" classname="template" name="use_template_test_7_all_templates"/>
    <testcase time="0.00800000000000978" classname="template" name="use_template_test_7_all_templates"/>
    <testcase time="0.007000000000005" classname="template" name="use_template_test_7_all_templates"/>
    <testcase time="0.00600000000000023" classname="template" name="use_template_test_7_all_templates"/>
    <testcase time="0.007000000000005" classname="template" name="use_template_test_7_all_templates"/>
    <testcase time="0.00699999999997658" classname="template" name="use_template_test_7_all_templates"/>
    <testcase time="0.00600000000000023" classname="template" name="use_template_test_7_all_templates"/>
    <testcase time="0.007000000000005" classname="template" name="use_template_test_7_all_templates"/>
    <testcase time="0.007000000000005" classname="template" name="use_template_test_7_all_templates"/>
    <testcase time="0.007000000000005" classname="template" name="use_template_test_7_all_templates"/>
    <testcase time="0.007000000000005" classname="template" name="use_template_test_7_all_templates"/>
    <testcase time="0.00699999999997658" classname="template" name="use_template_test_7_all_templates"/>
    <testcase time="0.007000000000005" classname="template" name="use_template_test_7_all_templates"/>
    <testcase time="0.007000000000005" classname="template" name="use_template_test_7_all_templates"/>
    <testcase time="0.007000000000005" classname="template" name="use_template_test_7_all_templates"/>
    <testcase time="0.00600000000000023" classname="template" name="use_template_test_7_all_templates"/>
    <testcase time="0.0120000000000005" classname="template" name="use_template_test_5_all_templates"/>
    <testcase time="0.00600000000000023" classname="template" name="use_template_test_5_all_templates"/>
    <testcase time="0.007000000000005" classname="template" name="use_template_test_5_all_templates"/>
    <testcase time="0.007000000000005" classname="template" name="use_template_test_5_all_templates"/>
    <testcase time="0.00699999999997658" classname="template" name="use_template_test_5_all_templates"/>
    <testcase time="0.007000000000005" classname="template" name="use_template_test_5_all_templates"/>
    <testcase time="0.007000000000005" classname="template" name="use_template_test_5_all_templates"/>
    <testcase time="0.007000000000005" classname="template" name="use_template_test_5_all_templates"/>
    <testcase time="0.00600000000000023" classname="template" name="use_template_test_5_all_templates"/>
    <testcase time="0.007000000000005" classname="template" name="use_template_test_5_all_templates"/>
    <testcase time="0.00699999999997658" classname="template" name="use_template_test_5_all_templates"/>
    <testcase time="0.007000000000005" classname="template" name="use_template_test_5_all_templates"/>
    <testcase time="0.007000000000005" classname="template" name="use_template_test_5_all_templates"/>
    <testcase time="0.007000000000005" classname="template" name="use_template_test_5_all_templates"/>
    <testcase time="0.007000000000005" classname="template" name="use_template_test_5_all_templates"/>
    <testcase time="0.007000000000005" classname="template" name="use_template_test_5_all_templates"/>
  </testsuite>
  <testsuite name="toslide" timestamp="2026-07-27T15:38:46Z" hostname="882ec17ef8c0" tests="2" skipped="0" failures="0" errors="0" time="2.863">
    <testcase time="1.85999999999999" classname="toslide" name="Test_layout_is_in_layout"/>
    <testcase time="1.00300000000001" classname="toslide" name="Test_layout_is_in_layout"/>
  </testsuite>
  <testsuite name="util" timestamp="2026-07-27T15:38:49Z" hostname="882ec17ef8c0" tests="64" skipped="0" failures="0" errors="0" time="0.271">
    <testcase time="0.0149999999999864" classname="util" name="Test_some_functions_in_util.R"/>
    <testcase time="0.00200000000000955" classname="util" name="Test_some_functions_in_util.R"/>
    <testcase time="0.00100000000000477" classname="util" name="Test_some_functions_in_util.R"/>
    <testcase time="0.000999999999976353" classname="util" name="Test_some_functions_in_util.R"/>
    <testcase time="0.00200000000000955" classname="util" name="Test_some_functions_in_util.R"/>
    <testcase time="0.00100000000000477" classname="util" name="Test_some_functions_in_util.R"/>
    <testcase time="0.007000000000005" classname="util" name="Test_some_functions_in_util.R">
      <system-out>running command 'git remote -v' had status 128 and error message 'Function not implemented'
Backtrace:
     x
  1. +-testthat::expect_no_error(get_remote_url()) at test-util.R:12:3
  2. | \-testthat:::expect_no_(...)
  3. |   \-testthat:::quasi_capture(enquo(object), NULL, capture)
  4. |     +-testthat (local) .capture(...)
  5. |     | +-base::withRestarts(...)
  6. |     | | \-base (local) withOneRestart(expr, restarts[[1L]])
  7. |     | |   \-base (local) doWithOneRestart(return(expr), restart)
  8. |     | \-base::withCallingHandlers(...)
  9. |     \-rlang::eval_bare(quo_get_expr(.quo), quo_get_env(.quo))
 10. \-autoslider.core:::get_remote_url()
 11.   \-base::system("git remote -v", intern = TRUE)</system-out>
    </testcase>
    <testcase time="0.00799999999998136" classname="util" name="Test_some_functions_in_util.R"/>
    <testcase time="0.007000000000005" classname="util" name="Test_some_functions_in_util.R">
      <system-out>running command 'git rev-parse HEAD' had status 128 and error message 'Function not implemented'
Backtrace:
     x
  1. +-testthat::expect_no_error(get_last_gitcommit_sha()) at test-util.R:13:3
  2. | \-testthat:::expect_no_(...)
  3. |   \-testthat:::quasi_capture(enquo(object), NULL, capture)
  4. |     +-testthat (local) .capture(...)
  5. |     | +-base::withRestarts(...)
  6. |     | | \-base (local) withOneRestart(expr, restarts[[1L]])
  7. |     | |   \-base (local) doWithOneRestart(return(expr), restart)
  8. |     | \-base::withCallingHandlers(...)
  9. |     \-rlang::eval_bare(quo_get_expr(.quo), quo_get_env(.quo))
 10. \-autoslider.core:::get_last_gitcommit_sha()
 11.   \-base::system("git rev-parse HEAD", intern = TRUE)</system-out>
    </testcase>
    <testcase time="0.00900000000001455" classname="util" name="Test_some_functions_in_util.R"/>
    <testcase time="0.00600000000000023" classname="util" name="Test_some_functions_in_util.R">
      <system-out>running command 'git rev-parse --abbrev-ref HEAD' had status 128 and error message 'Function not implemented'
Backtrace:
     x
  1. +-testthat::expect_no_error(get_repo_head_name()) at test-util.R:14:3
  2. | \-testthat:::expect_no_(...)
  3. |   \-testthat:::quasi_capture(enquo(object), NULL, capture)
  4. |     +-testthat (local) .capture(...)
  5. |     | +-base::withRestarts(...)
  6. |     | | \-base (local) withOneRestart(expr, restarts[[1L]])
  7. |     | |   \-base (local) doWithOneRestart(return(expr), restart)
  8. |     | \-base::withCallingHandlers(...)
  9. |     \-rlang::eval_bare(quo_get_expr(.quo), quo_get_env(.quo))
 10. \-autoslider.core:::get_repo_head_name()
 11.   \-base::system("git rev-parse --abbrev-ref HEAD", intern = TRUE)</system-out>
    </testcase>
    <testcase time="0.00799999999998136" classname="util" name="Test_some_functions_in_util.R"/>
    <testcase time="0.00500000000002387" classname="util" name="Test_some_functions_in_util.R"/>
    <testcase time="0.0029999999999859" classname="util" name="Test_some_functions_in_util.R"/>
    <testcase time="0.00100000000000477" classname="util" name="Test_some_functions_in_util.R"/>
    <testcase time="0.00200000000000955" classname="util" name="Test_some_functions_in_util.R"/>
    <testcase time="0.000999999999976353" classname="util" name="Test_some_functions_in_util.R"/>
    <testcase time="0.00100000000000477" classname="util" name="Test_some_functions_in_util.R"/>
    <testcase time="0.00300000000001432" classname="util" name="Test_some_functions_in_util.R_validate_paper_size_works_correctly"/>
    <testcase time="0.00199999999998113" classname="util" name="Test_some_functions_in_util.R_validate_paper_size_works_correctly"/>
    <testcase time="0.00200000000000955" classname="util" name="Test_some_functions_in_util.R_validate_paper_size_works_correctly"/>
    <testcase time="0.00499999999999545" classname="util" name="Test_some_functions_in_util.R_validate_paper_size_works_correctly"/>
    <testcase time="0.00499999999999545" classname="util" name="Test_some_functions_in_util.R_validate_paper_size_works_correctly"/>
    <testcase time="0.00499999999999545" classname="util" name="Test_some_functions_in_util.R_validate_paper_size_works_correctly"/>
    <testcase time="0.00600000000000023" classname="util" name="Test_some_functions_in_util.R_validate_paper_size_works_correctly"/>
    <testcase time="0.00800000000000978" classname="util" name="Test_some_functions_in_util.R_Legacy_warning_functions_work_as_expected"/>
    <testcase time="0.00200000000000955" classname="util" name="Test_some_functions_in_util.R_Legacy_warning_functions_work_as_expected"/>
    <testcase time="0.00499999999999545" classname="util" name="Test_some_functions_in_util.R_Legacy_warning_functions_work_as_expected"/>
    <testcase time="0.00200000000000955" classname="util" name="Test_some_functions_in_util.R_Legacy_warning_functions_work_as_expected"/>
    <testcase time="0.00499999999999545" classname="util" name="Test_some_functions_in_util.R_Legacy_warning_functions_work_as_expected"/>
    <testcase time="0.00600000000000023" classname="util" name="Test_some_functions_in_util.R_vbar2newline_correctly_replaces_vertical_bars"/>
    <testcase time="0.0029999999999859" classname="util" name="Test_some_functions_in_util.R_vbar2newline_correctly_replaces_vertical_bars"/>
    <testcase time="0.00300000000001432" classname="util" name="Test_some_functions_in_util.R_vbar2newline_correctly_replaces_vertical_bars"/>
    <testcase time="0.0029999999999859" classname="util" name="Test_some_functions_in_util.R_vbar2newline_correctly_replaces_vertical_bars"/>
    <testcase time="0.00300000000001432" classname="util" name="Test_some_functions_in_util.R_vbar2newline_correctly_replaces_vertical_bars"/>
    <testcase time="0.007000000000005" classname="util" name="Test_some_functions_in_util.R_munge_spaces_correctly_replaces_various_whitespace"/>
    <testcase time="0.0029999999999859" classname="util" name="Test_some_functions_in_util.R_munge_spaces_correctly_replaces_various_whitespace"/>
    <testcase time="0.00200000000000955" classname="util" name="Test_some_functions_in_util.R_munge_spaces_correctly_replaces_various_whitespace"/>
    <testcase time="0.0029999999999859" classname="util" name="Test_some_functions_in_util.R_munge_spaces_correctly_replaces_various_whitespace"/>
    <testcase time="0.00300000000001432" classname="util" name="Test_some_functions_in_util.R_munge_spaces_correctly_replaces_various_whitespace"/>
    <testcase time="0.00600000000000023" classname="util" name="Test_some_functions_in_util.R_split_chunk_correctly_splits_text_into_words"/>
    <testcase time="0.0029999999999859" classname="util" name="Test_some_functions_in_util.R_split_chunk_correctly_splits_text_into_words"/>
    <testcase time="0.00200000000000955" classname="util" name="Test_some_functions_in_util.R_split_chunk_correctly_splits_text_into_words"/>
    <testcase time="0.0029999999999859" classname="util" name="Test_some_functions_in_util.R_split_chunk_correctly_splits_text_into_words"/>
    <testcase time="0.00300000000001432" classname="util" name="Test_some_functions_in_util.R_split_chunk_correctly_splits_text_into_words"/>
    <testcase time="0.00600000000000023" classname="util" name="Test_some_functions_in_util.R_wrap_chunk_wraps_text_correctly"/>
    <testcase time="0.00199999999998113" classname="util" name="Test_some_functions_in_util.R_wrap_chunk_wraps_text_correctly"/>
    <testcase time="0.00300000000001432" classname="util" name="Test_some_functions_in_util.R_wrap_chunk_wraps_text_correctly"/>
    <testcase time="0.0029999999999859" classname="util" name="Test_some_functions_in_util.R_wrap_chunk_wraps_text_correctly"/>
    <testcase time="0.00300000000001432" classname="util" name="Test_some_functions_in_util.R_wrap_chunk_wraps_text_correctly"/>
    <testcase time="0.0029999999999859" classname="util" name="Test_some_functions_in_util.R_wrap_chunk_wraps_text_correctly"/>
    <testcase time="0.007000000000005" classname="util" name="Test_some_functions_in_util.R_git_footnote_returns_repo"/>
    <testcase time="0.007000000000005" classname="util" name="Test_some_functions_in_util.R_create_new_reporting_event"/>
    <testcase time="0.00200000000000955" classname="util" name="Test_some_functions_in_util.R_create_new_reporting_event"/>
    <testcase time="0.00699999999997658" classname="util" name="Test_some_functions_in_util.R_create_output_name"/>
    <testcase time="0.00200000000000955" classname="util" name="Test_some_functions_in_util.R_create_output_name"/>
    <testcase time="0.0029999999999859" classname="util" name="Test_some_functions_in_util.R_create_output_name"/>
    <testcase time="0.00300000000001432" classname="util" name="Test_some_functions_in_util.R_create_output_name"/>
    <testcase time="0.007000000000005" classname="util" name="Test_some_functions_in_util.R_text_wrap_cut_works_correctly"/>
    <testcase time="0.0029999999999859" classname="util" name="Test_some_functions_in_util.R_text_wrap_cut_works_correctly"/>
    <testcase time="0.0109999999999957" classname="util" name="Test_some_functions_in_util.R_text_wrap_cut_works_correctly"/>
    <testcase time="0.0040000000000191" classname="util" name="Test_some_functions_in_util.R_text_wrap_cut_works_correctly"/>
    <testcase time="0.00799999999998136" classname="util" name="Test_some_functions_in_util.R_text_wrap_cut_keepreturn_respects_existing_newlines"/>
    <testcase time="0.0040000000000191" classname="util" name="Test_some_functions_in_util.R_text_wrap_cut_keepreturn_respects_existing_newlines"/>
  </testsuite>
  <testsuite name="ai" timestamp="2026-07-27T15:38:50Z" hostname="882ec17ef8c0" tests="2" skipped="2" failures="0" errors="0" time="0.049">
    <testcase time="0.032999999999987" classname="ai" name="Listing_print_correctly">
      <skipped message="Reason: Sys.which(&quot;ollama&quot;) == &quot;&quot; is TRUE ('test_ai.R:4:3')"/>
    </testcase>
    <testcase time="0.0160000000000196" classname="ai" name="using_ollama">
      <skipped message="Reason: Sys.which(&quot;ollama&quot;) == &quot;&quot; is TRUE ('test_ai.R:60:3')"/>
    </testcase>
  </testsuite>
  <testsuite name="format_date" timestamp="2026-07-27T15:38:50Z" hostname="882ec17ef8c0" tests="5" skipped="0" failures="0" errors="0" time="0.181">
    <testcase time="0.135999999999996" classname="format_date" name="Test_format_date"/>
    <testcase time="0.0130000000000052" classname="format_date" name="Test_format_date"/>
    <testcase time="0.00899999999998613" classname="format_date" name="Test_format_date"/>
    <testcase time="0.0120000000000005" classname="format_date" name="Test_format_date"/>
    <testcase time="0.0109999999999957" classname="format_date" name="Test_format_date"/>
  </testsuite>
</testsuites>
