<?xml version="1.0" encoding="UTF-8"?>
<testsuites>
  <testsuite name="ai-offline" timestamp="2026-09-08T09:52:00Z" hostname="20f9c8ed1ba8" tests="16" skipped="0" failures="0" errors="0" time="1.037">
    <testcase time="0.0150000000000001" classname="ai_offline" name="get_system_prompt_returns_its_text"/>
    <testcase time="0.0209999999999999" classname="ai_offline" name="get_system_prompt_returns_its_text"/>
    <testcase time="0.0169999999999999" classname="ai_offline" name="get_deepseek_key_get_portkey_key_read_a_key_file"/>
    <testcase time="0.00300000000000011" classname="ai_offline" name="get_deepseek_key_get_portkey_key_read_a_key_file"/>
    <testcase time="0.0140000000000002" classname="ai_offline" name="get_prompt_list_reads_the_packaged_prompt.yml_as_a_spec"/>
    <testcase time="0.00299999999999967" classname="ai_offline" name="get_prompt_list_reads_the_packaged_prompt.yml_as_a_spec"/>
    <testcase time="0.00300000000000011" classname="ai_offline" name="get_prompt_list_reads_the_packaged_prompt.yml_as_a_spec"/>
    <testcase time="0.717" classname="ai_offline" name="integrate_prompt_substitutes_table_text_with_the_table_content"/>
    <testcase time="0.00300000000000011" classname="ai_offline" name="integrate_prompt_substitutes_table_text_with_the_table_content"/>
    <testcase time="0.00299999999999967" classname="ai_offline" name="integrate_prompt_substitutes_table_text_with_the_table_content"/>
    <testcase time="0.00200000000000022" classname="ai_offline" name="integrate_prompt_substitutes_table_text_with_the_table_content"/>
    <testcase time="0.00499999999999989" classname="ai_offline" name="get_ellmer_chat_returns_NULL_for_an_unknown_platform"/>
    <testcase time="0.00700000000000012" classname="ai_offline" name="get_ai_notes_passes_autoslider_error_outputs_through_untouched"/>
    <testcase time="0.00200000000000022" classname="ai_offline" name="get_ai_notes_passes_autoslider_error_outputs_through_untouched"/>
    <testcase time="0.219" classname="ai_offline" name="get_ai_notes_skips_outputs_whose_name_is_not_in_the_prompt_list"/>
    <testcase time="0.00300000000000011" classname="ai_offline" name="get_ai_notes_skips_outputs_whose_name_is_not_in_the_prompt_list"/>
  </testsuite>
  <testsuite name="appendix" timestamp="2026-09-08T09:52:01Z" hostname="20f9c8ed1ba8" tests="22" skipped="0" failures="0" errors="0" time="1.686">
    <testcase time="0.232" classname="appendix" name="initialize_to_page_test_1_when_to_page_is_null"/>
    <testcase time="0.105" classname="appendix" name="initialize_to_page_test_2_given_to_page_value"/>
    <testcase time="0.0779999999999994" classname="appendix" name="initialize_to_page_test_3_if_to_page_is_too_large"/>
    <testcase time="0.141" classname="appendix" name="postprocessing_doc_test_1_save_file_TRUE"/>
    <testcase time="0.00300000000000011" classname="appendix" name="postprocessing_doc_test_1_save_file_TRUE"/>
    <testcase time="0.0579999999999998" classname="appendix" name="postprocessing_doc_test_2_save_file_FALSE"/>
    <testcase time="0.00300000000000011" classname="appendix" name="postprocessing_doc_test_2_save_file_FALSE"/>
    <testcase time="0.0840000000000005" classname="appendix" name="postprocessing_doc_test_3_doc_o_is_not_a_ppt"/>
    <testcase time="0.0609999999999999" classname="appendix" name="initialize_doc_original_test_1_returns_existing_doc_original"/>
    <testcase time="0.149" classname="appendix" name="initialize_doc_original_test_2_reads_from_file_when_doc_original_is_NULL"/>
    <testcase time="0.159" classname="appendix" name="append_title_slides_test_1_save_file"/>
    <testcase time="0.00300000000000011" classname="appendix" name="append_title_slides_test_1_save_file"/>
    <testcase time="0.00300000000000011" classname="appendix" name="append_title_slides_test_1_save_file"/>
    <testcase time="0.151000000000001" classname="appendix" name="append_section_header_slides_test_1_not_save_file"/>
    <testcase time="0.00299999999999923" classname="appendix" name="append_section_header_slides_test_1_not_save_file"/>
    <testcase time="0.00300000000000011" classname="appendix" name="append_section_header_slides_test_1_not_save_file"/>
    <testcase time="0.237" classname="appendix" name="append_all_slides_correctly_adds_multiple_slides_based_on_page_list"/>
    <testcase time="0.00300000000000011" classname="appendix" name="append_all_slides_correctly_adds_multiple_slides_based_on_page_list"/>
    <testcase time="0.00300000000000011" classname="appendix" name="append_all_slides_correctly_adds_multiple_slides_based_on_page_list"/>
    <testcase time="0.0549999999999997" classname="appendix" name="append_all_slides_correctly_adds_multiple_slides_based_on_page_list"/>
    <testcase time="0.00400000000000045" classname="appendix" name="append_all_slides_correctly_adds_multiple_slides_based_on_page_list"/>
    <testcase time="0.148" classname="appendix" name="append_all_slides_test_2_error_if_page_list_exceeds_max_pages_1"/>
  </testsuite>
  <testsuite name="apply_tokens" timestamp="2026-09-08T09:52:03Z" hostname="20f9c8ed1ba8" tests="10" skipped="0" failures="0" errors="0" time="0.135">
    <testcase time="0.0270000000000001" classname="apply_tokens" name="apply_tokens_substitutes_tokens_from_a_metadata_list"/>
    <testcase time="0.00599999999999934" classname="apply_tokens" name="apply_tokens_collapses_a_character_vector_by_newline_matching_glue_"/>
    <testcase time="0.00600000000000023" classname="apply_tokens" name="apply_tokens_is_a_no_op_when_there_are_no_tokens"/>
    <testcase time="0.00300000000000011" classname="apply_tokens" name="apply_tokens_is_a_no_op_when_there_are_no_tokens"/>
    <testcase time="0.00600000000000023" classname="apply_tokens" name="apply_tokens_returns_the_input_unchanged_for_zero_length_input"/>
    <testcase time="0.00800000000000001" classname="apply_tokens" name="apply_tokens_errors_informatively_on_an_unknown_token"/>
    <testcase time="0.00800000000000001" classname="apply_tokens" name="apply_tokens_validates_its_arguments"/>
    <testcase time="0.00399999999999956" classname="apply_tokens" name="apply_tokens_validates_its_arguments"/>
    <testcase time="0.00699999999999967" classname="apply_tokens" name="apply_tokens_falls_back_to_the_calling_environment_when_metadata_lacks_the_token"/>
    <testcase time="0.0600000000000005" classname="apply_tokens" name="metadata_tokens_flow_into_decorated_table_titles"/>
  </testsuite>
  <testsuite name="assert" timestamp="2026-09-08T09:52:03Z" hostname="20f9c8ed1ba8" tests="17" skipped="0" failures="0" errors="0" time="0.079">
    <testcase time="0.00900000000000034" classname="assert" name="assert_is_character_scalar_works_correctly"/>
    <testcase time="0.00499999999999989" classname="assert" name="assert_is_character_scalar_works_correctly"/>
    <testcase time="0.00499999999999989" classname="assert" name="assert_is_character_scalar_works_correctly"/>
    <testcase time="0.00399999999999956" classname="assert" name="assert_is_character_scalar_works_correctly"/>
    <testcase time="0.00400000000000045" classname="assert" name="assert_is_character_scalar_works_correctly"/>
    <testcase time="0.00499999999999989" classname="assert" name="assert_is_character_scalar_works_correctly"/>
    <testcase time="0.00499999999999989" classname="assert" name="assert_exists_in_spec_or_calling_env_is_robustly_testable"/>
    <testcase time="0.00100000000000033" classname="assert" name="assert_exists_in_spec_or_calling_env_is_robustly_testable"/>
    <testcase time="0.00499999999999989" classname="assert" name="assert_exists_in_spec_or_calling_env_is_robustly_testable"/>
    <testcase time="0.00499999999999989" classname="assert" name="assert_is_valid_filter_result_passes_with_valid_inputs"/>
    <testcase time="0.00100000000000033" classname="assert" name="assert_is_valid_filter_result_passes_with_valid_inputs"/>
    <testcase time="0.00800000000000001" classname="assert" name="assert_is_valid_filter_result_fails_with_invalid_inputs"/>
    <testcase time="0.00399999999999956" classname="assert" name="assert_is_valid_filter_result_fails_with_invalid_inputs"/>
    <testcase time="0.00499999999999989" classname="assert" name="assert_is_valid_filter_result_fails_with_invalid_inputs"/>
    <testcase time="0.00400000000000045" classname="assert" name="assert_is_valid_filter_result_fails_with_invalid_inputs"/>
    <testcase time="0.00399999999999956" classname="assert" name="assert_is_valid_filter_result_fails_with_invalid_inputs"/>
    <testcase time="0.00499999999999989" classname="assert" name="assert_is_valid_filter_result_fails_with_invalid_inputs"/>
  </testsuite>
  <testsuite name="bad_filters" timestamp="2026-09-08T09:52:03Z" hostname="20f9c8ed1ba8" tests="1" skipped="0" failures="0" errors="0" time="0.027">
    <testcase time="0.0270000000000001" classname="bad_filters" name="Listing_print_correctly"/>
  </testsuite>
  <testsuite name="data_snapshot" timestamp="2026-09-08T09:52:03Z" hostname="20f9c8ed1ba8" tests="18" skipped="0" failures="0" errors="0" time="0.523">
    <testcase time="0.0369999999999999" classname="data_snapshot" name="Test_data_snapshot"/>
    <testcase time="0.069" classname="data_snapshot" name="Test_data_snapshot"/>
    <testcase time="0.00999999999999979" classname="data_snapshot" name="Test_data_snapshot"/>
    <testcase time="0.0460000000000003" classname="data_snapshot" name="Test_data_snapshot"/>
    <testcase time="0.00900000000000034" classname="data_snapshot" name="Test_data_snapshot"/>
    <testcase time="0.0439999999999996" classname="data_snapshot" name="Test_data_snapshot"/>
    <testcase time="0.00999999999999979" classname="data_snapshot" name="Test_data_snapshot"/>
    <testcase time="0.0530000000000008" classname="data_snapshot" name="Test_data_snapshot"/>
    <testcase time="0.00999999999999979" classname="data_snapshot" name="Test_data_snapshot"/>
    <testcase time="0.04" classname="data_snapshot" name="Test_data_snapshot"/>
    <testcase time="0.00899999999999945" classname="data_snapshot" name="Test_data_snapshot"/>
    <testcase time="0.0380000000000003" classname="data_snapshot" name="Test_data_snapshot"/>
    <testcase time="0.0200000000000005" classname="data_snapshot" name="Test_data_snapshot"/>
    <testcase time="0.0179999999999998" classname="data_snapshot" name="Test_data_snapshot"/>
    <testcase time="0.00900000000000034" classname="data_snapshot" name="Test_data_snapshot"/>
    <testcase time="0.0419999999999998" classname="data_snapshot" name="Test_data_snapshot"/>
    <testcase time="0.00900000000000034" classname="data_snapshot" name="Test_data_snapshot"/>
    <testcase time="0.0499999999999998" classname="data_snapshot" name="Test_data_snapshot"/>
  </testsuite>
  <testsuite name="decorate" timestamp="2026-09-08T09:52:04Z" hostname="20f9c8ed1ba8" tests="10" skipped="0" failures="0" errors="0" time="1.223">
    <testcase time="0.137" classname="decorate" name="Test_decoreate.grob_not_to_throw"/>
    <testcase time="0.23" classname="decorate" name="Test_decoreate.grob_not_to_throw"/>
    <testcase time="0.00499999999999989" classname="decorate" name="Test_decoreate_not_to_throw"/>
    <testcase time="0.164000000000001" classname="decorate" name="Test_decoreate_not_to_throw"/>
    <testcase time="0.0969999999999995" classname="decorate" name="Test_print_not_to_throw"/>
    <testcase time="0.102" classname="decorate" name="Test_print_not_to_throw"/>
    <testcase time="0.192" classname="decorate" name="Test_print_not_to_throw"/>
    <testcase time="0.00800000000000001" classname="decorate" name="Test_decoreate_throw"/>
    <testcase time="0.218999999999999" classname="decorate" name="Test_ph_with_img_not_to_throw">
      <system-out>Calling `add_slide()` without specifying a `layout` is deprecated.
 Please pass a `layout` or use `layout_default()` to set a default.
 =&gt; I will now continue with the former `layout` default "Title and Content" for backwards compatibility...
Backtrace:
    x
 1. \-autoslider.core:::do_call(add_slide, x = ppt, master = ppt_master) at test-decorate.R:71:3
 2.   +-base::do.call(fun, args[intersect(names(args), formalArgs(fun))])
 3.   \-officer (local) `&lt;fn&gt;`(x = `&lt;rpptx&gt;`, master = "Office Theme")
 4.     \-base::.Deprecated(...)</system-out>
    </testcase>
    <testcase time="0.069" classname="decorate" name="Test_ph_with_img_not_to_throw"/>
  </testsuite>
  <testsuite name="filter_spec-verbose" timestamp="2026-09-08T09:52:05Z" hostname="20f9c8ed1ba8" tests="1" skipped="0" failures="0" errors="0" time="0.032">
    <testcase time="0.032" classname="filter_spec_verbose" name="Listing_print_correctly"/>
  </testsuite>
  <testsuite name="formats" timestamp="2026-09-08T09:52:05Z" hostname="20f9c8ed1ba8" tests="6" skipped="0" failures="0" errors="0" time="0.098">
    <testcase time="0.0150000000000006" classname="formats" name="new_round_function"/>
    <testcase time="0.0569999999999995" classname="formats" name="new_round_function"/>
    <testcase time="0.00800000000000001" classname="formats" name="xx.xx_xx.xx_"/>
    <testcase time="0.00600000000000023" classname="formats" name="xx.xx_xx.x_"/>
    <testcase time="0.00600000000000023" classname="formats" name="_xx_xx_"/>
    <testcase time="0.00599999999999934" classname="formats" name="xx.xx_xx.xx_xx.xx_"/>
  </testsuite>
  <testsuite name="ft_format" timestamp="2026-09-08T09:52:06Z" hostname="20f9c8ed1ba8" tests="2" skipped="0" failures="0" errors="0" time="1.54">
    <testcase time="1.535" classname="ft_format" name="demographic_table_formatting"/>
    <testcase time="0.00500000000000078" classname="ft_format" name="demographic_table_formatting"/>
  </testsuite>
  <testsuite name="func_wrapper" timestamp="2026-09-08T09:52:07Z" hostname="20f9c8ed1ba8" tests="5" skipped="0" failures="0" errors="0" time="0.64">
    <testcase time="0.44" classname="func_wrapper" name="legacy_with_datasets_and_spec"/>
    <testcase time="0.146000000000001" classname="func_wrapper" name="legacy_with_datasets_but_no_spec"/>
    <testcase time="0.0189999999999984" classname="func_wrapper" name="modern_with_named_datasets_and_spec"/>
    <testcase time="0.0170000000000012" classname="func_wrapper" name="modern_with_named_datasets_but_no_spec"/>
    <testcase time="0.0179999999999989" classname="func_wrapper" name="modern_with_named_spec_but_no_datasets"/>
  </testsuite>
  <testsuite name="g_mean_slides" timestamp="2026-09-08T09:52:07Z" hostname="20f9c8ed1ba8" tests="14" skipped="5" failures="0" errors="0" time="0.833">
    <testcase time="0.171000000000001" classname="g_mean_slides" name="g_mean_slides_Test_1_Test_graph_creation_of_g_eg_slide_eg_mean_plot_"/>
    <testcase time="0.00199999999999889" classname="g_mean_slides" name="g_mean_slides_Test_1_Test_graph_creation_of_g_eg_slide_eg_mean_plot_">
      <skipped message="Reason: On CI ('test-g_mean_slides.R:20:3')"/>
    </testcase>
    <testcase time="0.0180000000000007" classname="g_mean_slides" name="g_mean_slides_Test_2_Test_error_of_g_eg_slide_"/>
    <testcase time="0.137" classname="g_mean_slides" name="g_mean_slides_Test_3_Test_graph_creation_of_g_lb_slide_lab_mean_plot_"/>
    <testcase time="0.000999999999999446" classname="g_mean_slides" name="g_mean_slides_Test_3_Test_graph_creation_of_g_lb_slide_lab_mean_plot_">
      <skipped message="Reason: On CI ('test-g_mean_slides.R:37:3')"/>
    </testcase>
    <testcase time="0.176" classname="g_mean_slides" name="g_mean_slides_Test_4_Test_graph_creation_of_g_lb_slide_lab_change_from_baseline_plot_"/>
    <testcase time="0.000999999999999446" classname="g_mean_slides" name="g_mean_slides_Test_4_Test_graph_creation_of_g_lb_slide_lab_change_from_baseline_plot_">
      <skipped message="Reason: On CI ('test-g_mean_slides.R:54:3')"/>
    </testcase>
    <testcase time="0.0180000000000007" classname="g_mean_slides" name="g_mean_slides_Test_5_Test_error_of_g_lb_slide_"/>
    <testcase time="0.118" classname="g_mean_slides" name="g_mean_slides_Test_6_Test_graph_creation_of_g_vs_slide_vital_sign_mean_plot_"/>
    <testcase time="0.000999999999999446" classname="g_mean_slides" name="g_mean_slides_Test_6_Test_graph_creation_of_g_vs_slide_vital_sign_mean_plot_">
      <skipped message="Reason: On CI ('test-g_mean_slides.R:72:3')"/>
    </testcase>
    <testcase time="0.0280000000000005" classname="g_mean_slides" name="g_mean_slides_Test_7_Test_error_of_g_vs_slide_"/>
    <testcase time="0.141999999999999" classname="g_mean_slides" name="g_mean_slides_Test_8_Test_graph_creation_of_g_mean_slide_vital_sign_mean_plot_"/>
    <testcase time="0.00200000000000067" classname="g_mean_slides" name="g_mean_slides_Test_8_Test_graph_creation_of_g_mean_slide_vital_sign_mean_plot_">
      <skipped message="Reason: On CI ('test-g_mean_slides.R:94:3')"/>
    </testcase>
    <testcase time="0.0179999999999989" classname="g_mean_slides" name="g_mean_slides_Test_9_Test_error_of_general_function_g_mean_slide_"/>
  </testsuite>
  <testsuite name="gtsummary" timestamp="2026-09-08T09:52:08Z" hostname="20f9c8ed1ba8" tests="25" skipped="0" failures="0" errors="0" time="0.863">
    <testcase time="0.273" classname="gtsummary" name="decorate_dispatches_to_decorate.gtsummary_for_plain_tbl_summary"/>
    <testcase time="0.00200000000000067" classname="gtsummary" name="decorate_dispatches_to_decorate.gtsummary_for_plain_tbl_summary"/>
    <testcase time="0.00399999999999956" classname="gtsummary" name="decorate_dispatches_to_decorate.gtsummary_for_plain_tbl_summary"/>
    <testcase time="0.00300000000000011" classname="gtsummary" name="decorate_dispatches_to_decorate.gtsummary_for_plain_tbl_summary"/>
    <testcase time="0.00300000000000011" classname="gtsummary" name="decorate_dispatches_to_decorate.gtsummary_for_plain_tbl_summary"/>
    <testcase time="0.00200000000000067" classname="gtsummary" name="decorate_dispatches_to_decorate.gtsummary_for_plain_tbl_summary"/>
    <testcase time="0.00600000000000023" classname="gtsummary" name="decorate_dispatches_to_decorate.gtsummary_for_tbl_roche_summary_class"/>
    <testcase time="0.00300000000000011" classname="gtsummary" name="decorate_dispatches_to_decorate.gtsummary_for_tbl_roche_summary_class"/>
    <testcase time="0.00300000000000011" classname="gtsummary" name="decorate_dispatches_to_decorate.gtsummary_for_tbl_roche_summary_class"/>
    <testcase time="0.00199999999999889" classname="gtsummary" name="decorate_dispatches_to_decorate.gtsummary_for_tbl_roche_summary_class"/>
    <testcase time="0.00200000000000067" classname="gtsummary" name="decorate_dispatches_to_decorate.gtsummary_for_tbl_roche_summary_class"/>
    <testcase time="0.00300000000000011" classname="gtsummary" name="decorate_dispatches_to_decorate.gtsummary_for_tbl_roche_summary_class"/>
    <testcase time="0.00300000000000011" classname="gtsummary" name="decorate_dispatches_to_decorate.gtsummary_for_tbl_roche_summary_class"/>
    <testcase time="0.00199999999999889" classname="gtsummary" name="decorate_dispatches_to_decorate.gtsummary_for_tbl_roche_summary_class"/>
    <testcase time="0.00300000000000011" classname="gtsummary" name="decorate_dispatches_to_decorate.gtsummary_for_tbl_roche_summary_class"/>
    <testcase time="0.233000000000001" classname="gtsummary" name="to_flextable_returns_dflextable_with_title_for_dgtsummary"/>
    <testcase time="0.000999999999999446" classname="gtsummary" name="to_flextable_returns_dflextable_with_title_for_dgtsummary"/>
    <testcase time="0.00300000000000011" classname="gtsummary" name="to_flextable_returns_dflextable_with_title_for_dgtsummary"/>
    <testcase time="0.00300000000000011" classname="gtsummary" name="to_flextable_returns_dflextable_with_title_for_dgtsummary"/>
    <testcase time="0.00300000000000011" classname="gtsummary" name="to_flextable_returns_dflextable_with_title_for_dgtsummary"/>
    <testcase time="0.00300000000000011" classname="gtsummary" name="to_flextable_returns_dflextable_with_title_for_dgtsummary"/>
    <testcase time="0.000999999999999446" classname="gtsummary" name="to_flextable_returns_dflextable_with_title_for_dgtsummary"/>
    <testcase time="0.297000000000001" classname="gtsummary" name="gt_t_dm_slide_output_can_be_decorated"/>
    <testcase time="0.00200000000000067" classname="gtsummary" name="gt_t_dm_slide_output_can_be_decorated"/>
    <testcase time="0.00300000000000011" classname="gtsummary" name="gt_t_dm_slide_output_can_be_decorated"/>
  </testsuite>
  <testsuite name="helper_functions" timestamp="2026-09-08T09:52:09Z" hostname="20f9c8ed1ba8" tests="2" skipped="0" failures="0" errors="0" time="0.055">
    <testcase time="0.0109999999999992" classname="helper_functions" name="Test_some_functions_in_helper_functions.R"/>
    <testcase time="0.0440000000000005" classname="helper_functions" name="Test_some_functions_in_helper_functions.R"/>
  </testsuite>
  <testsuite name="l_ae_slide" timestamp="2026-09-08T09:52:09Z" hostname="20f9c8ed1ba8" tests="1" skipped="0" failures="0" errors="0" time="5.236">
    <testcase time="5.236" classname="l_ae_slide" name="Test_listing_creation_of_l_ae_slide_Adverse_Events_Listing_"/>
  </testsuite>
  <testsuite name="l_vs_slide" timestamp="2026-09-08T09:52:14Z" hostname="20f9c8ed1ba8" tests="3" skipped="0" failures="0" errors="0" time="1.029">
    <testcase time="0.212999999999997" classname="l_vs_slide" name="Test_listing_creation_of_l_vs_slide_Vital_Signs_Listing_"/>
    <testcase time="0.138000000000002" classname="l_vs_slide" name="l_vs_slide_works_without_a_treatment_variable"/>
    <testcase time="0.678000000000001" classname="l_vs_slide" name="l_vs_slide_is_generated_correctly_from_the_spec.yml"/>
  </testsuite>
  <testsuite name="log" timestamp="2026-09-08T09:52:15Z" hostname="20f9c8ed1ba8" tests="2" skipped="0" failures="0" errors="0" time="0.011">
    <testcase time="0.00900000000000034" classname="log" name="Test_some_functions_in_log.R"/>
    <testcase time="0.00199999999999889" classname="log" name="Test_some_functions_in_log.R"/>
  </testsuite>
  <testsuite name="output-table-format" timestamp="2026-09-08T09:52:15Z" hostname="20f9c8ed1ba8" tests="5" skipped="0" failures="0" errors="0" time="3.477">
    <testcase time="0.82" classname="output_table_format" name="save_an_autoslider_output"/>
    <testcase time="0.634" classname="output_table_format" name="save_an_autoslider_output"/>
    <testcase time="0.657" classname="output_table_format" name="save_an_autoslider_output"/>
    <testcase time="0.672000000000001" classname="output_table_format" name="save_an_autoslider_output"/>
    <testcase time="0.693999999999999" classname="output_table_format" name="save_an_autoslider_output"/>
  </testsuite>
  <testsuite name="save_output" timestamp="2026-09-08T09:52:19Z" hostname="20f9c8ed1ba8" tests="11" skipped="0" failures="0" errors="0" time="3.698">
    <testcase time="0.216000000000001" classname="save_output" name="save_an_output"/>
    <testcase time="0.259999999999998" classname="save_output" name="Test_save_output_Save_an_Output_"/>
    <testcase time="0.530999999999999" classname="save_output" name="Test_save_output_Save_an_Output_"/>
    <testcase time="0.351000000000003" classname="save_output" name="save_an_output"/>
    <testcase time="0.622999999999998" classname="save_output" name="save_an_output"/>
    <testcase time="0.779" classname="save_output" name="save_outputs_writes_rds_files_for_a_list_of_outputs"/>
    <testcase time="0.00300000000000011" classname="save_output" name="save_outputs_writes_rds_files_for_a_list_of_outputs"/>
    <testcase time="0.00199999999999889" classname="save_output" name="save_outputs_writes_rds_files_for_a_list_of_outputs"/>
    <testcase time="0.921000000000003" classname="save_output" name="save_outputs_errors_on_a_multi_element_generic_suffix"/>
    <testcase time="0.00899999999999679" classname="save_output" name="save_outputs_handles_autoslider_error_outputs_gracefully"/>
    <testcase time="0.00300000000000011" classname="save_output" name="save_outputs_handles_autoslider_error_outputs_gracefully"/>
  </testsuite>
  <testsuite name="slides_preview" timestamp="2026-09-08T09:52:22Z" hostname="20f9c8ed1ba8" tests="3" skipped="0" failures="0" errors="0" time="0.516">
    <testcase time="0.495000000000001" classname="slides_preview" name="Test_slides_preview"/>
    <testcase time="0.0109999999999992" classname="slides_preview" name="Test_slides_preview"/>
    <testcase time="0.0100000000000016" classname="slides_preview" name="Test_slides_preview"/>
  </testsuite>
  <testsuite name="srep_outputs" timestamp="2026-09-08T09:52:23Z" hostname="20f9c8ed1ba8" tests="3" skipped="0" failures="0" errors="0" time="108.708">
    <testcase time="2.014" classname="srep_outputs" name="Listing_print_correctly">
      <system-out>Non-unique sibling analysis table names. Using Labels instead. Use the table_names argument to analyze to avoid this when analyzing the same variable multiple times.
	occured at (row) path: root
Backtrace:
     x
  1. +-... %&gt;% ... at test-srep_outputs.R:17:3
  2. +-autoslider.core::decorate_outputs(., version_label = NULL, for_test = TRUE)
  3. | \-base::lapply(...)
  4. \-autoslider.core::generate_outputs(., datasets = testdata)
  5.   \-base::lapply(...)
  6.     \-autoslider.core (local) FUN(X[[i]], ...)
  7.       \-autoslider.core::fastDoCall(generate_output, args)
  8.         \-base::eval(call, envir = args, enclos = envir)
  9.           \-base::eval(call, envir = args, enclos = envir)
 10.             \-autoslider.core::generate_output(...)
 11.               +-base::tryCatch(...)
 12.               | \-base (local) tryCatchList(expr, classes, parentenv, handlers)
 13.               |   \-base (local) tryCatchOne(expr, names, parentenv, handlers[[1L]])
 14.               |     \-base (local) doTryCatch(return(expr), name, parentenv, handler)
 15.               \-autoslider.core (local) func(...)
 16.                 \-autoslider.core::fastDoCall(...)
 17.                   \-base::eval(call, envir = args, enclos = envir)
 18.                     \-base::eval(call, envir = args, enclos = envir)
 19.                       \-autoslider.core (local) func(...)
 20.                         \-rtables::build_table(lyt, df = anl, alt_counts_df = adsl)
 21.                           \-base::lapply(...)
 22.                             \-rtables (local) FUN(X[[i]], ...)
 23.                               \-rtables:::recursive_applysplit(...)
 24.                                 +-rtables:::.make_split_kids(...)
 25.                                 \-rtables:::.make_split_kids(...)
 26.                                   \-rtables (local) .local(spl, have_controws, make_lrow, ...)</system-out>
    </testcase>
    <testcase time="106.506" classname="srep_outputs" name="Listing_print_correctly"/>
    <testcase time="0.187999999999988" classname="srep_outputs" name="Listing_print_correctly"/>
  </testsuite>
  <testsuite name="t_ae_pt_diff_slide" timestamp="2026-09-08T09:54:12Z" hostname="20f9c8ed1ba8" tests="9" skipped="0" failures="0" errors="0" time="1.953">
    <testcase time="0.174000000000007" classname="t_ae_pt_diff_slide" name="Test_table_creation_of_t_ae_pt_diff_slide_safety_summary_table_"/>
    <testcase time="0.159999999999997" classname="t_ae_pt_diff_slide" name="Test_table_creation_of_t_ae_pt_diff_slide_safety_summary_table_prune_by_total_2"/>
    <testcase time="0.338999999999999" classname="t_ae_pt_diff_slide" name="Test_table_creation_of_t_ae_pt_slide_safety_summary_table_prune_by_total_2"/>
    <testcase time="0.193000000000012" classname="t_ae_pt_diff_slide" name="Test_table_creation_of_t_ae_pt_slide_safety_summary_table_prune_by_total_2"/>
    <testcase time="0.341000000000008" classname="t_ae_pt_diff_slide" name="Test_table_creation_of_t_ae_pt_slide_safety_summary_table_prune_by_total_2"/>
    <testcase time="0.234999999999985" classname="t_ae_pt_diff_slide" name="Test_table_creation_of_t_ae_pt_slide_safety_summary_table_prune_by_total_2"/>
    <testcase time="0.115000000000009" classname="t_ae_pt_diff_slide" name="Test_table_creation_of_t_ae_pt_diff_slide_safety_summary_table_"/>
    <testcase time="0.332999999999998" classname="t_ae_pt_diff_slide" name="Test_table_creation_of_t_ae_pt_slide_safety_summary_table_prune_by_total_2"/>
    <testcase time="0.0629999999999882" classname="t_ae_pt_diff_slide" name="Test_table_creation_of_t_ae_pt_diff_slide_with_null_report"/>
  </testsuite>
  <testsuite name="t_ae_pt_slide" timestamp="2026-09-08T09:54:14Z" hostname="20f9c8ed1ba8" tests="6" skipped="0" failures="0" errors="0" time="1.799">
    <testcase time="0.206000000000017" classname="t_ae_pt_slide" name="Test_table_creation_of_t_ae_pt_slide_safety_summary_table_"/>
    <testcase time="0.203999999999979" classname="t_ae_pt_slide" name="Test_table_creation_of_t_ae_pt_slide_safety_summary_table_prune_by_total_28"/>
    <testcase time="0.189999999999998" classname="t_ae_pt_slide" name="Test_table_creation_of_t_ae_pt_slide_safety_summary_table_prune_by_total_30"/>
    <testcase time="0.41500000000002" classname="t_ae_pt_slide" name="Test_table_creation_of_t_ae_pt_soc_slide_safety_summary_table_"/>
    <testcase time="0.400999999999982" classname="t_ae_pt_slide" name="Test_table_creation_of_t_ae_pt_soc_slide_safety_summary_table_prune_by_total_28"/>
    <testcase time="0.38300000000001" classname="t_ae_pt_slide" name="Test_table_creation_of_t_ae_pt_soc_slide_safety_summary_table_prune_by_total_30"/>
  </testsuite>
  <testsuite name="t_ae_pt_soc_diff_slide" timestamp="2026-09-08T09:54:15Z" hostname="20f9c8ed1ba8" tests="7" skipped="0" failures="0" errors="0" time="4.055">
    <testcase time="0.372000000000014" classname="t_ae_pt_soc_diff_slide" name="Test_table_creation_of_t_ae_pt_soc_diff_slide_safety_summary_table_"/>
    <testcase time="0.332999999999998" classname="t_ae_pt_soc_diff_slide" name="Test_table_creation_of_t_ae_pt_soc_diff_slide_safety_summary_table_prune_by_total_2"/>
    <testcase time="0.687999999999988" classname="t_ae_pt_soc_diff_slide" name="Test_table_creation_of_t_ae_pt_soc_diff_slide_safety_summary_table_prune_by_total_2"/>
    <testcase time="0.402999999999992" classname="t_ae_pt_soc_diff_slide" name="Test_table_creation_of_t_ae_pt_soc_diff_slide_safety_summary_table_prune_by_total_2"/>
    <testcase time="1.411" classname="t_ae_pt_soc_diff_slide" name="Test_table_creation_of_t_ae_pt_soc_diff_slide_safety_summary_table_prune_by_total_2"/>
    <testcase time="0.560000000000002" classname="t_ae_pt_soc_diff_slide" name="Test_table_creation_of_t_ae_pt_soc_diff_slide_safety_summary_table_prune_by_total_2"/>
    <testcase time="0.288000000000011" classname="t_ae_pt_soc_diff_slide" name="Test_table_creation_of_t_ae_pt_soc_diff_slide_safety_summary_table_"/>
  </testsuite>
  <testsuite name="t_ae_slide" timestamp="2026-09-08T09:54:20Z" hostname="20f9c8ed1ba8" tests="2" skipped="0" failures="0" errors="0" time="0.756">
    <testcase time="0.692999999999984" classname="t_ae_slide" name="Test_adverse_event_table_creation_of_t_ae_slide_Adverse_Events_for_Patient_"/>
    <testcase time="0.0630000000000166" classname="t_ae_slide" name="Test_adverse_event_table_creation_of_t_ae_slide_with_null_report"/>
  </testsuite>
  <testsuite name="t_ae_summary_slide" timestamp="2026-09-08T09:54:20Z" hostname="20f9c8ed1ba8" tests="4" skipped="0" failures="0" errors="0" time="1.207">
    <testcase time="0.554000000000002" classname="t_ae_summary_slide" name="Test_table_creation_of_t_ae_summ_slide_safety_summary_table_"/>
    <testcase time="0.551999999999992" classname="t_ae_summary_slide" name="Test_table_creation_of_t_ae_summ_slide_safety_summary_table_"/>
    <testcase time="0.0349999999999966" classname="t_ae_summary_slide" name="Test_t_ae_summ_slide_with_expected_Error"/>
    <testcase time="0.0660000000000025" classname="t_ae_summary_slide" name="Test_t_ae_summ_slide_with_null_report"/>
  </testsuite>
  <testsuite name="t_aesi_slide" timestamp="2026-09-08T09:54:21Z" hostname="20f9c8ed1ba8" tests="5" skipped="0" failures="0" errors="0" time="1.435">
    <testcase time="0.47999999999999" classname="t_aesi_slide" name="Test_table_creation_of_t_aesi_slide_AESI_summary_table_with_AETOXGR_grading"/>
    <testcase time="0.456999999999994" classname="t_aesi_slide" name="Test_table_creation_of_t_aesi_slide_AESI_summary_table_with_AESEV_grading"/>
    <testcase time="0.449000000000012" classname="t_aesi_slide" name="Test_table_creation_of_t_aesi_slide_AESI_summary_table_with_custom_AEGRP_grouping"/>
    <testcase time="0.00899999999998613" classname="t_aesi_slide" name="Test_table_creation_of_t_aesi_slide_with_no_aesi_var_given"/>
    <testcase time="0.0400000000000205" classname="t_aesi_slide" name="Test_table_creation_of_t_aesi_slide_with_aesi_var_not_found_in_dataset"/>
  </testsuite>
  <testsuite name="t_dd_slide" timestamp="2026-09-08T09:54:23Z" hostname="20f9c8ed1ba8" tests="6" skipped="0" failures="0" errors="0" time="1.053">
    <testcase time="0.156999999999982" classname="t_dd_slide" name="Test_table_creation_of_t_dd_slide_death_table_"/>
    <testcase time="0.0349999999999966" classname="t_dd_slide" name="Test_t_dd_slide_table_with_expected_Error"/>
    <testcase time="0.0420000000000016" classname="t_dd_slide" name="Test_table_creation_of_with_null_report"/>
    <testcase time="0.209000000000003" classname="t_dd_slide" name="Test_table_creation_of_t_dd_slide_death_table_"/>
    <testcase time="0.355000000000018" classname="t_dd_slide" name="Test_table_creation_of_t_dd_slide_death_table_"/>
    <testcase time="0.254999999999995" classname="t_dd_slide" name="Test_table_creation_of_t_dd_slide_death_table_"/>
  </testsuite>
  <testsuite name="t_dm_slide" timestamp="2026-09-08T09:54:24Z" hostname="20f9c8ed1ba8" tests="6" skipped="0" failures="0" errors="0" time="3.555">
    <testcase time="0.370999999999981" classname="t_dm_slide" name="Test_demographic_table_creation_of_t_dm_slide"/>
    <testcase time="0.718000000000018" classname="t_dm_slide" name="Test_demographic_table_creation_of_t_dm_slide"/>
    <testcase time="0.728999999999985" classname="t_dm_slide" name="Test_demographic_table_creation_of_t_dm_slide"/>
    <testcase time="0.459000000000003" classname="t_dm_slide" name="Test_demographic_table_creation_of_t_dm_slide"/>
    <testcase time="0.507000000000005" classname="t_dm_slide" name="Test_demographic_table_creation_of_t_dm_slide"/>
    <testcase time="0.770999999999987" classname="t_dm_slide" name="Test_demographic_table_creation_of_t_dm_slide"/>
  </testsuite>
  <testsuite name="t_dor_slide" timestamp="2026-09-08T09:54:28Z" hostname="20f9c8ed1ba8" tests="2" skipped="0" failures="0" errors="0" time="0.32">
    <testcase time="0.160000000000025" classname="t_dor_slide" name="Test_DOR_table_when_time_unit_is_DAYS_"/>
    <testcase time="0.159999999999997" classname="t_dor_slide" name="Test_DOR_table_when_time_unit_is_YEARS_"/>
  </testsuite>
  <testsuite name="t_ds_slide" timestamp="2026-09-08T09:54:28Z" hostname="20f9c8ed1ba8" tests="5" skipped="0" failures="0" errors="0" time="2.395">
    <testcase time="0.294999999999987" classname="t_ds_slide" name="Test_table_creation_of_t_ds_slide"/>
    <testcase time="0.62700000000001" classname="t_ds_slide" name="Test_table_creation_of_t_ds_slide"/>
    <testcase time="0.37299999999999" classname="t_ds_slide" name="Test_table_creation_of_t_ds_slide"/>
    <testcase time="0.626000000000005" classname="t_ds_slide" name="Test_table_creation_of_t_ds_slide"/>
    <testcase time="0.47399999999999" classname="t_ds_slide" name="Test_table_creation_of_t_ds_slide"/>
  </testsuite>
  <testsuite name="template" timestamp="2026-09-08T09:54:30Z" hostname="20f9c8ed1ba8" tests="44" skipped="0" failures="0" errors="0" time="0.37">
    <testcase time="0.0120000000000005" classname="template" name="list_all_templates_test_1_returns_all_available_templates"/>
    <testcase time="0.00800000000000978" classname="template" name="use_template_test_2_saving_when_no_path_is_specified">
      <system-out>cannot remove file 'programs/R/tryout.R', reason 'No such file or directory'
Backtrace:
    x
 1. \-base::file.remove(file_location) at test-template.R:19:3</system-out>
    </testcase>
    <testcase time="0.0289999999999964" classname="template" name="use_template_test_2_saving_when_no_path_is_specified"/>
    <testcase time="0.00900000000001455" classname="template" name="use_template_test_2_saving_when_no_path_is_specified"/>
    <testcase time="0.0180000000000007" classname="template" name="use_template_test_2_saving_when_no_path_is_specified"/>
    <testcase time="0.00600000000000023" classname="template" name="use_template_test_3_create_folder_when_it_does_not_exist"/>
    <testcase time="0.00699999999997658" classname="template" name="use_template_test_3_create_folder_when_it_does_not_exist"/>
    <testcase time="0.00300000000001432" classname="template" name="use_template_test_3_create_folder_when_it_does_not_exist"/>
    <testcase time="0.0109999999999957" classname="template" name="use_template_test_4_expected_errors"/>
    <testcase time="0.007000000000005" classname="template" name="use_template_test_4_expected_errors"/>
    <testcase time="0.0109999999999957" classname="template" name="use_template_test_5_when_template_is_contained_in_autoslideR"/>
    <testcase time="0.0109999999999957" classname="template" name="use_template_test_6_invalid_template"/>
    <testcase time="0.0120000000000005" classname="template" name="use_template_test_7_all_templates"/>
    <testcase time="0.007000000000005" classname="template" name="use_template_test_7_all_templates"/>
    <testcase time="0.007000000000005" classname="template" name="use_template_test_7_all_templates"/>
    <testcase time="0.007000000000005" classname="template" name="use_template_test_7_all_templates"/>
    <testcase time="0.00699999999997658" classname="template" name="use_template_test_7_all_templates"/>
    <testcase time="0.007000000000005" classname="template" name="use_template_test_7_all_templates"/>
    <testcase time="0.007000000000005" classname="template" name="use_template_test_7_all_templates"/>
    <testcase time="0.007000000000005" classname="template" name="use_template_test_7_all_templates"/>
    <testcase time="0.007000000000005" classname="template" name="use_template_test_7_all_templates"/>
    <testcase time="0.00799999999998136" classname="template" name="use_template_test_7_all_templates"/>
    <testcase time="0.007000000000005" classname="template" name="use_template_test_7_all_templates"/>
    <testcase time="0.007000000000005" classname="template" name="use_template_test_7_all_templates"/>
    <testcase time="0.007000000000005" classname="template" name="use_template_test_7_all_templates"/>
    <testcase time="0.00800000000000978" classname="template" name="use_template_test_7_all_templates"/>
    <testcase time="0.00699999999997658" classname="template" name="use_template_test_7_all_templates"/>
    <testcase time="0.007000000000005" classname="template" name="use_template_test_7_all_templates"/>
    <testcase time="0.0109999999999957" classname="template" name="use_template_test_5_all_templates"/>
    <testcase time="0.007000000000005" classname="template" name="use_template_test_5_all_templates"/>
    <testcase time="0.00800000000000978" classname="template" name="use_template_test_5_all_templates"/>
    <testcase time="0.007000000000005" classname="template" name="use_template_test_5_all_templates"/>
    <testcase time="0.00699999999997658" classname="template" name="use_template_test_5_all_templates"/>
    <testcase time="0.007000000000005" classname="template" name="use_template_test_5_all_templates"/>
    <testcase time="0.00800000000000978" classname="template" name="use_template_test_5_all_templates"/>
    <testcase time="0.007000000000005" classname="template" name="use_template_test_5_all_templates"/>
    <testcase time="0.007000000000005" classname="template" name="use_template_test_5_all_templates"/>
    <testcase time="0.00699999999997658" classname="template" name="use_template_test_5_all_templates"/>
    <testcase time="0.007000000000005" classname="template" name="use_template_test_5_all_templates"/>
    <testcase time="0.007000000000005" classname="template" name="use_template_test_5_all_templates"/>
    <testcase time="0.00800000000000978" classname="template" name="use_template_test_5_all_templates"/>
    <testcase time="0.007000000000005" classname="template" name="use_template_test_5_all_templates"/>
    <testcase time="0.00699999999997658" classname="template" name="use_template_test_5_all_templates"/>
    <testcase time="0.007000000000005" classname="template" name="use_template_test_5_all_templates"/>
  </testsuite>
  <testsuite name="toslide" timestamp="2026-09-08T09:54:31Z" hostname="20f9c8ed1ba8" tests="2" skipped="0" failures="0" errors="0" time="2.913">
    <testcase time="1.88800000000001" classname="toslide" name="Test_layout_is_in_layout"/>
    <testcase time="1.02500000000001" classname="toslide" name="Test_layout_is_in_layout"/>
  </testsuite>
  <testsuite name="util" timestamp="2026-09-08T09:54:34Z" hostname="20f9c8ed1ba8" tests="64" skipped="0" failures="0" errors="0" time="0.276">
    <testcase time="0.00999999999999091" classname="util" name="Test_some_functions_in_util.R"/>
    <testcase time="0.00100000000000477" classname="util" name="Test_some_functions_in_util.R"/>
    <testcase time="0.00100000000000477" classname="util" name="Test_some_functions_in_util.R"/>
    <testcase time="0.00199999999998113" classname="util" name="Test_some_functions_in_util.R"/>
    <testcase time="0.00100000000000477" classname="util" name="Test_some_functions_in_util.R"/>
    <testcase time="0.00100000000000477" classname="util" name="Test_some_functions_in_util.R"/>
    <testcase time="0.007000000000005" classname="util" name="Test_some_functions_in_util.R">
      <system-out>running command 'git remote -v' had status 128 and error message 'Function not implemented'
Backtrace:
     x
  1. +-testthat::expect_no_error(get_remote_url()) at test-util.R:12:3
  2. | \-testthat:::expect_no_(...)
  3. |   \-testthat:::quasi_capture(enquo(object), NULL, capture)
  4. |     +-testthat (local) .capture(...)
  5. |     | +-base::withRestarts(...)
  6. |     | | \-base (local) withOneRestart(expr, restarts[[1L]])
  7. |     | |   \-base (local) doWithOneRestart(return(expr), restart)
  8. |     | \-base::withCallingHandlers(...)
  9. |     \-rlang::eval_bare(quo_get_expr(.quo), quo_get_env(.quo))
 10. \-autoslider.core:::get_remote_url()
 11.   \-base::system("git remote -v", intern = TRUE)</system-out>
    </testcase>
    <testcase time="0.00899999999998613" classname="util" name="Test_some_functions_in_util.R"/>
    <testcase time="0.00600000000000023" classname="util" name="Test_some_functions_in_util.R">
      <system-out>running command 'git rev-parse HEAD' had status 128 and error message 'Function not implemented'
Backtrace:
     x
  1. +-testthat::expect_no_error(get_last_gitcommit_sha()) at test-util.R:13:3
  2. | \-testthat:::expect_no_(...)
  3. |   \-testthat:::quasi_capture(enquo(object), NULL, capture)
  4. |     +-testthat (local) .capture(...)
  5. |     | +-base::withRestarts(...)
  6. |     | | \-base (local) withOneRestart(expr, restarts[[1L]])
  7. |     | |   \-base (local) doWithOneRestart(return(expr), restart)
  8. |     | \-base::withCallingHandlers(...)
  9. |     \-rlang::eval_bare(quo_get_expr(.quo), quo_get_env(.quo))
 10. \-autoslider.core:::get_last_gitcommit_sha()
 11.   \-base::system("git rev-parse HEAD", intern = TRUE)</system-out>
    </testcase>
    <testcase time="0.00900000000001455" classname="util" name="Test_some_functions_in_util.R"/>
    <testcase time="0.007000000000005" classname="util" name="Test_some_functions_in_util.R">
      <system-out>running command 'git rev-parse --abbrev-ref HEAD' had status 128 and error message 'Function not implemented'
Backtrace:
     x
  1. +-testthat::expect_no_error(get_repo_head_name()) at test-util.R:14:3
  2. | \-testthat:::expect_no_(...)
  3. |   \-testthat:::quasi_capture(enquo(object), NULL, capture)
  4. |     +-testthat (local) .capture(...)
  5. |     | +-base::withRestarts(...)
  6. |     | | \-base (local) withOneRestart(expr, restarts[[1L]])
  7. |     | |   \-base (local) doWithOneRestart(return(expr), restart)
  8. |     | \-base::withCallingHandlers(...)
  9. |     \-rlang::eval_bare(quo_get_expr(.quo), quo_get_env(.quo))
 10. \-autoslider.core:::get_repo_head_name()
 11.   \-base::system("git rev-parse --abbrev-ref HEAD", intern = TRUE)</system-out>
    </testcase>
    <testcase time="0.00799999999998136" classname="util" name="Test_some_functions_in_util.R"/>
    <testcase time="0.00499999999999545" classname="util" name="Test_some_functions_in_util.R"/>
    <testcase time="0.00300000000001432" classname="util" name="Test_some_functions_in_util.R"/>
    <testcase time="0.00100000000000477" classname="util" name="Test_some_functions_in_util.R"/>
    <testcase time="0.00199999999998113" classname="util" name="Test_some_functions_in_util.R"/>
    <testcase time="0.00100000000000477" classname="util" name="Test_some_functions_in_util.R"/>
    <testcase time="0.00100000000000477" classname="util" name="Test_some_functions_in_util.R"/>
    <testcase time="0.00399999999999068" classname="util" name="Test_some_functions_in_util.R_validate_paper_size_works_correctly"/>
    <testcase time="0.00100000000000477" classname="util" name="Test_some_functions_in_util.R_validate_paper_size_works_correctly"/>
    <testcase time="0.00200000000000955" classname="util" name="Test_some_functions_in_util.R_validate_paper_size_works_correctly"/>
    <testcase time="0.00600000000000023" classname="util" name="Test_some_functions_in_util.R_validate_paper_size_works_correctly"/>
    <testcase time="0.00499999999999545" classname="util" name="Test_some_functions_in_util.R_validate_paper_size_works_correctly"/>
    <testcase time="0.00600000000000023" classname="util" name="Test_some_functions_in_util.R_validate_paper_size_works_correctly"/>
    <testcase time="0.00499999999999545" classname="util" name="Test_some_functions_in_util.R_validate_paper_size_works_correctly"/>
    <testcase time="0.00999999999999091" classname="util" name="Test_some_functions_in_util.R_Legacy_warning_functions_work_as_expected"/>
    <testcase time="0.00100000000000477" classname="util" name="Test_some_functions_in_util.R_Legacy_warning_functions_work_as_expected"/>
    <testcase time="0.00600000000000023" classname="util" name="Test_some_functions_in_util.R_Legacy_warning_functions_work_as_expected"/>
    <testcase time="0.00200000000000955" classname="util" name="Test_some_functions_in_util.R_Legacy_warning_functions_work_as_expected"/>
    <testcase time="0.00499999999999545" classname="util" name="Test_some_functions_in_util.R_Legacy_warning_functions_work_as_expected"/>
    <testcase time="0.007000000000005" classname="util" name="Test_some_functions_in_util.R_vbar2newline_correctly_replaces_vertical_bars"/>
    <testcase time="0.0029999999999859" classname="util" name="Test_some_functions_in_util.R_vbar2newline_correctly_replaces_vertical_bars"/>
    <testcase time="0.00300000000001432" classname="util" name="Test_some_functions_in_util.R_vbar2newline_correctly_replaces_vertical_bars"/>
    <testcase time="0.0029999999999859" classname="util" name="Test_some_functions_in_util.R_vbar2newline_correctly_replaces_vertical_bars"/>
    <testcase time="0.00300000000001432" classname="util" name="Test_some_functions_in_util.R_vbar2newline_correctly_replaces_vertical_bars"/>
    <testcase time="0.007000000000005" classname="util" name="Test_some_functions_in_util.R_munge_spaces_correctly_replaces_various_whitespace"/>
    <testcase time="0.0029999999999859" classname="util" name="Test_some_functions_in_util.R_munge_spaces_correctly_replaces_various_whitespace"/>
    <testcase time="0.00300000000001432" classname="util" name="Test_some_functions_in_util.R_munge_spaces_correctly_replaces_various_whitespace"/>
    <testcase time="0.0029999999999859" classname="util" name="Test_some_functions_in_util.R_munge_spaces_correctly_replaces_various_whitespace"/>
    <testcase time="0.00300000000001432" classname="util" name="Test_some_functions_in_util.R_munge_spaces_correctly_replaces_various_whitespace"/>
    <testcase time="0.00600000000000023" classname="util" name="Test_some_functions_in_util.R_split_chunk_correctly_splits_text_into_words"/>
    <testcase time="0.0029999999999859" classname="util" name="Test_some_functions_in_util.R_split_chunk_correctly_splits_text_into_words"/>
    <testcase time="0.00300000000001432" classname="util" name="Test_some_functions_in_util.R_split_chunk_correctly_splits_text_into_words"/>
    <testcase time="0.0029999999999859" classname="util" name="Test_some_functions_in_util.R_split_chunk_correctly_splits_text_into_words"/>
    <testcase time="0.0040000000000191" classname="util" name="Test_some_functions_in_util.R_split_chunk_correctly_splits_text_into_words"/>
    <testcase time="0.00600000000000023" classname="util" name="Test_some_functions_in_util.R_wrap_chunk_wraps_text_correctly"/>
    <testcase time="0.0029999999999859" classname="util" name="Test_some_functions_in_util.R_wrap_chunk_wraps_text_correctly"/>
    <testcase time="0.00300000000001432" classname="util" name="Test_some_functions_in_util.R_wrap_chunk_wraps_text_correctly"/>
    <testcase time="0.0029999999999859" classname="util" name="Test_some_functions_in_util.R_wrap_chunk_wraps_text_correctly"/>
    <testcase time="0.00300000000001432" classname="util" name="Test_some_functions_in_util.R_wrap_chunk_wraps_text_correctly"/>
    <testcase time="0.0029999999999859" classname="util" name="Test_some_functions_in_util.R_wrap_chunk_wraps_text_correctly"/>
    <testcase time="0.0159999999999911" classname="util" name="Test_some_functions_in_util.R_git_footnote_returns_repo"/>
    <testcase time="0.00800000000000978" classname="util" name="Test_some_functions_in_util.R_create_new_reporting_event"/>
    <testcase time="0.0029999999999859" classname="util" name="Test_some_functions_in_util.R_create_new_reporting_event"/>
    <testcase time="0.007000000000005" classname="util" name="Test_some_functions_in_util.R_create_output_name"/>
    <testcase time="0.00300000000001432" classname="util" name="Test_some_functions_in_util.R_create_output_name"/>
    <testcase time="0.0029999999999859" classname="util" name="Test_some_functions_in_util.R_create_output_name"/>
    <testcase time="0.00300000000001432" classname="util" name="Test_some_functions_in_util.R_create_output_name"/>
    <testcase time="0.00799999999998136" classname="util" name="Test_some_functions_in_util.R_text_wrap_cut_works_correctly"/>
    <testcase time="0.00300000000001432" classname="util" name="Test_some_functions_in_util.R_text_wrap_cut_works_correctly"/>
    <testcase time="0.0029999999999859" classname="util" name="Test_some_functions_in_util.R_text_wrap_cut_works_correctly"/>
    <testcase time="0.00300000000001432" classname="util" name="Test_some_functions_in_util.R_text_wrap_cut_works_correctly"/>
    <testcase time="0.007000000000005" classname="util" name="Test_some_functions_in_util.R_text_wrap_cut_keepreturn_respects_existing_newlines"/>
    <testcase time="0.0029999999999859" classname="util" name="Test_some_functions_in_util.R_text_wrap_cut_keepreturn_respects_existing_newlines"/>
  </testsuite>
  <testsuite name="ai" timestamp="2026-09-08T09:54:34Z" hostname="20f9c8ed1ba8" tests="2" skipped="2" failures="0" errors="0" time="0.051">
    <testcase time="0.0349999999999966" classname="ai" name="Listing_print_correctly">
      <skipped message="Reason: Sys.which(&quot;ollama&quot;) == &quot;&quot; is TRUE ('test_ai.R:4:3')"/>
    </testcase>
    <testcase time="0.0160000000000196" classname="ai" name="using_ollama">
      <skipped message="Reason: Sys.which(&quot;ollama&quot;) == &quot;&quot; is TRUE ('test_ai.R:60:3')"/>
    </testcase>
  </testsuite>
  <testsuite name="format_date" timestamp="2026-09-08T09:54:34Z" hostname="20f9c8ed1ba8" tests="5" skipped="0" failures="0" errors="0" time="0.188">
    <testcase time="0.140999999999991" classname="format_date" name="Test_format_date"/>
    <testcase time="0.01400000000001" classname="format_date" name="Test_format_date"/>
    <testcase time="0.00899999999998613" classname="format_date" name="Test_format_date"/>
    <testcase time="0.0120000000000005" classname="format_date" name="Test_format_date"/>
    <testcase time="0.0120000000000005" classname="format_date" name="Test_format_date"/>
  </testsuite>
</testsuites>
