<?xml version="1.0" encoding="UTF-8"?>
<testsuites>
  <testsuite name="appendix" timestamp="2026-08-28T01:26:05Z" hostname="1c0904b73425" tests="22" skipped="0" failures="0" errors="0" time="1.58">
    <testcase time="0.421" classname="appendix" name="initialize_to_page_test_1_when_to_page_is_null"/>
    <testcase time="0.0859999999999999" classname="appendix" name="initialize_to_page_test_2_given_to_page_value"/>
    <testcase time="0.073" classname="appendix" name="initialize_to_page_test_3_if_to_page_is_too_large"/>
    <testcase time="0.114" classname="appendix" name="postprocessing_doc_test_1_save_file_TRUE"/>
    <testcase time="0.00200000000000022" classname="appendix" name="postprocessing_doc_test_1_save_file_TRUE"/>
    <testcase time="0.0449999999999999" classname="appendix" name="postprocessing_doc_test_2_save_file_FALSE"/>
    <testcase time="0.00300000000000011" classname="appendix" name="postprocessing_doc_test_2_save_file_FALSE"/>
    <testcase time="0.0670000000000002" classname="appendix" name="postprocessing_doc_test_3_doc_o_is_not_a_ppt"/>
    <testcase time="0.048" classname="appendix" name="initialize_doc_original_test_1_returns_existing_doc_original"/>
    <testcase time="0.118" classname="appendix" name="initialize_doc_original_test_2_reads_from_file_when_doc_original_is_NULL"/>
    <testcase time="0.123" classname="appendix" name="append_title_slides_test_1_save_file"/>
    <testcase time="0.00200000000000022" classname="appendix" name="append_title_slides_test_1_save_file"/>
    <testcase time="0.00300000000000011" classname="appendix" name="append_title_slides_test_1_save_file"/>
    <testcase time="0.118" classname="appendix" name="append_section_header_slides_test_1_not_save_file"/>
    <testcase time="0.00199999999999978" classname="appendix" name="append_section_header_slides_test_1_not_save_file"/>
    <testcase time="0.00199999999999978" classname="appendix" name="append_section_header_slides_test_1_not_save_file"/>
    <testcase time="0.187" classname="appendix" name="append_all_slides_correctly_adds_multiple_slides_based_on_page_list"/>
    <testcase time="0.00199999999999978" classname="appendix" name="append_all_slides_correctly_adds_multiple_slides_based_on_page_list"/>
    <testcase time="0.00300000000000011" classname="appendix" name="append_all_slides_correctly_adds_multiple_slides_based_on_page_list"/>
    <testcase time="0.0429999999999997" classname="appendix" name="append_all_slides_correctly_adds_multiple_slides_based_on_page_list"/>
    <testcase time="0.00300000000000011" classname="appendix" name="append_all_slides_correctly_adds_multiple_slides_based_on_page_list"/>
    <testcase time="0.115" classname="appendix" name="append_all_slides_test_2_error_if_page_list_exceeds_max_pages_1"/>
  </testsuite>
  <testsuite name="assert" timestamp="2026-08-28T01:26:06Z" hostname="1c0904b73425" tests="17" skipped="0" failures="0" errors="0" time="0.08">
    <testcase time="0.0170000000000003" classname="assert" name="assert_is_character_scalar_works_correctly"/>
    <testcase time="0.00399999999999956" classname="assert" name="assert_is_character_scalar_works_correctly"/>
    <testcase time="0.00400000000000045" classname="assert" name="assert_is_character_scalar_works_correctly"/>
    <testcase time="0.00300000000000011" classname="assert" name="assert_is_character_scalar_works_correctly"/>
    <testcase time="0.00399999999999956" classname="assert" name="assert_is_character_scalar_works_correctly"/>
    <testcase time="0.0100000000000007" classname="assert" name="assert_is_character_scalar_works_correctly"/>
    <testcase time="0.00399999999999956" classname="assert" name="assert_exists_in_spec_or_calling_env_is_robustly_testable"/>
    <testcase time="0.00199999999999978" classname="assert" name="assert_exists_in_spec_or_calling_env_is_robustly_testable"/>
    <testcase time="0.00300000000000011" classname="assert" name="assert_exists_in_spec_or_calling_env_is_robustly_testable"/>
    <testcase time="0.00400000000000045" classname="assert" name="assert_is_valid_filter_result_passes_with_valid_inputs"/>
    <testcase time="0.00199999999999978" classname="assert" name="assert_is_valid_filter_result_passes_with_valid_inputs"/>
    <testcase time="0.00600000000000023" classname="assert" name="assert_is_valid_filter_result_fails_with_invalid_inputs"/>
    <testcase time="0.00300000000000011" classname="assert" name="assert_is_valid_filter_result_fails_with_invalid_inputs"/>
    <testcase time="0.00399999999999956" classname="assert" name="assert_is_valid_filter_result_fails_with_invalid_inputs"/>
    <testcase time="0.00300000000000011" classname="assert" name="assert_is_valid_filter_result_fails_with_invalid_inputs"/>
    <testcase time="0.00399999999999956" classname="assert" name="assert_is_valid_filter_result_fails_with_invalid_inputs"/>
    <testcase time="0.00300000000000011" classname="assert" name="assert_is_valid_filter_result_fails_with_invalid_inputs"/>
  </testsuite>
  <testsuite name="bad_filters" timestamp="2026-08-28T01:26:06Z" hostname="1c0904b73425" tests="1" skipped="0" failures="0" errors="0" time="0.032">
    <testcase time="0.032" classname="bad_filters" name="Listing_print_correctly"/>
  </testsuite>
  <testsuite name="data_snapshot" timestamp="2026-08-28T01:26:06Z" hostname="1c0904b73425" tests="18" skipped="0" failures="0" errors="0" time="0.442">
    <testcase time="0.0460000000000003" classname="data_snapshot" name="Test_data_snapshot"/>
    <testcase time="0.0579999999999998" classname="data_snapshot" name="Test_data_snapshot"/>
    <testcase time="0.00800000000000001" classname="data_snapshot" name="Test_data_snapshot"/>
    <testcase time="0.0369999999999999" classname="data_snapshot" name="Test_data_snapshot"/>
    <testcase time="0.00800000000000001" classname="data_snapshot" name="Test_data_snapshot"/>
    <testcase time="0.0409999999999995" classname="data_snapshot" name="Test_data_snapshot"/>
    <testcase time="0.00800000000000001" classname="data_snapshot" name="Test_data_snapshot"/>
    <testcase time="0.0360000000000005" classname="data_snapshot" name="Test_data_snapshot"/>
    <testcase time="0.00800000000000001" classname="data_snapshot" name="Test_data_snapshot"/>
    <testcase time="0.0329999999999995" classname="data_snapshot" name="Test_data_snapshot"/>
    <testcase time="0.00800000000000001" classname="data_snapshot" name="Test_data_snapshot"/>
    <testcase time="0.0310000000000006" classname="data_snapshot" name="Test_data_snapshot"/>
    <testcase time="0.0190000000000001" classname="data_snapshot" name="Test_data_snapshot"/>
    <testcase time="0.0149999999999997" classname="data_snapshot" name="Test_data_snapshot"/>
    <testcase time="0.0119999999999996" classname="data_snapshot" name="Test_data_snapshot"/>
    <testcase time="0.032" classname="data_snapshot" name="Test_data_snapshot"/>
    <testcase time="0.00800000000000001" classname="data_snapshot" name="Test_data_snapshot"/>
    <testcase time="0.0340000000000007" classname="data_snapshot" name="Test_data_snapshot"/>
  </testsuite>
  <testsuite name="decorate" timestamp="2026-08-28T01:26:07Z" hostname="1c0904b73425" tests="10" skipped="0" failures="0" errors="0" time="1.038">
    <testcase time="0.125" classname="decorate" name="Test_decoreate.grob_not_to_throw"/>
    <testcase time="0.169" classname="decorate" name="Test_decoreate.grob_not_to_throw"/>
    <testcase time="0.00499999999999989" classname="decorate" name="Test_decoreate_not_to_throw"/>
    <testcase time="0.136" classname="decorate" name="Test_decoreate_not_to_throw"/>
    <testcase time="0.085" classname="decorate" name="Test_print_not_to_throw"/>
    <testcase time="0.077" classname="decorate" name="Test_print_not_to_throw"/>
    <testcase time="0.156" classname="decorate" name="Test_print_not_to_throw"/>
    <testcase time="0.00700000000000056" classname="decorate" name="Test_decoreate_throw"/>
    <testcase time="0.223" classname="decorate" name="Test_ph_with_img_not_to_throw">
      <system-out>Calling `add_slide()` without specifying a `layout` is deprecated.
 Please pass a `layout` or use `layout_default()` to set a default.
 =&gt; I will now continue with the former `layout` default "Title and Content" for backwards compatibility...
Backtrace:
    x
 1. \-autoslider.core:::do_call(add_slide, x = ppt, master = ppt_master) at test-decorate.R:71:3
 2.   +-base::do.call(fun, args[intersect(names(args), formalArgs(fun))])
 3.   \-officer (local) `&lt;fn&gt;`(x = `&lt;rpptx&gt;`, master = "Office Theme")
 4.     \-base::.Deprecated(...)</system-out>
    </testcase>
    <testcase time="0.0549999999999997" classname="decorate" name="Test_ph_with_img_not_to_throw"/>
  </testsuite>
  <testsuite name="filter_spec-verbose" timestamp="2026-08-28T01:26:08Z" hostname="1c0904b73425" tests="1" skipped="0" failures="0" errors="0" time="0.026">
    <testcase time="0.0259999999999998" classname="filter_spec_verbose" name="Listing_print_correctly"/>
  </testsuite>
  <testsuite name="formats" timestamp="2026-08-28T01:26:08Z" hostname="1c0904b73425" tests="6" skipped="0" failures="0" errors="0" time="0.084">
    <testcase time="0.0129999999999999" classname="formats" name="new_round_function"/>
    <testcase time="0.0510000000000002" classname="formats" name="new_round_function"/>
    <testcase time="0.00499999999999989" classname="formats" name="xx.xx_xx.xx_"/>
    <testcase time="0.00499999999999989" classname="formats" name="xx.xx_xx.x_"/>
    <testcase time="0.00500000000000078" classname="formats" name="_xx_xx_"/>
    <testcase time="0.00499999999999989" classname="formats" name="xx.xx_xx.xx_xx.xx_"/>
  </testsuite>
  <testsuite name="ft_format" timestamp="2026-08-28T01:26:09Z" hostname="1c0904b73425" tests="2" skipped="0" failures="0" errors="0" time="1.399">
    <testcase time="1.395" classname="ft_format" name="demographic_table_formatting"/>
    <testcase time="0.00400000000000045" classname="ft_format" name="demographic_table_formatting"/>
  </testsuite>
  <testsuite name="func_wrapper" timestamp="2026-08-28T01:26:09Z" hostname="1c0904b73425" tests="5" skipped="0" failures="0" errors="0" time="0.571">
    <testcase time="0.388999999999999" classname="func_wrapper" name="legacy_with_datasets_and_spec"/>
    <testcase time="0.134" classname="func_wrapper" name="legacy_with_datasets_but_no_spec"/>
    <testcase time="0.0170000000000003" classname="func_wrapper" name="modern_with_named_datasets_and_spec"/>
    <testcase time="0.0149999999999997" classname="func_wrapper" name="modern_with_named_datasets_but_no_spec"/>
    <testcase time="0.016" classname="func_wrapper" name="modern_with_named_spec_but_no_datasets"/>
  </testsuite>
  <testsuite name="g_mean_slides" timestamp="2026-08-28T01:26:10Z" hostname="1c0904b73425" tests="14" skipped="5" failures="0" errors="0" time="0.762">
    <testcase time="0.167" classname="g_mean_slides" name="g_mean_slides_Test_1_Test_graph_creation_of_g_eg_slide_eg_mean_plot_"/>
    <testcase time="0.00100000000000033" classname="g_mean_slides" name="g_mean_slides_Test_1_Test_graph_creation_of_g_eg_slide_eg_mean_plot_">
      <skipped message="Reason: On CI ('test-g_mean_slides.R:20:3')"/>
    </testcase>
    <testcase time="0.016" classname="g_mean_slides" name="g_mean_slides_Test_2_Test_error_of_g_eg_slide_"/>
    <testcase time="0.125" classname="g_mean_slides" name="g_mean_slides_Test_3_Test_graph_creation_of_g_lb_slide_lab_mean_plot_"/>
    <testcase time="0.000999999999999446" classname="g_mean_slides" name="g_mean_slides_Test_3_Test_graph_creation_of_g_lb_slide_lab_mean_plot_">
      <skipped message="Reason: On CI ('test-g_mean_slides.R:37:3')"/>
    </testcase>
    <testcase time="0.165" classname="g_mean_slides" name="g_mean_slides_Test_4_Test_graph_creation_of_g_lb_slide_lab_change_from_baseline_plot_"/>
    <testcase time="0.00100000000000122" classname="g_mean_slides" name="g_mean_slides_Test_4_Test_graph_creation_of_g_lb_slide_lab_change_from_baseline_plot_">
      <skipped message="Reason: On CI ('test-g_mean_slides.R:54:3')"/>
    </testcase>
    <testcase time="0.016" classname="g_mean_slides" name="g_mean_slides_Test_5_Test_error_of_g_lb_slide_"/>
    <testcase time="0.114999999999998" classname="g_mean_slides" name="g_mean_slides_Test_6_Test_graph_creation_of_g_vs_slide_vital_sign_mean_plot_"/>
    <testcase time="0.00200000000000067" classname="g_mean_slides" name="g_mean_slides_Test_6_Test_graph_creation_of_g_vs_slide_vital_sign_mean_plot_">
      <skipped message="Reason: On CI ('test-g_mean_slides.R:72:3')"/>
    </testcase>
    <testcase time="0.0169999999999995" classname="g_mean_slides" name="g_mean_slides_Test_7_Test_error_of_g_vs_slide_"/>
    <testcase time="0.119" classname="g_mean_slides" name="g_mean_slides_Test_8_Test_graph_creation_of_g_mean_slide_vital_sign_mean_plot_"/>
    <testcase time="0.00100000000000122" classname="g_mean_slides" name="g_mean_slides_Test_8_Test_graph_creation_of_g_mean_slide_vital_sign_mean_plot_">
      <skipped message="Reason: On CI ('test-g_mean_slides.R:94:3')"/>
    </testcase>
    <testcase time="0.016" classname="g_mean_slides" name="g_mean_slides_Test_9_Test_error_of_general_function_g_mean_slide_"/>
  </testsuite>
  <testsuite name="gtsummary" timestamp="2026-08-28T01:26:11Z" hostname="1c0904b73425" tests="25" skipped="0" failures="0" errors="0" time="0.897">
    <testcase time="0.266999999999999" classname="gtsummary" name="decorate_dispatches_to_decorate.gtsummary_for_plain_tbl_summary"/>
    <testcase time="0.00300000000000011" classname="gtsummary" name="decorate_dispatches_to_decorate.gtsummary_for_plain_tbl_summary"/>
    <testcase time="0.00300000000000011" classname="gtsummary" name="decorate_dispatches_to_decorate.gtsummary_for_plain_tbl_summary"/>
    <testcase time="0.00200000000000067" classname="gtsummary" name="decorate_dispatches_to_decorate.gtsummary_for_plain_tbl_summary"/>
    <testcase time="0.00299999999999834" classname="gtsummary" name="decorate_dispatches_to_decorate.gtsummary_for_plain_tbl_summary"/>
    <testcase time="0.00200000000000067" classname="gtsummary" name="decorate_dispatches_to_decorate.gtsummary_for_plain_tbl_summary"/>
    <testcase time="0.00500000000000078" classname="gtsummary" name="decorate_dispatches_to_decorate.gtsummary_for_tbl_roche_summary_class"/>
    <testcase time="0.00300000000000011" classname="gtsummary" name="decorate_dispatches_to_decorate.gtsummary_for_tbl_roche_summary_class"/>
    <testcase time="0.00199999999999889" classname="gtsummary" name="decorate_dispatches_to_decorate.gtsummary_for_tbl_roche_summary_class"/>
    <testcase time="0.00200000000000067" classname="gtsummary" name="decorate_dispatches_to_decorate.gtsummary_for_tbl_roche_summary_class"/>
    <testcase time="0.00199999999999889" classname="gtsummary" name="decorate_dispatches_to_decorate.gtsummary_for_tbl_roche_summary_class"/>
    <testcase time="0.00300000000000011" classname="gtsummary" name="decorate_dispatches_to_decorate.gtsummary_for_tbl_roche_summary_class"/>
    <testcase time="0.00200000000000067" classname="gtsummary" name="decorate_dispatches_to_decorate.gtsummary_for_tbl_roche_summary_class"/>
    <testcase time="0.00300000000000011" classname="gtsummary" name="decorate_dispatches_to_decorate.gtsummary_for_tbl_roche_summary_class"/>
    <testcase time="0.00200000000000067" classname="gtsummary" name="decorate_dispatches_to_decorate.gtsummary_for_tbl_roche_summary_class"/>
    <testcase time="0.296999999999999" classname="gtsummary" name="to_flextable_returns_dflextable_with_title_for_dgtsummary"/>
    <testcase time="0.00200000000000067" classname="gtsummary" name="to_flextable_returns_dflextable_with_title_for_dgtsummary"/>
    <testcase time="0.00300000000000011" classname="gtsummary" name="to_flextable_returns_dflextable_with_title_for_dgtsummary"/>
    <testcase time="0.00300000000000011" classname="gtsummary" name="to_flextable_returns_dflextable_with_title_for_dgtsummary"/>
    <testcase time="0.00300000000000011" classname="gtsummary" name="to_flextable_returns_dflextable_with_title_for_dgtsummary"/>
    <testcase time="0.00200000000000067" classname="gtsummary" name="to_flextable_returns_dflextable_with_title_for_dgtsummary"/>
    <testcase time="0.000999999999999446" classname="gtsummary" name="to_flextable_returns_dflextable_with_title_for_dgtsummary"/>
    <testcase time="0.278" classname="gtsummary" name="gt_t_dm_slide_output_can_be_decorated"/>
    <testcase time="0.00200000000000067" classname="gtsummary" name="gt_t_dm_slide_output_can_be_decorated"/>
    <testcase time="0.00199999999999889" classname="gtsummary" name="gt_t_dm_slide_output_can_be_decorated"/>
  </testsuite>
  <testsuite name="helper_functions" timestamp="2026-08-28T01:26:12Z" hostname="1c0904b73425" tests="2" skipped="0" failures="0" errors="0" time="0.048">
    <testcase time="0.011000000000001" classname="helper_functions" name="Test_some_functions_in_helper_functions.R"/>
    <testcase time="0.036999999999999" classname="helper_functions" name="Test_some_functions_in_helper_functions.R"/>
  </testsuite>
  <testsuite name="l_ae_slide" timestamp="2026-08-28T01:26:12Z" hostname="1c0904b73425" tests="1" skipped="0" failures="0" errors="0" time="3.922">
    <testcase time="3.922" classname="l_ae_slide" name="Test_listing_creation_of_l_ae_slide_Adverse_Events_Listing_"/>
  </testsuite>
  <testsuite name="log" timestamp="2026-08-28T01:26:16Z" hostname="1c0904b73425" tests="2" skipped="0" failures="0" errors="0" time="0.011">
    <testcase time="0.00999999999999979" classname="log" name="Test_some_functions_in_log.R"/>
    <testcase time="0.000999999999999446" classname="log" name="Test_some_functions_in_log.R"/>
  </testsuite>
  <testsuite name="output-table-format" timestamp="2026-08-28T01:26:16Z" hostname="1c0904b73425" tests="5" skipped="0" failures="0" errors="0" time="2.904">
    <testcase time="0.690000000000001" classname="output_table_format" name="save_an_autoslider_output"/>
    <testcase time="0.524999999999999" classname="output_table_format" name="save_an_autoslider_output"/>
    <testcase time="0.556000000000001" classname="output_table_format" name="save_an_autoslider_output"/>
    <testcase time="0.566000000000001" classname="output_table_format" name="save_an_autoslider_output"/>
    <testcase time="0.567" classname="output_table_format" name="save_an_autoslider_output"/>
  </testsuite>
  <testsuite name="save_output" timestamp="2026-08-28T01:26:19Z" hostname="1c0904b73425" tests="5" skipped="0" failures="0" errors="0" time="1.683">
    <testcase time="0.190999999999999" classname="save_output" name="save_an_output"/>
    <testcase time="0.280000000000001" classname="save_output" name="Test_save_output_Save_an_Output_"/>
    <testcase time="0.457999999999998" classname="save_output" name="Test_save_output_Save_an_Output_"/>
    <testcase time="0.246000000000002" classname="save_output" name="save_an_output"/>
    <testcase time="0.507999999999999" classname="save_output" name="save_an_output"/>
  </testsuite>
  <testsuite name="slides_preview" timestamp="2026-08-28T01:26:20Z" hostname="1c0904b73425" tests="3" skipped="0" failures="0" errors="0" time="0.439">
    <testcase time="0.419" classname="slides_preview" name="Test_slides_preview"/>
    <testcase time="0.00999999999999801" classname="slides_preview" name="Test_slides_preview"/>
    <testcase time="0.0100000000000016" classname="slides_preview" name="Test_slides_preview"/>
  </testsuite>
  <testsuite name="srep_outputs" timestamp="2026-08-28T01:26:21Z" hostname="1c0904b73425" tests="3" skipped="0" failures="0" errors="0" time="86.483">
    <testcase time="1.921" classname="srep_outputs" name="Listing_print_correctly">
      <system-out>Non-unique sibling analysis table names. Using Labels instead. Use the table_names argument to analyze to avoid this when analyzing the same variable multiple times.
	occured at (row) path: root
Backtrace:
     x
  1. +-... %&gt;% ... at test-srep_outputs.R:17:3
  2. +-autoslider.core::decorate_outputs(., version_label = NULL, for_test = TRUE)
  3. | \-base::lapply(...)
  4. \-autoslider.core::generate_outputs(., datasets = testdata)
  5.   \-base::lapply(...)
  6.     \-autoslider.core (local) FUN(X[[i]], ...)
  7.       \-autoslider.core::fastDoCall(generate_output, args)
  8.         \-base::eval(call, envir = args, enclos = envir)
  9.           \-base::eval(call, envir = args, enclos = envir)
 10.             \-autoslider.core::generate_output(...)
 11.               +-base::tryCatch(...)
 12.               | \-base (local) tryCatchList(expr, classes, parentenv, handlers)
 13.               |   \-base (local) tryCatchOne(expr, names, parentenv, handlers[[1L]])
 14.               |     \-base (local) doTryCatch(return(expr), name, parentenv, handler)
 15.               \-autoslider.core (local) func(...)
 16.                 \-autoslider.core::fastDoCall(...)
 17.                   \-base::eval(call, envir = args, enclos = envir)
 18.                     \-base::eval(call, envir = args, enclos = envir)
 19.                       \-autoslider.core (local) func(...)
 20.                         \-rtables::build_table(lyt, df = anl, alt_counts_df = adsl)
 21.                           \-base::lapply(...)
 22.                             \-rtables (local) FUN(X[[i]], ...)
 23.                               \-rtables:::recursive_applysplit(...)
 24.                                 +-rtables:::.make_split_kids(...)
 25.                                 \-rtables:::.make_split_kids(...)
 26.                                   \-rtables (local) .local(spl, have_controws, make_lrow, ...)</system-out>
    </testcase>
    <testcase time="84.416" classname="srep_outputs" name="Listing_print_correctly"/>
    <testcase time="0.146000000000001" classname="srep_outputs" name="Listing_print_correctly"/>
  </testsuite>
  <testsuite name="t_ae_pt_diff_slide" timestamp="2026-08-28T01:27:47Z" hostname="1c0904b73425" tests="9" skipped="0" failures="0" errors="0" time="1.585">
    <testcase time="0.150000000000006" classname="t_ae_pt_diff_slide" name="Test_table_creation_of_t_ae_pt_diff_slide_safety_summary_table_"/>
    <testcase time="0.129000000000005" classname="t_ae_pt_diff_slide" name="Test_table_creation_of_t_ae_pt_diff_slide_safety_summary_table_prune_by_total_2"/>
    <testcase time="0.260999999999996" classname="t_ae_pt_diff_slide" name="Test_table_creation_of_t_ae_pt_slide_safety_summary_table_prune_by_total_2"/>
    <testcase time="0.161000000000001" classname="t_ae_pt_diff_slide" name="Test_table_creation_of_t_ae_pt_slide_safety_summary_table_prune_by_total_2"/>
    <testcase time="0.268999999999991" classname="t_ae_pt_diff_slide" name="Test_table_creation_of_t_ae_pt_slide_safety_summary_table_prune_by_total_2"/>
    <testcase time="0.190000000000012" classname="t_ae_pt_diff_slide" name="Test_table_creation_of_t_ae_pt_slide_safety_summary_table_prune_by_total_2"/>
    <testcase time="0.0959999999999894" classname="t_ae_pt_diff_slide" name="Test_table_creation_of_t_ae_pt_diff_slide_safety_summary_table_"/>
    <testcase time="0.269000000000005" classname="t_ae_pt_diff_slide" name="Test_table_creation_of_t_ae_pt_slide_safety_summary_table_prune_by_total_2"/>
    <testcase time="0.0600000000000023" classname="t_ae_pt_diff_slide" name="Test_table_creation_of_t_ae_pt_diff_slide_with_null_report"/>
  </testsuite>
  <testsuite name="t_ae_pt_slide" timestamp="2026-08-28T01:27:49Z" hostname="1c0904b73425" tests="6" skipped="0" failures="0" errors="0" time="1.441">
    <testcase time="0.167999999999992" classname="t_ae_pt_slide" name="Test_table_creation_of_t_ae_pt_slide_safety_summary_table_"/>
    <testcase time="0.153000000000006" classname="t_ae_pt_slide" name="Test_table_creation_of_t_ae_pt_slide_safety_summary_table_prune_by_total_28"/>
    <testcase time="0.149999999999991" classname="t_ae_pt_slide" name="Test_table_creation_of_t_ae_pt_slide_safety_summary_table_prune_by_total_30"/>
    <testcase time="0.333000000000013" classname="t_ae_pt_slide" name="Test_table_creation_of_t_ae_pt_soc_slide_safety_summary_table_"/>
    <testcase time="0.323999999999998" classname="t_ae_pt_slide" name="Test_table_creation_of_t_ae_pt_soc_slide_safety_summary_table_prune_by_total_28"/>
    <testcase time="0.313000000000002" classname="t_ae_pt_slide" name="Test_table_creation_of_t_ae_pt_soc_slide_safety_summary_table_prune_by_total_30"/>
  </testsuite>
  <testsuite name="t_ae_pt_soc_diff_slide" timestamp="2026-08-28T01:27:50Z" hostname="1c0904b73425" tests="7" skipped="0" failures="0" errors="0" time="2.793">
    <testcase time="0.285999999999987" classname="t_ae_pt_soc_diff_slide" name="Test_table_creation_of_t_ae_pt_soc_diff_slide_safety_summary_table_"/>
    <testcase time="0.298000000000002" classname="t_ae_pt_soc_diff_slide" name="Test_table_creation_of_t_ae_pt_soc_diff_slide_safety_summary_table_prune_by_total_2"/>
    <testcase time="0.570999999999998" classname="t_ae_pt_soc_diff_slide" name="Test_table_creation_of_t_ae_pt_soc_diff_slide_safety_summary_table_prune_by_total_2"/>
    <testcase time="0.337000000000003" classname="t_ae_pt_soc_diff_slide" name="Test_table_creation_of_t_ae_pt_soc_diff_slide_safety_summary_table_prune_by_total_2"/>
    <testcase time="0.569999999999993" classname="t_ae_pt_soc_diff_slide" name="Test_table_creation_of_t_ae_pt_soc_diff_slide_safety_summary_table_prune_by_total_2"/>
    <testcase time="0.483000000000004" classname="t_ae_pt_soc_diff_slide" name="Test_table_creation_of_t_ae_pt_soc_diff_slide_safety_summary_table_prune_by_total_2"/>
    <testcase time="0.248000000000005" classname="t_ae_pt_soc_diff_slide" name="Test_table_creation_of_t_ae_pt_soc_diff_slide_safety_summary_table_"/>
  </testsuite>
  <testsuite name="t_ae_slide" timestamp="2026-08-28T01:27:53Z" hostname="1c0904b73425" tests="2" skipped="0" failures="0" errors="0" time="0.651">
    <testcase time="0.596000000000004" classname="t_ae_slide" name="Test_adverse_event_table_creation_of_t_ae_slide_Adverse_Events_for_Patient_"/>
    <testcase time="0.0549999999999926" classname="t_ae_slide" name="Test_adverse_event_table_creation_of_t_ae_slide_with_null_report"/>
  </testsuite>
  <testsuite name="t_ae_summary_slide" timestamp="2026-08-28T01:27:54Z" hostname="1c0904b73425" tests="4" skipped="0" failures="0" errors="0" time="1.722">
    <testcase time="0.471999999999994" classname="t_ae_summary_slide" name="Test_table_creation_of_t_ae_summ_slide_safety_summary_table_"/>
    <testcase time="1.158" classname="t_ae_summary_slide" name="Test_table_creation_of_t_ae_summ_slide_safety_summary_table_"/>
    <testcase time="0.0360000000000014" classname="t_ae_summary_slide" name="Test_t_ae_summ_slide_with_expected_Error"/>
    <testcase time="0.0559999999999974" classname="t_ae_summary_slide" name="Test_t_ae_summ_slide_with_null_report"/>
  </testsuite>
  <testsuite name="t_aesi_slide" timestamp="2026-08-28T01:27:55Z" hostname="1c0904b73425" tests="5" skipped="0" failures="0" errors="0" time="1.164">
    <testcase time="0.381" classname="t_aesi_slide" name="Test_table_creation_of_t_aesi_slide_AESI_summary_table_with_AETOXGR_grading"/>
    <testcase time="0.382999999999996" classname="t_aesi_slide" name="Test_table_creation_of_t_aesi_slide_AESI_summary_table_with_AESEV_grading"/>
    <testcase time="0.369" classname="t_aesi_slide" name="Test_table_creation_of_t_aesi_slide_AESI_summary_table_with_custom_AEGRP_grouping"/>
    <testcase time="0.007000000000005" classname="t_aesi_slide" name="Test_table_creation_of_t_aesi_slide_with_no_aesi_var_given"/>
    <testcase time="0.0240000000000009" classname="t_aesi_slide" name="Test_table_creation_of_t_aesi_slide_with_aesi_var_not_found_in_dataset"/>
  </testsuite>
  <testsuite name="t_dd_slide" timestamp="2026-08-28T01:27:57Z" hostname="1c0904b73425" tests="6" skipped="0" failures="0" errors="0" time="0.836">
    <testcase time="0.135999999999996" classname="t_dd_slide" name="Test_table_creation_of_t_dd_slide_death_table_"/>
    <testcase time="0.0289999999999964" classname="t_dd_slide" name="Test_t_dd_slide_table_with_expected_Error"/>
    <testcase time="0.0349999999999966" classname="t_dd_slide" name="Test_table_creation_of_with_null_report"/>
    <testcase time="0.164000000000001" classname="t_dd_slide" name="Test_table_creation_of_t_dd_slide_death_table_"/>
    <testcase time="0.278000000000006" classname="t_dd_slide" name="Test_table_creation_of_t_dd_slide_death_table_"/>
    <testcase time="0.194000000000003" classname="t_dd_slide" name="Test_table_creation_of_t_dd_slide_death_table_"/>
  </testsuite>
  <testsuite name="t_dm_slide" timestamp="2026-08-28T01:27:57Z" hostname="1c0904b73425" tests="6" skipped="0" failures="0" errors="0" time="2.787">
    <testcase time="0.289000000000001" classname="t_dm_slide" name="Test_demographic_table_creation_of_t_dm_slide"/>
    <testcase time="0.574999999999989" classname="t_dm_slide" name="Test_demographic_table_creation_of_t_dm_slide"/>
    <testcase time="0.571000000000012" classname="t_dm_slide" name="Test_demographic_table_creation_of_t_dm_slide"/>
    <testcase time="0.36399999999999" classname="t_dm_slide" name="Test_demographic_table_creation_of_t_dm_slide"/>
    <testcase time="0.407000000000011" classname="t_dm_slide" name="Test_demographic_table_creation_of_t_dm_slide"/>
    <testcase time="0.580999999999989" classname="t_dm_slide" name="Test_demographic_table_creation_of_t_dm_slide"/>
  </testsuite>
  <testsuite name="t_dor_slide" timestamp="2026-08-28T01:28:00Z" hostname="1c0904b73425" tests="2" skipped="0" failures="0" errors="0" time="0.306">
    <testcase time="0.135000000000005" classname="t_dor_slide" name="Test_DOR_table_when_time_unit_is_DAYS_"/>
    <testcase time="0.171000000000006" classname="t_dor_slide" name="Test_DOR_table_when_time_unit_is_YEARS_"/>
  </testsuite>
  <testsuite name="t_ds_slide" timestamp="2026-08-28T01:28:00Z" hostname="1c0904b73425" tests="5" skipped="0" failures="0" errors="0" time="1.982">
    <testcase time="0.241" classname="t_ds_slide" name="Test_table_creation_of_t_ds_slide"/>
    <testcase time="0.512999999999991" classname="t_ds_slide" name="Test_table_creation_of_t_ds_slide"/>
    <testcase time="0.313000000000002" classname="t_ds_slide" name="Test_table_creation_of_t_ds_slide"/>
    <testcase time="0.516000000000005" classname="t_ds_slide" name="Test_table_creation_of_t_ds_slide"/>
    <testcase time="0.399000000000001" classname="t_ds_slide" name="Test_table_creation_of_t_ds_slide"/>
  </testsuite>
  <testsuite name="template" timestamp="2026-08-28T01:28:02Z" hostname="1c0904b73425" tests="44" skipped="0" failures="0" errors="0" time="0.316">
    <testcase time="0.0110000000000099" classname="template" name="list_all_templates_test_1_returns_all_available_templates"/>
    <testcase time="0.00600000000000023" classname="template" name="use_template_test_2_saving_when_no_path_is_specified">
      <system-out>cannot remove file 'programs/R/tryout.R', reason 'No such file or directory'
Backtrace:
    x
 1. \-base::file.remove(file_location) at test-template.R:19:3</system-out>
    </testcase>
    <testcase time="0.0189999999999912" classname="template" name="use_template_test_2_saving_when_no_path_is_specified"/>
    <testcase time="0.007000000000005" classname="template" name="use_template_test_2_saving_when_no_path_is_specified"/>
    <testcase time="0.0150000000000006" classname="template" name="use_template_test_2_saving_when_no_path_is_specified"/>
    <testcase time="0.00600000000000023" classname="template" name="use_template_test_3_create_folder_when_it_does_not_exist"/>
    <testcase time="0.00600000000000023" classname="template" name="use_template_test_3_create_folder_when_it_does_not_exist"/>
    <testcase time="0.00300000000000011" classname="template" name="use_template_test_3_create_folder_when_it_does_not_exist"/>
    <testcase time="0.00900000000000034" classname="template" name="use_template_test_4_expected_errors"/>
    <testcase time="0.00600000000000023" classname="template" name="use_template_test_4_expected_errors"/>
    <testcase time="0.00900000000000034" classname="template" name="use_template_test_5_when_template_is_contained_in_autoslideR"/>
    <testcase time="0.00999999999999091" classname="template" name="use_template_test_6_invalid_template"/>
    <testcase time="0.00900000000000034" classname="template" name="use_template_test_7_all_templates"/>
    <testcase time="0.00600000000000023" classname="template" name="use_template_test_7_all_templates"/>
    <testcase time="0.00600000000000023" classname="template" name="use_template_test_7_all_templates"/>
    <testcase time="0.00600000000000023" classname="template" name="use_template_test_7_all_templates"/>
    <testcase time="0.00600000000000023" classname="template" name="use_template_test_7_all_templates"/>
    <testcase time="0.00600000000000023" classname="template" name="use_template_test_7_all_templates"/>
    <testcase time="0.00600000000000023" classname="template" name="use_template_test_7_all_templates"/>
    <testcase time="0.00600000000000023" classname="template" name="use_template_test_7_all_templates"/>
    <testcase time="0.00499999999999545" classname="template" name="use_template_test_7_all_templates"/>
    <testcase time="0.00600000000000023" classname="template" name="use_template_test_7_all_templates"/>
    <testcase time="0.00600000000000023" classname="template" name="use_template_test_7_all_templates"/>
    <testcase time="0.00600000000000023" classname="template" name="use_template_test_7_all_templates"/>
    <testcase time="0.00600000000000023" classname="template" name="use_template_test_7_all_templates"/>
    <testcase time="0.00600000000000023" classname="template" name="use_template_test_7_all_templates"/>
    <testcase time="0.00600000000000023" classname="template" name="use_template_test_7_all_templates"/>
    <testcase time="0.0160000000000053" classname="template" name="use_template_test_7_all_templates"/>
    <testcase time="0.0109999999999957" classname="template" name="use_template_test_5_all_templates"/>
    <testcase time="0.00600000000000023" classname="template" name="use_template_test_5_all_templates"/>
    <testcase time="0.00600000000000023" classname="template" name="use_template_test_5_all_templates"/>
    <testcase time="0.00600000000000023" classname="template" name="use_template_test_5_all_templates"/>
    <testcase time="0.00600000000000023" classname="template" name="use_template_test_5_all_templates"/>
    <testcase time="0.00600000000000023" classname="template" name="use_template_test_5_all_templates"/>
    <testcase time="0.00600000000000023" classname="template" name="use_template_test_5_all_templates"/>
    <testcase time="0.00500000000000966" classname="template" name="use_template_test_5_all_templates"/>
    <testcase time="0.00699999999999079" classname="template" name="use_template_test_5_all_templates"/>
    <testcase time="0.00600000000000023" classname="template" name="use_template_test_5_all_templates"/>
    <testcase time="0.00600000000000023" classname="template" name="use_template_test_5_all_templates"/>
    <testcase time="0.00600000000000023" classname="template" name="use_template_test_5_all_templates"/>
    <testcase time="0.00600000000000023" classname="template" name="use_template_test_5_all_templates"/>
    <testcase time="0.00600000000000023" classname="template" name="use_template_test_5_all_templates"/>
    <testcase time="0.00600000000000023" classname="template" name="use_template_test_5_all_templates"/>
    <testcase time="0.00600000000000023" classname="template" name="use_template_test_5_all_templates"/>
  </testsuite>
  <testsuite name="toslide" timestamp="2026-08-28T01:28:03Z" hostname="1c0904b73425" tests="2" skipped="0" failures="0" errors="0" time="2.512">
    <testcase time="1.693" classname="toslide" name="Test_layout_is_in_layout"/>
    <testcase time="0.819000000000003" classname="toslide" name="Test_layout_is_in_layout"/>
  </testsuite>
  <testsuite name="util" timestamp="2026-08-28T01:28:05Z" hostname="1c0904b73425" tests="64" skipped="0" failures="0" errors="0" time="0.224">
    <testcase time="0.00799999999999557" classname="util" name="Test_some_functions_in_util.R"/>
    <testcase time="0.00100000000000477" classname="util" name="Test_some_functions_in_util.R"/>
    <testcase time="0.00199999999999534" classname="util" name="Test_some_functions_in_util.R"/>
    <testcase time="0.00100000000000477" classname="util" name="Test_some_functions_in_util.R"/>
    <testcase time="0.000999999999990564" classname="util" name="Test_some_functions_in_util.R"/>
    <testcase time="0.00100000000000477" classname="util" name="Test_some_functions_in_util.R"/>
    <testcase time="0.00600000000000023" classname="util" name="Test_some_functions_in_util.R">
      <system-out>running command 'git remote -v' had status 128 and error message 'Function not implemented'
Backtrace:
     x
  1. +-testthat::expect_no_error(get_remote_url()) at test-util.R:12:3
  2. | \-testthat:::expect_no_(...)
  3. |   \-testthat:::quasi_capture(enquo(object), NULL, capture)
  4. |     +-testthat (local) .capture(...)
  5. |     | +-base::withRestarts(...)
  6. |     | | \-base (local) withOneRestart(expr, restarts[[1L]])
  7. |     | |   \-base (local) doWithOneRestart(return(expr), restart)
  8. |     | \-base::withCallingHandlers(...)
  9. |     \-rlang::eval_bare(quo_get_expr(.quo), quo_get_env(.quo))
 10. \-autoslider.core:::get_remote_url()
 11.   \-base::system("git remote -v", intern = TRUE)</system-out>
    </testcase>
    <testcase time="0.007000000000005" classname="util" name="Test_some_functions_in_util.R"/>
    <testcase time="0.00600000000000023" classname="util" name="Test_some_functions_in_util.R">
      <system-out>running command 'git rev-parse HEAD' had status 128 and error message 'Function not implemented'
Backtrace:
     x
  1. +-testthat::expect_no_error(get_last_gitcommit_sha()) at test-util.R:13:3
  2. | \-testthat:::expect_no_(...)
  3. |   \-testthat:::quasi_capture(enquo(object), NULL, capture)
  4. |     +-testthat (local) .capture(...)
  5. |     | +-base::withRestarts(...)
  6. |     | | \-base (local) withOneRestart(expr, restarts[[1L]])
  7. |     | |   \-base (local) doWithOneRestart(return(expr), restart)
  8. |     | \-base::withCallingHandlers(...)
  9. |     \-rlang::eval_bare(quo_get_expr(.quo), quo_get_env(.quo))
 10. \-autoslider.core:::get_last_gitcommit_sha()
 11.   \-base::system("git rev-parse HEAD", intern = TRUE)</system-out>
    </testcase>
    <testcase time="0.00699999999999079" classname="util" name="Test_some_functions_in_util.R"/>
    <testcase time="0.00500000000000966" classname="util" name="Test_some_functions_in_util.R">
      <system-out>running command 'git rev-parse --abbrev-ref HEAD' had status 128 and error message 'Function not implemented'
Backtrace:
     x
  1. +-testthat::expect_no_error(get_repo_head_name()) at test-util.R:14:3
  2. | \-testthat:::expect_no_(...)
  3. |   \-testthat:::quasi_capture(enquo(object), NULL, capture)
  4. |     +-testthat (local) .capture(...)
  5. |     | +-base::withRestarts(...)
  6. |     | | \-base (local) withOneRestart(expr, restarts[[1L]])
  7. |     | |   \-base (local) doWithOneRestart(return(expr), restart)
  8. |     | \-base::withCallingHandlers(...)
  9. |     \-rlang::eval_bare(quo_get_expr(.quo), quo_get_env(.quo))
 10. \-autoslider.core:::get_repo_head_name()
 11.   \-base::system("git rev-parse --abbrev-ref HEAD", intern = TRUE)</system-out>
    </testcase>
    <testcase time="0.00699999999999079" classname="util" name="Test_some_functions_in_util.R"/>
    <testcase time="0.00400000000000489" classname="util" name="Test_some_functions_in_util.R"/>
    <testcase time="0.00300000000000011" classname="util" name="Test_some_functions_in_util.R"/>
    <testcase time="0.00100000000000477" classname="util" name="Test_some_functions_in_util.R"/>
    <testcase time="0.00199999999999534" classname="util" name="Test_some_functions_in_util.R"/>
    <testcase time="0.00100000000000477" classname="util" name="Test_some_functions_in_util.R"/>
    <testcase time="0.000999999999990564" classname="util" name="Test_some_functions_in_util.R"/>
    <testcase time="0.00300000000000011" classname="util" name="Test_some_functions_in_util.R_validate_paper_size_works_correctly"/>
    <testcase time="0.00200000000000955" classname="util" name="Test_some_functions_in_util.R_validate_paper_size_works_correctly"/>
    <testcase time="0.00199999999999534" classname="util" name="Test_some_functions_in_util.R_validate_paper_size_works_correctly"/>
    <testcase time="0.00499999999999545" classname="util" name="Test_some_functions_in_util.R_validate_paper_size_works_correctly"/>
    <testcase time="0.00400000000000489" classname="util" name="Test_some_functions_in_util.R_validate_paper_size_works_correctly"/>
    <testcase time="0.00499999999999545" classname="util" name="Test_some_functions_in_util.R_validate_paper_size_works_correctly"/>
    <testcase time="0.00400000000000489" classname="util" name="Test_some_functions_in_util.R_validate_paper_size_works_correctly"/>
    <testcase time="0.00699999999999079" classname="util" name="Test_some_functions_in_util.R_Legacy_warning_functions_work_as_expected"/>
    <testcase time="0.00200000000000955" classname="util" name="Test_some_functions_in_util.R_Legacy_warning_functions_work_as_expected"/>
    <testcase time="0.00499999999999545" classname="util" name="Test_some_functions_in_util.R_Legacy_warning_functions_work_as_expected"/>
    <testcase time="0.00100000000000477" classname="util" name="Test_some_functions_in_util.R_Legacy_warning_functions_work_as_expected"/>
    <testcase time="0.00499999999999545" classname="util" name="Test_some_functions_in_util.R_Legacy_warning_functions_work_as_expected"/>
    <testcase time="0.00499999999999545" classname="util" name="Test_some_functions_in_util.R_vbar2newline_correctly_replaces_vertical_bars"/>
    <testcase time="0.00300000000000011" classname="util" name="Test_some_functions_in_util.R_vbar2newline_correctly_replaces_vertical_bars"/>
    <testcase time="0.00200000000000955" classname="util" name="Test_some_functions_in_util.R_vbar2newline_correctly_replaces_vertical_bars"/>
    <testcase time="0.00300000000000011" classname="util" name="Test_some_functions_in_util.R_vbar2newline_correctly_replaces_vertical_bars"/>
    <testcase time="0.00300000000000011" classname="util" name="Test_some_functions_in_util.R_vbar2newline_correctly_replaces_vertical_bars"/>
    <testcase time="0.00499999999999545" classname="util" name="Test_some_functions_in_util.R_munge_spaces_correctly_replaces_various_whitespace"/>
    <testcase time="0.00300000000000011" classname="util" name="Test_some_functions_in_util.R_munge_spaces_correctly_replaces_various_whitespace"/>
    <testcase time="0.00199999999999534" classname="util" name="Test_some_functions_in_util.R_munge_spaces_correctly_replaces_various_whitespace"/>
    <testcase time="0.00300000000000011" classname="util" name="Test_some_functions_in_util.R_munge_spaces_correctly_replaces_various_whitespace"/>
    <testcase time="0.00300000000000011" classname="util" name="Test_some_functions_in_util.R_munge_spaces_correctly_replaces_various_whitespace"/>
    <testcase time="0.00500000000000966" classname="util" name="Test_some_functions_in_util.R_split_chunk_correctly_splits_text_into_words"/>
    <testcase time="0.00300000000000011" classname="util" name="Test_some_functions_in_util.R_split_chunk_correctly_splits_text_into_words"/>
    <testcase time="0.00300000000000011" classname="util" name="Test_some_functions_in_util.R_split_chunk_correctly_splits_text_into_words"/>
    <testcase time="0.00199999999999534" classname="util" name="Test_some_functions_in_util.R_split_chunk_correctly_splits_text_into_words"/>
    <testcase time="0.00199999999999534" classname="util" name="Test_some_functions_in_util.R_split_chunk_correctly_splits_text_into_words"/>
    <testcase time="0.00600000000000023" classname="util" name="Test_some_functions_in_util.R_wrap_chunk_wraps_text_correctly"/>
    <testcase time="0.00300000000000011" classname="util" name="Test_some_functions_in_util.R_wrap_chunk_wraps_text_correctly"/>
    <testcase time="0.00199999999999534" classname="util" name="Test_some_functions_in_util.R_wrap_chunk_wraps_text_correctly"/>
    <testcase time="0.00300000000000011" classname="util" name="Test_some_functions_in_util.R_wrap_chunk_wraps_text_correctly"/>
    <testcase time="0.00200000000000955" classname="util" name="Test_some_functions_in_util.R_wrap_chunk_wraps_text_correctly"/>
    <testcase time="0.00300000000000011" classname="util" name="Test_some_functions_in_util.R_wrap_chunk_wraps_text_correctly"/>
    <testcase time="0.00600000000000023" classname="util" name="Test_some_functions_in_util.R_git_footnote_returns_repo"/>
    <testcase time="0.00499999999999545" classname="util" name="Test_some_functions_in_util.R_create_new_reporting_event"/>
    <testcase time="0.00300000000000011" classname="util" name="Test_some_functions_in_util.R_create_new_reporting_event"/>
    <testcase time="0.00499999999999545" classname="util" name="Test_some_functions_in_util.R_create_output_name"/>
    <testcase time="0.00200000000000955" classname="util" name="Test_some_functions_in_util.R_create_output_name"/>
    <testcase time="0.00300000000000011" classname="util" name="Test_some_functions_in_util.R_create_output_name"/>
    <testcase time="0.00199999999999534" classname="util" name="Test_some_functions_in_util.R_create_output_name"/>
    <testcase time="0.00600000000000023" classname="util" name="Test_some_functions_in_util.R_text_wrap_cut_works_correctly"/>
    <testcase time="0.00300000000000011" classname="util" name="Test_some_functions_in_util.R_text_wrap_cut_works_correctly"/>
    <testcase time="0.00300000000000011" classname="util" name="Test_some_functions_in_util.R_text_wrap_cut_works_correctly"/>
    <testcase time="0.00199999999999534" classname="util" name="Test_some_functions_in_util.R_text_wrap_cut_works_correctly"/>
    <testcase time="0.00600000000000023" classname="util" name="Test_some_functions_in_util.R_text_wrap_cut_keepreturn_respects_existing_newlines"/>
    <testcase time="0.00300000000000011" classname="util" name="Test_some_functions_in_util.R_text_wrap_cut_keepreturn_respects_existing_newlines"/>
  </testsuite>
  <testsuite name="ai" timestamp="2026-08-28T01:28:06Z" hostname="1c0904b73425" tests="2" skipped="2" failures="0" errors="0" time="0.043">
    <testcase time="0.0289999999999964" classname="ai" name="Listing_print_correctly">
      <skipped message="Reason: Sys.which(&quot;ollama&quot;) == &quot;&quot; is TRUE ('test_ai.R:4:3')"/>
    </testcase>
    <testcase time="0.01400000000001" classname="ai" name="using_ollama">
      <skipped message="Reason: Sys.which(&quot;ollama&quot;) == &quot;&quot; is TRUE ('test_ai.R:60:3')"/>
    </testcase>
  </testsuite>
  <testsuite name="format_date" timestamp="2026-08-28T01:28:06Z" hostname="1c0904b73425" tests="5" skipped="0" failures="0" errors="0" time="0.174">
    <testcase time="0.131999999999991" classname="format_date" name="Test_format_date"/>
    <testcase time="0.0130000000000052" classname="format_date" name="Test_format_date"/>
    <testcase time="0.00799999999999557" classname="format_date" name="Test_format_date"/>
    <testcase time="0.0110000000000099" classname="format_date" name="Test_format_date"/>
    <testcase time="0.00999999999999091" classname="format_date" name="Test_format_date"/>
  </testsuite>
</testsuites>
