<?xml version="1.0" encoding="UTF-8"?>
<testsuites>
  <testsuite name="ai-offline" timestamp="2026-09-08T07:21:56Z" hostname="d170e1d3bffc" tests="16" skipped="0" failures="0" errors="0" time="0.841">
    <testcase time="0.012" classname="ai_offline" name="get_system_prompt_returns_its_text"/>
    <testcase time="0.0139999999999998" classname="ai_offline" name="get_system_prompt_returns_its_text"/>
    <testcase time="0.0150000000000001" classname="ai_offline" name="get_deepseek_key_get_portkey_key_read_a_key_file"/>
    <testcase time="0.00200000000000022" classname="ai_offline" name="get_deepseek_key_get_portkey_key_read_a_key_file"/>
    <testcase time="0.00999999999999979" classname="ai_offline" name="get_prompt_list_reads_the_packaged_prompt.yml_as_a_spec"/>
    <testcase time="0.00200000000000022" classname="ai_offline" name="get_prompt_list_reads_the_packaged_prompt.yml_as_a_spec"/>
    <testcase time="0.00199999999999978" classname="ai_offline" name="get_prompt_list_reads_the_packaged_prompt.yml_as_a_spec"/>
    <testcase time="0.6" classname="ai_offline" name="integrate_prompt_substitutes_table_text_with_the_table_content"/>
    <testcase time="0.00300000000000011" classname="ai_offline" name="integrate_prompt_substitutes_table_text_with_the_table_content"/>
    <testcase time="0.00199999999999978" classname="ai_offline" name="integrate_prompt_substitutes_table_text_with_the_table_content"/>
    <testcase time="0.00200000000000022" classname="ai_offline" name="integrate_prompt_substitutes_table_text_with_the_table_content"/>
    <testcase time="0.004" classname="ai_offline" name="get_ellmer_chat_returns_NULL_for_an_unknown_platform"/>
    <testcase time="0.004" classname="ai_offline" name="get_ai_notes_passes_autoslider_error_outputs_through_untouched"/>
    <testcase time="0.00199999999999978" classname="ai_offline" name="get_ai_notes_passes_autoslider_error_outputs_through_untouched"/>
    <testcase time="0.164" classname="ai_offline" name="get_ai_notes_skips_outputs_whose_name_is_not_in_the_prompt_list"/>
    <testcase time="0.00300000000000011" classname="ai_offline" name="get_ai_notes_skips_outputs_whose_name_is_not_in_the_prompt_list"/>
  </testsuite>
  <testsuite name="appendix" timestamp="2026-09-08T07:21:57Z" hostname="d170e1d3bffc" tests="22" skipped="0" failures="0" errors="0" time="1.205">
    <testcase time="0.166" classname="appendix" name="initialize_to_page_test_1_when_to_page_is_null"/>
    <testcase time="0.0760000000000001" classname="appendix" name="initialize_to_page_test_2_given_to_page_value"/>
    <testcase time="0.0559999999999996" classname="appendix" name="initialize_to_page_test_3_if_to_page_is_too_large"/>
    <testcase time="0.106" classname="appendix" name="postprocessing_doc_test_1_save_file_TRUE"/>
    <testcase time="0.00199999999999978" classname="appendix" name="postprocessing_doc_test_1_save_file_TRUE"/>
    <testcase time="0.0409999999999999" classname="appendix" name="postprocessing_doc_test_2_save_file_FALSE"/>
    <testcase time="0.00200000000000022" classname="appendix" name="postprocessing_doc_test_2_save_file_FALSE"/>
    <testcase time="0.0590000000000002" classname="appendix" name="postprocessing_doc_test_3_doc_o_is_not_a_ppt"/>
    <testcase time="0.0439999999999996" classname="appendix" name="initialize_doc_original_test_1_returns_existing_doc_original"/>
    <testcase time="0.106" classname="appendix" name="initialize_doc_original_test_2_reads_from_file_when_doc_original_is_NULL"/>
    <testcase time="0.112" classname="appendix" name="append_title_slides_test_1_save_file"/>
    <testcase time="0.00199999999999978" classname="appendix" name="append_title_slides_test_1_save_file"/>
    <testcase time="0.00300000000000011" classname="appendix" name="append_title_slides_test_1_save_file"/>
    <testcase time="0.108" classname="appendix" name="append_section_header_slides_test_1_not_save_file"/>
    <testcase time="0.00200000000000067" classname="appendix" name="append_section_header_slides_test_1_not_save_file"/>
    <testcase time="0.00299999999999923" classname="appendix" name="append_section_header_slides_test_1_not_save_file"/>
    <testcase time="0.169" classname="appendix" name="append_all_slides_correctly_adds_multiple_slides_based_on_page_list"/>
    <testcase time="0.00199999999999978" classname="appendix" name="append_all_slides_correctly_adds_multiple_slides_based_on_page_list"/>
    <testcase time="0.00300000000000011" classname="appendix" name="append_all_slides_correctly_adds_multiple_slides_based_on_page_list"/>
    <testcase time="0.0369999999999999" classname="appendix" name="append_all_slides_correctly_adds_multiple_slides_based_on_page_list"/>
    <testcase time="0.00199999999999978" classname="appendix" name="append_all_slides_correctly_adds_multiple_slides_based_on_page_list"/>
    <testcase time="0.104" classname="appendix" name="append_all_slides_test_2_error_if_page_list_exceeds_max_pages_1"/>
  </testsuite>
  <testsuite name="assert" timestamp="2026-09-08T07:21:59Z" hostname="d170e1d3bffc" tests="17" skipped="0" failures="0" errors="0" time="0.074">
    <testcase time="0.0230000000000006" classname="assert" name="assert_is_character_scalar_works_correctly"/>
    <testcase time="0.00399999999999956" classname="assert" name="assert_is_character_scalar_works_correctly"/>
    <testcase time="0.00300000000000011" classname="assert" name="assert_is_character_scalar_works_correctly"/>
    <testcase time="0.00399999999999956" classname="assert" name="assert_is_character_scalar_works_correctly"/>
    <testcase time="0.00300000000000011" classname="assert" name="assert_is_character_scalar_works_correctly"/>
    <testcase time="0.00300000000000011" classname="assert" name="assert_is_character_scalar_works_correctly"/>
    <testcase time="0.00400000000000045" classname="assert" name="assert_exists_in_spec_or_calling_env_is_robustly_testable"/>
    <testcase time="0.000999999999999446" classname="assert" name="assert_exists_in_spec_or_calling_env_is_robustly_testable"/>
    <testcase time="0.00400000000000045" classname="assert" name="assert_exists_in_spec_or_calling_env_is_robustly_testable"/>
    <testcase time="0.00300000000000011" classname="assert" name="assert_is_valid_filter_result_passes_with_valid_inputs"/>
    <testcase time="0.000999999999999446" classname="assert" name="assert_is_valid_filter_result_passes_with_valid_inputs"/>
    <testcase time="0.00600000000000023" classname="assert" name="assert_is_valid_filter_result_fails_with_invalid_inputs"/>
    <testcase time="0.00300000000000011" classname="assert" name="assert_is_valid_filter_result_fails_with_invalid_inputs"/>
    <testcase time="0.00300000000000011" classname="assert" name="assert_is_valid_filter_result_fails_with_invalid_inputs"/>
    <testcase time="0.00300000000000011" classname="assert" name="assert_is_valid_filter_result_fails_with_invalid_inputs"/>
    <testcase time="0.00300000000000011" classname="assert" name="assert_is_valid_filter_result_fails_with_invalid_inputs"/>
    <testcase time="0.00299999999999923" classname="assert" name="assert_is_valid_filter_result_fails_with_invalid_inputs"/>
  </testsuite>
  <testsuite name="bad_filters" timestamp="2026-09-08T07:21:59Z" hostname="d170e1d3bffc" tests="1" skipped="0" failures="0" errors="0" time="0.022">
    <testcase time="0.0220000000000002" classname="bad_filters" name="Listing_print_correctly"/>
  </testsuite>
  <testsuite name="data_snapshot" timestamp="2026-09-08T07:21:59Z" hostname="d170e1d3bffc" tests="18" skipped="0" failures="0" errors="0" time="0.394">
    <testcase time="0.024" classname="data_snapshot" name="Test_data_snapshot"/>
    <testcase time="0.0510000000000002" classname="data_snapshot" name="Test_data_snapshot"/>
    <testcase time="0.00800000000000001" classname="data_snapshot" name="Test_data_snapshot"/>
    <testcase time="0.0409999999999995" classname="data_snapshot" name="Test_data_snapshot"/>
    <testcase time="0.00700000000000056" classname="data_snapshot" name="Test_data_snapshot"/>
    <testcase time="0.0300000000000002" classname="data_snapshot" name="Test_data_snapshot"/>
    <testcase time="0.00699999999999967" classname="data_snapshot" name="Test_data_snapshot"/>
    <testcase time="0.0359999999999996" classname="data_snapshot" name="Test_data_snapshot"/>
    <testcase time="0.00700000000000056" classname="data_snapshot" name="Test_data_snapshot"/>
    <testcase time="0.0329999999999995" classname="data_snapshot" name="Test_data_snapshot"/>
    <testcase time="0.00900000000000034" classname="data_snapshot" name="Test_data_snapshot"/>
    <testcase time="0.0359999999999996" classname="data_snapshot" name="Test_data_snapshot"/>
    <testcase time="0.0170000000000003" classname="data_snapshot" name="Test_data_snapshot"/>
    <testcase time="0.0140000000000002" classname="data_snapshot" name="Test_data_snapshot"/>
    <testcase time="0.00699999999999967" classname="data_snapshot" name="Test_data_snapshot"/>
    <testcase time="0.0270000000000001" classname="data_snapshot" name="Test_data_snapshot"/>
    <testcase time="0.00699999999999967" classname="data_snapshot" name="Test_data_snapshot"/>
    <testcase time="0.0330000000000004" classname="data_snapshot" name="Test_data_snapshot"/>
  </testsuite>
  <testsuite name="decorate" timestamp="2026-09-08T07:21:59Z" hostname="d170e1d3bffc" tests="10" skipped="0" failures="0" errors="0" time="1.01">
    <testcase time="0.129" classname="decorate" name="Test_decoreate.grob_not_to_throw"/>
    <testcase time="0.215000000000001" classname="decorate" name="Test_decoreate.grob_not_to_throw"/>
    <testcase time="0.00499999999999989" classname="decorate" name="Test_decoreate_not_to_throw"/>
    <testcase time="0.136" classname="decorate" name="Test_decoreate_not_to_throw"/>
    <testcase time="0.0699999999999994" classname="decorate" name="Test_print_not_to_throw"/>
    <testcase time="0.0739999999999998" classname="decorate" name="Test_print_not_to_throw"/>
    <testcase time="0.146000000000001" classname="decorate" name="Test_print_not_to_throw"/>
    <testcase time="0.00599999999999934" classname="decorate" name="Test_decoreate_throw"/>
    <testcase time="0.17" classname="decorate" name="Test_ph_with_img_not_to_throw">
      <system-out>Calling `add_slide()` without specifying a `layout` is deprecated.
 Please pass a `layout` or use `layout_default()` to set a default.
 =&gt; I will now continue with the former `layout` default "Title and Content" for backwards compatibility...
Backtrace:
    x
 1. \-autoslider.core:::do_call(add_slide, x = ppt, master = ppt_master) at test-decorate.R:71:3
 2.   +-base::do.call(fun, args[intersect(names(args), formalArgs(fun))])
 3.   \-officer (local) `&lt;fn&gt;`(x = `&lt;rpptx&gt;`, master = "Office Theme")
 4.     \-base::.Deprecated(...)</system-out>
    </testcase>
    <testcase time="0.0590000000000002" classname="decorate" name="Test_ph_with_img_not_to_throw"/>
  </testsuite>
  <testsuite name="filter_spec-verbose" timestamp="2026-09-08T07:22:00Z" hostname="d170e1d3bffc" tests="1" skipped="0" failures="0" errors="0" time="0.023">
    <testcase time="0.0230000000000006" classname="filter_spec_verbose" name="Listing_print_correctly"/>
  </testsuite>
  <testsuite name="font-size" timestamp="2026-09-08T07:22:00Z" hostname="d170e1d3bffc" tests="14" skipped="0" failures="0" errors="0" time="1.259">
    <testcase time="0.00699999999999967" classname="font_size" name="with_font_sizes_returns_the_formatter_unchanged_when_no_sizes_given"/>
    <testcase time="0.0369999999999999" classname="font_size" name="with_font_sizes_forwards_sizes_a_formatter_with_explicit_args_declares"/>
    <testcase time="0.00199999999999978" classname="font_size" name="with_font_sizes_forwards_sizes_a_formatter_with_explicit_args_declares"/>
    <testcase time="0.0330000000000004" classname="font_size" name="with_font_sizes_drops_sizes_a_formatter_no_dots_cannot_accept"/>
    <testcase time="0.00100000000000033" classname="font_size" name="with_font_sizes_drops_sizes_a_formatter_no_dots_cannot_accept"/>
    <testcase time="0.00299999999999923" classname="font_size" name="with_font_sizes_drops_sizes_a_formatter_no_dots_cannot_accept"/>
    <testcase time="0.0440000000000005" classname="font_size" name="with_font_sizes_only_injects_the_sizes_that_are_supplied"/>
    <testcase time="0.00199999999999978" classname="font_size" name="with_font_sizes_only_injects_the_sizes_that_are_supplied"/>
    <testcase time="0.0300000000000002" classname="font_size" name="built_in_formatters_accept_footer_font_size"/>
    <testcase time="0.00300000000000011" classname="font_size" name="built_in_formatters_accept_footer_font_size"/>
    <testcase time="0.568" classname="font_size" name="generate_slides_honours_a_per_slide_font_size_block_from_the_spec"/>
    <testcase time="0.00300000000000011" classname="font_size" name="generate_slides_honours_a_per_slide_font_size_block_from_the_spec"/>
    <testcase time="0.523" classname="font_size" name="generate_slides_deck_wide_font_size_default_works_without_a_spec"/>
    <testcase time="0.00300000000000011" classname="font_size" name="generate_slides_deck_wide_font_size_default_works_without_a_spec"/>
  </testsuite>
  <testsuite name="formats" timestamp="2026-09-08T07:22:01Z" hostname="d170e1d3bffc" tests="6" skipped="0" failures="0" errors="0" time="0.073">
    <testcase time="0.0110000000000001" classname="formats" name="new_round_function"/>
    <testcase time="0.0440000000000005" classname="formats" name="new_round_function"/>
    <testcase time="0.00499999999999989" classname="formats" name="xx.xx_xx.xx_"/>
    <testcase time="0.00499999999999989" classname="formats" name="xx.xx_xx.x_"/>
    <testcase time="0.00399999999999956" classname="formats" name="_xx_xx_"/>
    <testcase time="0.00400000000000045" classname="formats" name="xx.xx_xx.xx_xx.xx_"/>
  </testsuite>
  <testsuite name="ft_format" timestamp="2026-09-08T07:22:02Z" hostname="d170e1d3bffc" tests="2" skipped="0" failures="0" errors="0" time="1.214">
    <testcase time="1.208" classname="ft_format" name="demographic_table_formatting"/>
    <testcase time="0.00600000000000023" classname="ft_format" name="demographic_table_formatting"/>
  </testsuite>
  <testsuite name="func_wrapper" timestamp="2026-09-08T07:22:03Z" hostname="d170e1d3bffc" tests="5" skipped="0" failures="0" errors="0" time="0.514">
    <testcase time="0.348000000000001" classname="func_wrapper" name="legacy_with_datasets_and_spec"/>
    <testcase time="0.123999999999999" classname="func_wrapper" name="legacy_with_datasets_but_no_spec"/>
    <testcase time="0.0140000000000011" classname="func_wrapper" name="modern_with_named_datasets_and_spec"/>
    <testcase time="0.0139999999999993" classname="func_wrapper" name="modern_with_named_datasets_but_no_spec"/>
    <testcase time="0.0140000000000011" classname="func_wrapper" name="modern_with_named_spec_but_no_datasets"/>
  </testsuite>
  <testsuite name="g_mean_slides" timestamp="2026-09-08T07:22:03Z" hostname="d170e1d3bffc" tests="14" skipped="5" failures="0" errors="0" time="0.674">
    <testcase time="0.142999999999999" classname="g_mean_slides" name="g_mean_slides_Test_1_Test_graph_creation_of_g_eg_slide_eg_mean_plot_"/>
    <testcase time="0.00200000000000067" classname="g_mean_slides" name="g_mean_slides_Test_1_Test_graph_creation_of_g_eg_slide_eg_mean_plot_">
      <skipped message="Reason: On CI ('test-g_mean_slides.R:20:3')"/>
    </testcase>
    <testcase time="0.0149999999999988" classname="g_mean_slides" name="g_mean_slides_Test_2_Test_error_of_g_eg_slide_"/>
    <testcase time="0.113000000000001" classname="g_mean_slides" name="g_mean_slides_Test_3_Test_graph_creation_of_g_lb_slide_lab_mean_plot_"/>
    <testcase time="0.00199999999999889" classname="g_mean_slides" name="g_mean_slides_Test_3_Test_graph_creation_of_g_lb_slide_lab_mean_plot_">
      <skipped message="Reason: On CI ('test-g_mean_slides.R:37:3')"/>
    </testcase>
    <testcase time="0.138" classname="g_mean_slides" name="g_mean_slides_Test_4_Test_graph_creation_of_g_lb_slide_lab_change_from_baseline_plot_"/>
    <testcase time="0.00100000000000122" classname="g_mean_slides" name="g_mean_slides_Test_4_Test_graph_creation_of_g_lb_slide_lab_change_from_baseline_plot_">
      <skipped message="Reason: On CI ('test-g_mean_slides.R:54:3')"/>
    </testcase>
    <testcase time="0.0129999999999999" classname="g_mean_slides" name="g_mean_slides_Test_5_Test_error_of_g_lb_slide_"/>
    <testcase time="0.105" classname="g_mean_slides" name="g_mean_slides_Test_6_Test_graph_creation_of_g_vs_slide_vital_sign_mean_plot_"/>
    <testcase time="0.000999999999999446" classname="g_mean_slides" name="g_mean_slides_Test_6_Test_graph_creation_of_g_vs_slide_vital_sign_mean_plot_">
      <skipped message="Reason: On CI ('test-g_mean_slides.R:72:3')"/>
    </testcase>
    <testcase time="0.0139999999999993" classname="g_mean_slides" name="g_mean_slides_Test_7_Test_error_of_g_vs_slide_"/>
    <testcase time="0.113" classname="g_mean_slides" name="g_mean_slides_Test_8_Test_graph_creation_of_g_mean_slide_vital_sign_mean_plot_"/>
    <testcase time="0.00100000000000122" classname="g_mean_slides" name="g_mean_slides_Test_8_Test_graph_creation_of_g_mean_slide_vital_sign_mean_plot_">
      <skipped message="Reason: On CI ('test-g_mean_slides.R:94:3')"/>
    </testcase>
    <testcase time="0.0129999999999999" classname="g_mean_slides" name="g_mean_slides_Test_9_Test_error_of_general_function_g_mean_slide_"/>
  </testsuite>
  <testsuite name="gtsummary" timestamp="2026-09-08T07:22:04Z" hostname="d170e1d3bffc" tests="25" skipped="0" failures="0" errors="0" time="0.72">
    <testcase time="0.225999999999999" classname="gtsummary" name="decorate_dispatches_to_decorate.gtsummary_for_plain_tbl_summary"/>
    <testcase time="0.00200000000000067" classname="gtsummary" name="decorate_dispatches_to_decorate.gtsummary_for_plain_tbl_summary"/>
    <testcase time="0.00300000000000011" classname="gtsummary" name="decorate_dispatches_to_decorate.gtsummary_for_plain_tbl_summary"/>
    <testcase time="0.00200000000000067" classname="gtsummary" name="decorate_dispatches_to_decorate.gtsummary_for_plain_tbl_summary"/>
    <testcase time="0.00299999999999834" classname="gtsummary" name="decorate_dispatches_to_decorate.gtsummary_for_plain_tbl_summary"/>
    <testcase time="0.00200000000000067" classname="gtsummary" name="decorate_dispatches_to_decorate.gtsummary_for_plain_tbl_summary"/>
    <testcase time="0.00500000000000078" classname="gtsummary" name="decorate_dispatches_to_decorate.gtsummary_for_tbl_roche_summary_class"/>
    <testcase time="0.00199999999999889" classname="gtsummary" name="decorate_dispatches_to_decorate.gtsummary_for_tbl_roche_summary_class"/>
    <testcase time="0.00200000000000067" classname="gtsummary" name="decorate_dispatches_to_decorate.gtsummary_for_tbl_roche_summary_class"/>
    <testcase time="0.00200000000000067" classname="gtsummary" name="decorate_dispatches_to_decorate.gtsummary_for_tbl_roche_summary_class"/>
    <testcase time="0.00199999999999889" classname="gtsummary" name="decorate_dispatches_to_decorate.gtsummary_for_tbl_roche_summary_class"/>
    <testcase time="0.00200000000000067" classname="gtsummary" name="decorate_dispatches_to_decorate.gtsummary_for_tbl_roche_summary_class"/>
    <testcase time="0.00199999999999889" classname="gtsummary" name="decorate_dispatches_to_decorate.gtsummary_for_tbl_roche_summary_class"/>
    <testcase time="0.00300000000000011" classname="gtsummary" name="decorate_dispatches_to_decorate.gtsummary_for_tbl_roche_summary_class"/>
    <testcase time="0.00200000000000067" classname="gtsummary" name="decorate_dispatches_to_decorate.gtsummary_for_tbl_roche_summary_class"/>
    <testcase time="0.204000000000001" classname="gtsummary" name="to_flextable_returns_dflextable_with_title_for_dgtsummary"/>
    <testcase time="0.000999999999999446" classname="gtsummary" name="to_flextable_returns_dflextable_with_title_for_dgtsummary"/>
    <testcase time="0.00300000000000011" classname="gtsummary" name="to_flextable_returns_dflextable_with_title_for_dgtsummary"/>
    <testcase time="0.00199999999999889" classname="gtsummary" name="to_flextable_returns_dflextable_with_title_for_dgtsummary"/>
    <testcase time="0.00300000000000011" classname="gtsummary" name="to_flextable_returns_dflextable_with_title_for_dgtsummary"/>
    <testcase time="0.00200000000000067" classname="gtsummary" name="to_flextable_returns_dflextable_with_title_for_dgtsummary"/>
    <testcase time="0.000999999999999446" classname="gtsummary" name="to_flextable_returns_dflextable_with_title_for_dgtsummary"/>
    <testcase time="0.24" classname="gtsummary" name="gt_t_dm_slide_output_can_be_decorated"/>
    <testcase time="0.00200000000000067" classname="gtsummary" name="gt_t_dm_slide_output_can_be_decorated"/>
    <testcase time="0.00199999999999889" classname="gtsummary" name="gt_t_dm_slide_output_can_be_decorated"/>
  </testsuite>
  <testsuite name="helper_functions" timestamp="2026-09-08T07:22:05Z" hostname="d170e1d3bffc" tests="2" skipped="0" failures="0" errors="0" time="0.051">
    <testcase time="0.0100000000000016" classname="helper_functions" name="Test_some_functions_in_helper_functions.R"/>
    <testcase time="0.0409999999999986" classname="helper_functions" name="Test_some_functions_in_helper_functions.R"/>
  </testsuite>
  <testsuite name="l_ae_slide" timestamp="2026-09-08T07:22:05Z" hostname="d170e1d3bffc" tests="1" skipped="0" failures="0" errors="0" time="3.319">
    <testcase time="3.319" classname="l_ae_slide" name="Test_listing_creation_of_l_ae_slide_Adverse_Events_Listing_"/>
  </testsuite>
  <testsuite name="l_vs_slide" timestamp="2026-09-08T07:22:08Z" hostname="d170e1d3bffc" tests="3" skipped="0" failures="0" errors="0" time="0.719">
    <testcase time="0.159000000000001" classname="l_vs_slide" name="Test_listing_creation_of_l_vs_slide_Vital_Signs_Listing_"/>
    <testcase time="0.0949999999999989" classname="l_vs_slide" name="l_vs_slide_works_without_a_treatment_variable"/>
    <testcase time="0.465" classname="l_vs_slide" name="l_vs_slide_is_generated_correctly_from_the_spec.yml"/>
  </testsuite>
  <testsuite name="log" timestamp="2026-09-08T07:22:09Z" hostname="d170e1d3bffc" tests="2" skipped="0" failures="0" errors="0" time="0.009">
    <testcase time="0.00699999999999967" classname="log" name="Test_some_functions_in_log.R"/>
    <testcase time="0.00200000000000067" classname="log" name="Test_some_functions_in_log.R"/>
  </testsuite>
  <testsuite name="output-table-format" timestamp="2026-09-08T07:22:09Z" hostname="d170e1d3bffc" tests="5" skipped="0" failures="0" errors="0" time="2.714">
    <testcase time="0.602" classname="output_table_format" name="save_an_autoslider_output"/>
    <testcase time="0.458" classname="output_table_format" name="save_an_autoslider_output"/>
    <testcase time="0.504" classname="output_table_format" name="save_an_autoslider_output"/>
    <testcase time="0.527999999999999" classname="output_table_format" name="save_an_autoslider_output"/>
    <testcase time="0.622" classname="output_table_format" name="save_an_autoslider_output"/>
  </testsuite>
  <testsuite name="save_output" timestamp="2026-09-08T07:22:11Z" hostname="d170e1d3bffc" tests="11" skipped="0" failures="0" errors="0" time="3.075">
    <testcase time="0.179000000000002" classname="save_output" name="save_an_output"/>
    <testcase time="0.222000000000001" classname="save_output" name="Test_save_output_Save_an_Output_"/>
    <testcase time="0.441999999999997" classname="save_output" name="Test_save_output_Save_an_Output_"/>
    <testcase time="0.241000000000003" classname="save_output" name="save_an_output"/>
    <testcase time="0.508999999999997" classname="save_output" name="save_an_output"/>
    <testcase time="0.921000000000003" classname="save_output" name="save_outputs_writes_rds_files_for_a_list_of_outputs"/>
    <testcase time="0.00199999999999889" classname="save_output" name="save_outputs_writes_rds_files_for_a_list_of_outputs"/>
    <testcase time="0.00300000000000011" classname="save_output" name="save_outputs_writes_rds_files_for_a_list_of_outputs"/>
    <testcase time="0.547999999999998" classname="save_output" name="save_outputs_errors_on_a_multi_element_generic_suffix"/>
    <testcase time="0.00600000000000023" classname="save_output" name="save_outputs_handles_autoslider_error_outputs_gracefully"/>
    <testcase time="0.00200000000000244" classname="save_output" name="save_outputs_handles_autoslider_error_outputs_gracefully"/>
  </testsuite>
  <testsuite name="slides_preview" timestamp="2026-09-08T07:22:14Z" hostname="d170e1d3bffc" tests="3" skipped="0" failures="0" errors="0" time="0.395">
    <testcase time="0.375999999999998" classname="slides_preview" name="Test_slides_preview"/>
    <testcase time="0.0100000000000016" classname="slides_preview" name="Test_slides_preview"/>
    <testcase time="0.00900000000000034" classname="slides_preview" name="Test_slides_preview"/>
  </testsuite>
  <testsuite name="srep_outputs" timestamp="2026-09-08T07:22:15Z" hostname="d170e1d3bffc" tests="3" skipped="0" failures="0" errors="0" time="80.863">
    <testcase time="1.783" classname="srep_outputs" name="Listing_print_correctly">
      <system-out>Non-unique sibling analysis table names. Using Labels instead. Use the table_names argument to analyze to avoid this when analyzing the same variable multiple times.
	occured at (row) path: root
Backtrace:
     x
  1. +-... %&gt;% ... at test-srep_outputs.R:17:3
  2. +-autoslider.core::decorate_outputs(., version_label = NULL, for_test = TRUE)
  3. | \-base::lapply(...)
  4. \-autoslider.core::generate_outputs(., datasets = testdata)
  5.   \-base::lapply(...)
  6.     \-autoslider.core (local) FUN(X[[i]], ...)
  7.       \-autoslider.core::fastDoCall(generate_output, args)
  8.         \-base::eval(call, envir = args, enclos = envir)
  9.           \-base::eval(call, envir = args, enclos = envir)
 10.             \-autoslider.core::generate_output(...)
 11.               +-base::tryCatch(...)
 12.               | \-base (local) tryCatchList(expr, classes, parentenv, handlers)
 13.               |   \-base (local) tryCatchOne(expr, names, parentenv, handlers[[1L]])
 14.               |     \-base (local) doTryCatch(return(expr), name, parentenv, handler)
 15.               \-autoslider.core (local) func(...)
 16.                 \-autoslider.core::fastDoCall(...)
 17.                   \-base::eval(call, envir = args, enclos = envir)
 18.                     \-base::eval(call, envir = args, enclos = envir)
 19.                       \-autoslider.core (local) func(...)
 20.                         \-rtables::build_table(lyt, df = anl, alt_counts_df = adsl)
 21.                           \-base::lapply(...)
 22.                             \-rtables (local) FUN(X[[i]], ...)
 23.                               \-rtables:::recursive_applysplit(...)
 24.                                 +-rtables:::.make_split_kids(...)
 25.                                 \-rtables:::.make_split_kids(...)
 26.                                   \-rtables (local) .local(spl, have_controws, make_lrow, ...)</system-out>
    </testcase>
    <testcase time="78.864" classname="srep_outputs" name="Listing_print_correctly"/>
    <testcase time="0.216000000000008" classname="srep_outputs" name="Listing_print_correctly"/>
  </testsuite>
  <testsuite name="t_ae_pt_diff_slide" timestamp="2026-09-08T07:23:36Z" hostname="d170e1d3bffc" tests="9" skipped="0" failures="0" errors="0" time="1.433">
    <testcase time="0.135999999999996" classname="t_ae_pt_diff_slide" name="Test_table_creation_of_t_ae_pt_diff_slide_safety_summary_table_"/>
    <testcase time="0.120999999999995" classname="t_ae_pt_diff_slide" name="Test_table_creation_of_t_ae_pt_diff_slide_safety_summary_table_prune_by_total_2"/>
    <testcase time="0.233000000000004" classname="t_ae_pt_diff_slide" name="Test_table_creation_of_t_ae_pt_slide_safety_summary_table_prune_by_total_2"/>
    <testcase time="0.143999999999991" classname="t_ae_pt_diff_slide" name="Test_table_creation_of_t_ae_pt_slide_safety_summary_table_prune_by_total_2"/>
    <testcase time="0.25500000000001" classname="t_ae_pt_diff_slide" name="Test_table_creation_of_t_ae_pt_slide_safety_summary_table_prune_by_total_2"/>
    <testcase time="0.170000000000002" classname="t_ae_pt_diff_slide" name="Test_table_creation_of_t_ae_pt_slide_safety_summary_table_prune_by_total_2"/>
    <testcase time="0.090999999999994" classname="t_ae_pt_diff_slide" name="Test_table_creation_of_t_ae_pt_diff_slide_safety_summary_table_"/>
    <testcase time="0.233000000000004" classname="t_ae_pt_diff_slide" name="Test_table_creation_of_t_ae_pt_slide_safety_summary_table_prune_by_total_2"/>
    <testcase time="0.0499999999999972" classname="t_ae_pt_diff_slide" name="Test_table_creation_of_t_ae_pt_diff_slide_with_null_report"/>
  </testsuite>
  <testsuite name="t_ae_pt_slide" timestamp="2026-09-08T07:23:37Z" hostname="d170e1d3bffc" tests="6" skipped="0" failures="0" errors="0" time="1.329">
    <testcase time="0.149000000000001" classname="t_ae_pt_slide" name="Test_table_creation_of_t_ae_pt_slide_safety_summary_table_"/>
    <testcase time="0.141000000000005" classname="t_ae_pt_slide" name="Test_table_creation_of_t_ae_pt_slide_safety_summary_table_prune_by_total_28"/>
    <testcase time="0.137999999999991" classname="t_ae_pt_slide" name="Test_table_creation_of_t_ae_pt_slide_safety_summary_table_prune_by_total_30"/>
    <testcase time="0.325000000000003" classname="t_ae_pt_slide" name="Test_table_creation_of_t_ae_pt_soc_slide_safety_summary_table_"/>
    <testcase time="0.307000000000002" classname="t_ae_pt_slide" name="Test_table_creation_of_t_ae_pt_soc_slide_safety_summary_table_prune_by_total_28"/>
    <testcase time="0.268999999999991" classname="t_ae_pt_slide" name="Test_table_creation_of_t_ae_pt_soc_slide_safety_summary_table_prune_by_total_30"/>
  </testsuite>
  <testsuite name="t_ae_pt_soc_diff_slide" timestamp="2026-09-08T07:23:38Z" hostname="d170e1d3bffc" tests="7" skipped="0" failures="0" errors="0" time="2.558">
    <testcase time="0.272000000000006" classname="t_ae_pt_soc_diff_slide" name="Test_table_creation_of_t_ae_pt_soc_diff_slide_safety_summary_table_"/>
    <testcase time="0.256" classname="t_ae_pt_soc_diff_slide" name="Test_table_creation_of_t_ae_pt_soc_diff_slide_safety_summary_table_prune_by_total_2"/>
    <testcase time="0.533000000000001" classname="t_ae_pt_soc_diff_slide" name="Test_table_creation_of_t_ae_pt_soc_diff_slide_safety_summary_table_prune_by_total_2"/>
    <testcase time="0.307999999999993" classname="t_ae_pt_soc_diff_slide" name="Test_table_creation_of_t_ae_pt_soc_diff_slide_safety_summary_table_prune_by_total_2"/>
    <testcase time="0.522000000000006" classname="t_ae_pt_soc_diff_slide" name="Test_table_creation_of_t_ae_pt_soc_diff_slide_safety_summary_table_prune_by_total_2"/>
    <testcase time="0.445999999999998" classname="t_ae_pt_soc_diff_slide" name="Test_table_creation_of_t_ae_pt_soc_diff_slide_safety_summary_table_prune_by_total_2"/>
    <testcase time="0.221000000000004" classname="t_ae_pt_soc_diff_slide" name="Test_table_creation_of_t_ae_pt_soc_diff_slide_safety_summary_table_"/>
  </testsuite>
  <testsuite name="t_ae_slide" timestamp="2026-09-08T07:23:41Z" hostname="d170e1d3bffc" tests="2" skipped="0" failures="0" errors="0" time="0.616">
    <testcase time="0.572000000000003" classname="t_ae_slide" name="Test_adverse_event_table_creation_of_t_ae_slide_Adverse_Events_for_Patient_"/>
    <testcase time="0.0439999999999969" classname="t_ae_slide" name="Test_adverse_event_table_creation_of_t_ae_slide_with_null_report"/>
  </testsuite>
  <testsuite name="t_ae_summary_slide" timestamp="2026-09-08T07:23:42Z" hostname="d170e1d3bffc" tests="4" skipped="0" failures="0" errors="0" time="1.018">
    <testcase time="0.450999999999993" classname="t_ae_summary_slide" name="Test_table_creation_of_t_ae_summ_slide_safety_summary_table_"/>
    <testcase time="0.475000000000009" classname="t_ae_summary_slide" name="Test_table_creation_of_t_ae_summ_slide_safety_summary_table_"/>
    <testcase time="0.0309999999999917" classname="t_ae_summary_slide" name="Test_t_ae_summ_slide_with_expected_Error"/>
    <testcase time="0.061000000000007" classname="t_ae_summary_slide" name="Test_t_ae_summ_slide_with_null_report"/>
  </testsuite>
  <testsuite name="t_aesi_slide" timestamp="2026-09-08T07:23:43Z" hostname="d170e1d3bffc" tests="5" skipped="0" failures="0" errors="0" time="1.149">
    <testcase time="0.394999999999996" classname="t_aesi_slide" name="Test_table_creation_of_t_aesi_slide_AESI_summary_table_with_AETOXGR_grading"/>
    <testcase time="0.363" classname="t_aesi_slide" name="Test_table_creation_of_t_aesi_slide_AESI_summary_table_with_AESEV_grading"/>
    <testcase time="0.362000000000009" classname="t_aesi_slide" name="Test_table_creation_of_t_aesi_slide_AESI_summary_table_with_custom_AEGRP_grouping"/>
    <testcase time="0.00699999999999079" classname="t_aesi_slide" name="Test_table_creation_of_t_aesi_slide_with_no_aesi_var_given"/>
    <testcase time="0.0220000000000056" classname="t_aesi_slide" name="Test_table_creation_of_t_aesi_slide_with_aesi_var_not_found_in_dataset"/>
  </testsuite>
  <testsuite name="t_dd_slide" timestamp="2026-09-08T07:23:44Z" hostname="d170e1d3bffc" tests="6" skipped="0" failures="0" errors="0" time="0.854">
    <testcase time="0.141999999999996" classname="t_dd_slide" name="Test_table_creation_of_t_dd_slide_death_table_"/>
    <testcase time="0.0259999999999962" classname="t_dd_slide" name="Test_t_dd_slide_table_with_expected_Error"/>
    <testcase time="0.0310000000000059" classname="t_dd_slide" name="Test_table_creation_of_with_null_report"/>
    <testcase time="0.170000000000002" classname="t_dd_slide" name="Test_table_creation_of_t_dd_slide_death_table_"/>
    <testcase time="0.269999999999996" classname="t_dd_slide" name="Test_table_creation_of_t_dd_slide_death_table_"/>
    <testcase time="0.215000000000003" classname="t_dd_slide" name="Test_table_creation_of_t_dd_slide_death_table_"/>
  </testsuite>
  <testsuite name="t_dm_slide" timestamp="2026-09-08T07:23:45Z" hostname="d170e1d3bffc" tests="6" skipped="0" failures="0" errors="0" time="3.413">
    <testcase time="0.284999999999997" classname="t_dm_slide" name="Test_demographic_table_creation_of_t_dm_slide"/>
    <testcase time="0.600000000000009" classname="t_dm_slide" name="Test_demographic_table_creation_of_t_dm_slide"/>
    <testcase time="0.570999999999998" classname="t_dm_slide" name="Test_demographic_table_creation_of_t_dm_slide"/>
    <testcase time="0.366" classname="t_dm_slide" name="Test_demographic_table_creation_of_t_dm_slide"/>
    <testcase time="1.10199999999999" classname="t_dm_slide" name="Test_demographic_table_creation_of_t_dm_slide"/>
    <testcase time="0.489000000000004" classname="t_dm_slide" name="Test_demographic_table_creation_of_t_dm_slide"/>
  </testsuite>
  <testsuite name="t_dor_slide" timestamp="2026-09-08T07:23:48Z" hostname="d170e1d3bffc" tests="2" skipped="0" failures="0" errors="0" time="0.236">
    <testcase time="0.120999999999995" classname="t_dor_slide" name="Test_DOR_table_when_time_unit_is_DAYS_"/>
    <testcase time="0.115000000000009" classname="t_dor_slide" name="Test_DOR_table_when_time_unit_is_YEARS_"/>
  </testsuite>
  <testsuite name="t_ds_slide" timestamp="2026-09-08T07:23:48Z" hostname="d170e1d3bffc" tests="5" skipped="0" failures="0" errors="0" time="1.653">
    <testcase time="0.206000000000003" classname="t_ds_slide" name="Test_table_creation_of_t_ds_slide"/>
    <testcase time="0.424999999999997" classname="t_ds_slide" name="Test_table_creation_of_t_ds_slide"/>
    <testcase time="0.256999999999991" classname="t_ds_slide" name="Test_table_creation_of_t_ds_slide"/>
    <testcase time="0.435000000000002" classname="t_ds_slide" name="Test_table_creation_of_t_ds_slide"/>
    <testcase time="0.329999999999998" classname="t_ds_slide" name="Test_table_creation_of_t_ds_slide"/>
  </testsuite>
  <testsuite name="template" timestamp="2026-09-08T07:23:50Z" hostname="d170e1d3bffc" tests="44" skipped="0" failures="0" errors="0" time="0.489">
    <testcase time="0.0100000000000051" classname="template" name="list_all_templates_test_1_returns_all_available_templates"/>
    <testcase time="0.00600000000000023" classname="template" name="use_template_test_2_saving_when_no_path_is_specified">
      <system-out>cannot remove file 'programs/R/tryout.R', reason 'No such file or directory'
Backtrace:
    x
 1. \-base::file.remove(file_location) at test-template.R:19:3</system-out>
    </testcase>
    <testcase time="0.0169999999999959" classname="template" name="use_template_test_2_saving_when_no_path_is_specified"/>
    <testcase time="0.00600000000000023" classname="template" name="use_template_test_2_saving_when_no_path_is_specified"/>
    <testcase time="0.0130000000000052" classname="template" name="use_template_test_2_saving_when_no_path_is_specified"/>
    <testcase time="0.00400000000000489" classname="template" name="use_template_test_3_create_folder_when_it_does_not_exist"/>
    <testcase time="0.00600000000000023" classname="template" name="use_template_test_3_create_folder_when_it_does_not_exist"/>
    <testcase time="0.00199999999999534" classname="template" name="use_template_test_3_create_folder_when_it_does_not_exist"/>
    <testcase time="0.201999999999998" classname="template" name="use_template_test_4_expected_errors"/>
    <testcase time="0.00600000000000023" classname="template" name="use_template_test_4_expected_errors"/>
    <testcase time="0.00900000000000034" classname="template" name="use_template_test_5_when_template_is_contained_in_autoslideR"/>
    <testcase time="0.0160000000000053" classname="template" name="use_template_test_6_invalid_template"/>
    <testcase time="0.00900000000000034" classname="template" name="use_template_test_7_all_templates"/>
    <testcase time="0.00399999999999068" classname="template" name="use_template_test_7_all_templates"/>
    <testcase time="0.00500000000000966" classname="template" name="use_template_test_7_all_templates"/>
    <testcase time="0.00499999999999545" classname="template" name="use_template_test_7_all_templates"/>
    <testcase time="0.00499999999999545" classname="template" name="use_template_test_7_all_templates"/>
    <testcase time="0.00500000000000966" classname="template" name="use_template_test_7_all_templates"/>
    <testcase time="0.00499999999999545" classname="template" name="use_template_test_7_all_templates"/>
    <testcase time="0.00499999999999545" classname="template" name="use_template_test_7_all_templates"/>
    <testcase time="0.00500000000000966" classname="template" name="use_template_test_7_all_templates"/>
    <testcase time="0.00499999999999545" classname="template" name="use_template_test_7_all_templates"/>
    <testcase time="0.00499999999999545" classname="template" name="use_template_test_7_all_templates"/>
    <testcase time="0.00499999999999545" classname="template" name="use_template_test_7_all_templates"/>
    <testcase time="0.00500000000000966" classname="template" name="use_template_test_7_all_templates"/>
    <testcase time="0.00499999999999545" classname="template" name="use_template_test_7_all_templates"/>
    <testcase time="0.00499999999999545" classname="template" name="use_template_test_7_all_templates"/>
    <testcase time="0.00500000000000966" classname="template" name="use_template_test_7_all_templates"/>
    <testcase time="0.00799999999999557" classname="template" name="use_template_test_5_all_templates"/>
    <testcase time="0.00400000000000489" classname="template" name="use_template_test_5_all_templates"/>
    <testcase time="0.00499999999999545" classname="template" name="use_template_test_5_all_templates"/>
    <testcase time="0.00499999999999545" classname="template" name="use_template_test_5_all_templates"/>
    <testcase time="0.00500000000000966" classname="template" name="use_template_test_5_all_templates"/>
    <testcase time="0.00499999999999545" classname="template" name="use_template_test_5_all_templates"/>
    <testcase time="0.00499999999999545" classname="template" name="use_template_test_5_all_templates"/>
    <testcase time="0.00500000000000966" classname="template" name="use_template_test_5_all_templates"/>
    <testcase time="0.00499999999999545" classname="template" name="use_template_test_5_all_templates"/>
    <testcase time="0.00499999999999545" classname="template" name="use_template_test_5_all_templates"/>
    <testcase time="0.00500000000000966" classname="template" name="use_template_test_5_all_templates"/>
    <testcase time="0.00499999999999545" classname="template" name="use_template_test_5_all_templates"/>
    <testcase time="0.00400000000000489" classname="template" name="use_template_test_5_all_templates"/>
    <testcase time="0.0319999999999965" classname="template" name="use_template_test_5_all_templates"/>
    <testcase time="0.00600000000000023" classname="template" name="use_template_test_5_all_templates"/>
    <testcase time="0.00499999999999545" classname="template" name="use_template_test_5_all_templates"/>
  </testsuite>
  <testsuite name="toslide" timestamp="2026-09-08T07:23:50Z" hostname="d170e1d3bffc" tests="2" skipped="0" failures="0" errors="0" time="2.1">
    <testcase time="1.304" classname="toslide" name="Test_layout_is_in_layout"/>
    <testcase time="0.796000000000006" classname="toslide" name="Test_layout_is_in_layout"/>
  </testsuite>
  <testsuite name="util" timestamp="2026-09-08T07:23:53Z" hostname="d170e1d3bffc" tests="64" skipped="0" failures="0" errors="0" time="0.212">
    <testcase time="0.00900000000000034" classname="util" name="Test_some_functions_in_util.R"/>
    <testcase time="0.00199999999999534" classname="util" name="Test_some_functions_in_util.R"/>
    <testcase time="0.000999999999990564" classname="util" name="Test_some_functions_in_util.R"/>
    <testcase time="0.00100000000000477" classname="util" name="Test_some_functions_in_util.R"/>
    <testcase time="0.00100000000000477" classname="util" name="Test_some_functions_in_util.R"/>
    <testcase time="0.00199999999999534" classname="util" name="Test_some_functions_in_util.R"/>
    <testcase time="0.00600000000000023" classname="util" name="Test_some_functions_in_util.R">
      <system-out>running command 'git remote -v' had status 128 and error message 'Function not implemented'
Backtrace:
     x
  1. +-testthat::expect_no_error(get_remote_url()) at test-util.R:12:3
  2. | \-testthat:::expect_no_(...)
  3. |   \-testthat:::quasi_capture(enquo(object), NULL, capture)
  4. |     +-testthat (local) .capture(...)
  5. |     | +-base::withRestarts(...)
  6. |     | | \-base (local) withOneRestart(expr, restarts[[1L]])
  7. |     | |   \-base (local) doWithOneRestart(return(expr), restart)
  8. |     | \-base::withCallingHandlers(...)
  9. |     \-rlang::eval_bare(quo_get_expr(.quo), quo_get_env(.quo))
 10. \-autoslider.core:::get_remote_url()
 11.   \-base::system("git remote -v", intern = TRUE)</system-out>
    </testcase>
    <testcase time="0.007000000000005" classname="util" name="Test_some_functions_in_util.R"/>
    <testcase time="0.00499999999999545" classname="util" name="Test_some_functions_in_util.R">
      <system-out>running command 'git rev-parse HEAD' had status 128 and error message 'Function not implemented'
Backtrace:
     x
  1. +-testthat::expect_no_error(get_last_gitcommit_sha()) at test-util.R:13:3
  2. | \-testthat:::expect_no_(...)
  3. |   \-testthat:::quasi_capture(enquo(object), NULL, capture)
  4. |     +-testthat (local) .capture(...)
  5. |     | +-base::withRestarts(...)
  6. |     | | \-base (local) withOneRestart(expr, restarts[[1L]])
  7. |     | |   \-base (local) doWithOneRestart(return(expr), restart)
  8. |     | \-base::withCallingHandlers(...)
  9. |     \-rlang::eval_bare(quo_get_expr(.quo), quo_get_env(.quo))
 10. \-autoslider.core:::get_last_gitcommit_sha()
 11.   \-base::system("git rev-parse HEAD", intern = TRUE)</system-out>
    </testcase>
    <testcase time="0.007000000000005" classname="util" name="Test_some_functions_in_util.R"/>
    <testcase time="0.00600000000000023" classname="util" name="Test_some_functions_in_util.R">
      <system-out>running command 'git rev-parse --abbrev-ref HEAD' had status 128 and error message 'Function not implemented'
Backtrace:
     x
  1. +-testthat::expect_no_error(get_repo_head_name()) at test-util.R:14:3
  2. | \-testthat:::expect_no_(...)
  3. |   \-testthat:::quasi_capture(enquo(object), NULL, capture)
  4. |     +-testthat (local) .capture(...)
  5. |     | +-base::withRestarts(...)
  6. |     | | \-base (local) withOneRestart(expr, restarts[[1L]])
  7. |     | |   \-base (local) doWithOneRestart(return(expr), restart)
  8. |     | \-base::withCallingHandlers(...)
  9. |     \-rlang::eval_bare(quo_get_expr(.quo), quo_get_env(.quo))
 10. \-autoslider.core:::get_repo_head_name()
 11.   \-base::system("git rev-parse --abbrev-ref HEAD", intern = TRUE)</system-out>
    </testcase>
    <testcase time="0.00699999999999079" classname="util" name="Test_some_functions_in_util.R"/>
    <testcase time="0.00400000000000489" classname="util" name="Test_some_functions_in_util.R"/>
    <testcase time="0.00199999999999534" classname="util" name="Test_some_functions_in_util.R"/>
    <testcase time="0.00200000000000955" classname="util" name="Test_some_functions_in_util.R"/>
    <testcase time="0.000999999999990564" classname="util" name="Test_some_functions_in_util.R"/>
    <testcase time="0.00100000000000477" classname="util" name="Test_some_functions_in_util.R"/>
    <testcase time="0.00100000000000477" classname="util" name="Test_some_functions_in_util.R"/>
    <testcase time="0.00300000000000011" classname="util" name="Test_some_functions_in_util.R_validate_paper_size_works_correctly"/>
    <testcase time="0.00199999999999534" classname="util" name="Test_some_functions_in_util.R_validate_paper_size_works_correctly"/>
    <testcase time="0.00199999999999534" classname="util" name="Test_some_functions_in_util.R_validate_paper_size_works_correctly"/>
    <testcase time="0.00500000000000966" classname="util" name="Test_some_functions_in_util.R_validate_paper_size_works_correctly"/>
    <testcase time="0.00399999999999068" classname="util" name="Test_some_functions_in_util.R_validate_paper_size_works_correctly"/>
    <testcase time="0.00500000000000966" classname="util" name="Test_some_functions_in_util.R_validate_paper_size_works_correctly"/>
    <testcase time="0.00499999999999545" classname="util" name="Test_some_functions_in_util.R_validate_paper_size_works_correctly"/>
    <testcase time="0.007000000000005" classname="util" name="Test_some_functions_in_util.R_Legacy_warning_functions_work_as_expected"/>
    <testcase time="0.00199999999999534" classname="util" name="Test_some_functions_in_util.R_Legacy_warning_functions_work_as_expected"/>
    <testcase time="0.00499999999999545" classname="util" name="Test_some_functions_in_util.R_Legacy_warning_functions_work_as_expected"/>
    <testcase time="0.00100000000000477" classname="util" name="Test_some_functions_in_util.R_Legacy_warning_functions_work_as_expected"/>
    <testcase time="0.00399999999999068" classname="util" name="Test_some_functions_in_util.R_Legacy_warning_functions_work_as_expected"/>
    <testcase time="0.00500000000000966" classname="util" name="Test_some_functions_in_util.R_vbar2newline_correctly_replaces_vertical_bars"/>
    <testcase time="0.00300000000000011" classname="util" name="Test_some_functions_in_util.R_vbar2newline_correctly_replaces_vertical_bars"/>
    <testcase time="0.00300000000000011" classname="util" name="Test_some_functions_in_util.R_vbar2newline_correctly_replaces_vertical_bars"/>
    <testcase time="0.00199999999999534" classname="util" name="Test_some_functions_in_util.R_vbar2newline_correctly_replaces_vertical_bars"/>
    <testcase time="0.00300000000000011" classname="util" name="Test_some_functions_in_util.R_vbar2newline_correctly_replaces_vertical_bars"/>
    <testcase time="0.00499999999999545" classname="util" name="Test_some_functions_in_util.R_munge_spaces_correctly_replaces_various_whitespace"/>
    <testcase time="0.00300000000000011" classname="util" name="Test_some_functions_in_util.R_munge_spaces_correctly_replaces_various_whitespace"/>
    <testcase time="0.00199999999999534" classname="util" name="Test_some_functions_in_util.R_munge_spaces_correctly_replaces_various_whitespace"/>
    <testcase time="0.00300000000000011" classname="util" name="Test_some_functions_in_util.R_munge_spaces_correctly_replaces_various_whitespace"/>
    <testcase time="0.00200000000000955" classname="util" name="Test_some_functions_in_util.R_munge_spaces_correctly_replaces_various_whitespace"/>
    <testcase time="0.00499999999999545" classname="util" name="Test_some_functions_in_util.R_split_chunk_correctly_splits_text_into_words"/>
    <testcase time="0.00199999999999534" classname="util" name="Test_some_functions_in_util.R_split_chunk_correctly_splits_text_into_words"/>
    <testcase time="0.00200000000000955" classname="util" name="Test_some_functions_in_util.R_split_chunk_correctly_splits_text_into_words"/>
    <testcase time="0.00199999999999534" classname="util" name="Test_some_functions_in_util.R_split_chunk_correctly_splits_text_into_words"/>
    <testcase time="0.00300000000000011" classname="util" name="Test_some_functions_in_util.R_split_chunk_correctly_splits_text_into_words"/>
    <testcase time="0.00400000000000489" classname="util" name="Test_some_functions_in_util.R_wrap_chunk_wraps_text_correctly"/>
    <testcase time="0.00199999999999534" classname="util" name="Test_some_functions_in_util.R_wrap_chunk_wraps_text_correctly"/>
    <testcase time="0.00300000000000011" classname="util" name="Test_some_functions_in_util.R_wrap_chunk_wraps_text_correctly"/>
    <testcase time="0.00199999999999534" classname="util" name="Test_some_functions_in_util.R_wrap_chunk_wraps_text_correctly"/>
    <testcase time="0.00200000000000955" classname="util" name="Test_some_functions_in_util.R_wrap_chunk_wraps_text_correctly"/>
    <testcase time="0.00199999999999534" classname="util" name="Test_some_functions_in_util.R_wrap_chunk_wraps_text_correctly"/>
    <testcase time="0.00600000000000023" classname="util" name="Test_some_functions_in_util.R_git_footnote_returns_repo"/>
    <testcase time="0.00400000000000489" classname="util" name="Test_some_functions_in_util.R_create_new_reporting_event"/>
    <testcase time="0.00199999999999534" classname="util" name="Test_some_functions_in_util.R_create_new_reporting_event"/>
    <testcase time="0.00400000000000489" classname="util" name="Test_some_functions_in_util.R_create_output_name"/>
    <testcase time="0.00300000000000011" classname="util" name="Test_some_functions_in_util.R_create_output_name"/>
    <testcase time="0.00199999999999534" classname="util" name="Test_some_functions_in_util.R_create_output_name"/>
    <testcase time="0.00199999999999534" classname="util" name="Test_some_functions_in_util.R_create_output_name"/>
    <testcase time="0.00500000000000966" classname="util" name="Test_some_functions_in_util.R_text_wrap_cut_works_correctly"/>
    <testcase time="0.00199999999999534" classname="util" name="Test_some_functions_in_util.R_text_wrap_cut_works_correctly"/>
    <testcase time="0.00300000000000011" classname="util" name="Test_some_functions_in_util.R_text_wrap_cut_works_correctly"/>
    <testcase time="0.00199999999999534" classname="util" name="Test_some_functions_in_util.R_text_wrap_cut_works_correctly"/>
    <testcase time="0.00500000000000966" classname="util" name="Test_some_functions_in_util.R_text_wrap_cut_keepreturn_respects_existing_newlines"/>
    <testcase time="0.00199999999999534" classname="util" name="Test_some_functions_in_util.R_text_wrap_cut_keepreturn_respects_existing_newlines"/>
  </testsuite>
  <testsuite name="ai" timestamp="2026-09-08T07:23:53Z" hostname="d170e1d3bffc" tests="2" skipped="2" failures="0" errors="0" time="0.04">
    <testcase time="0.0280000000000058" classname="ai" name="Listing_print_correctly">
      <skipped message="Reason: Sys.which(&quot;ollama&quot;) == &quot;&quot; is TRUE ('test_ai.R:4:3')"/>
    </testcase>
    <testcase time="0.0120000000000005" classname="ai" name="using_ollama">
      <skipped message="Reason: Sys.which(&quot;ollama&quot;) == &quot;&quot; is TRUE ('test_ai.R:60:3')"/>
    </testcase>
  </testsuite>
  <testsuite name="format_date" timestamp="2026-09-08T07:23:53Z" hostname="d170e1d3bffc" tests="5" skipped="0" failures="0" errors="0" time="0.157">
    <testcase time="0.120999999999995" classname="format_date" name="Test_format_date"/>
    <testcase time="0.0109999999999957" classname="format_date" name="Test_format_date"/>
    <testcase time="0.007000000000005" classname="format_date" name="Test_format_date"/>
    <testcase time="0.00900000000000034" classname="format_date" name="Test_format_date"/>
    <testcase time="0.00900000000000034" classname="format_date" name="Test_format_date"/>
  </testsuite>
</testsuites>
